[ 2013-08-24T09:50:04+08:00 ] 127.0.0.1 /fridaysystem/2/index.php/DataCrate/Run
ERR: 无法加载模块:DataCrate

[ 2013-08-24T10:12:45+08:00 ] 127.0.0.1 /fridaysystem/2/index.php/Login/CheckLogin
INFO: [ app_begin ] --START--
INFO: ReadHtmlCache Behavior ::run [ RunTime:0.000787s ]
INFO: [ app_begin ] --END-- [ RunTime:0.000859s ]
SQL: SHOW COLUMNS FROM `admin` [ RunTime:0.052108s ]
SQL: SELECT * FROM `admin` WHERE ( `admin_account` = 'xtuone' ) LIMIT 1   [ RunTime:0.078175s ]

[ 2013-08-24T10:15:23+08:00 ] 127.0.0.1 /fridaysystem/2/index.php/Login/CheckLogin
INFO: [ app_begin ] --START--
INFO: ReadHtmlCache Behavior ::run [ RunTime:0.000534s ]
INFO: [ app_begin ] --END-- [ RunTime:0.000608s ]
SQL: SHOW COLUMNS FROM `admin` [ RunTime:0.051431s ]
SQL: SELECT * FROM `admin` WHERE ( `admin_account` = 'xtuone' ) LIMIT 1   [ RunTime:0.049678s ]

[ 2013-08-24T10:15:28+08:00 ] 127.0.0.1 /fridaysystem/2/index.php/DataMessage/SchoolMonthNum
INFO: [ app_begin ] --START--
INFO: ReadHtmlCache Behavior ::run [ RunTime:0.001161s ]
INFO: [ app_begin ] --END-- [ RunTime:0.001301s ]

[ 2013-08-24T10:15:34+08:00 ] 127.0.0.1 /fridaysystem/2/index.php/DataMessage/SchoolMonthNum
INFO: [ app_begin ] --START--
INFO: ReadHtmlCache Behavior ::run [ RunTime:0.000608s ]
INFO: [ app_begin ] --END-- [ RunTime:0.000680s ]

[ 2013-08-24T10:15:37+08:00 ] 127.0.0.1 /fridaysystem/2/index.php/DataMessage/WeekData
INFO: [ app_begin ] --START--
INFO: ReadHtmlCache Behavior ::run [ RunTime:0.000582s ]
INFO: [ app_begin ] --END-- [ RunTime:0.000665s ]

[ 2013-08-24T10:15:47+08:00 ] 127.0.0.1 /fridaysystem/2/index.php/DataMessage/SchoolMonthNum
INFO: [ app_begin ] --START--
INFO: ReadHtmlCache Behavior ::run [ RunTime:0.000760s ]
INFO: [ app_begin ] --END-- [ RunTime:0.000867s ]

[ 2013-08-24T10:15:57+08:00 ] 127.0.0.1 /fridaysystem/2/index.php/DataMessage/MonthAddNum
INFO: [ app_begin ] --START--
INFO: ReadHtmlCache Behavior ::run [ RunTime:0.000755s ]
INFO: [ app_begin ] --END-- [ RunTime:0.000847s ]
SQL: SHOW COLUMNS FROM `data_message` [ RunTime:0.049220s ]
ERR: 1146:Table 'fridaysystem.data_message' doesn't exist
 [ SQL语句 ] : SHOW COLUMNS FROM `data_message`
NOTIC: [8] Undefined index: db_dsn D:\work_space\www\fridaysystem\2\include\Lib\Core\Db.class.php 第 129 行.
NOTIC: [8] Undefined index: db_params D:\work_space\www\fridaysystem\2\include\Lib\Core\Db.class.php 第 130 行.
SQL: SELECT COUNT(student.id) AS AddNum, DATE_FORMAT(addTime, "%y-%m") AS month FROM student WHERE schoolId = '1001' GROUP BY DATE_FORMAT(addTime,"%y%m") [ RunTime:0.625140s ]

[ 2013-08-24T10:16:07+08:00 ] 127.0.0.1 /fridaysystem/2/index.php/DataMessage/MonthAddRate
INFO: [ app_begin ] --START--
INFO: ReadHtmlCache Behavior ::run [ RunTime:0.000768s ]
INFO: [ app_begin ] --END-- [ RunTime:0.000880s ]
SQL: SHOW COLUMNS FROM `data_message` [ RunTime:0.063137s ]
ERR: 1146:Table 'fridaysystem.data_message' doesn't exist
 [ SQL语句 ] : SHOW COLUMNS FROM `data_message`
NOTIC: [8] Undefined index: db_dsn D:\work_space\www\fridaysystem\2\include\Lib\Core\Db.class.php 第 129 行.
NOTIC: [8] Undefined index: db_params D:\work_space\www\fridaysystem\2\include\Lib\Core\Db.class.php 第 130 行.
SQL: SELECT COUNT(id) AS studentNum FROM student WHERE schoolId = '1001' [ RunTime:0.321630s ]
SQL: SELECT COUNT(student.id) AS AddNum, DATE_FORMAT(addTime, "%y-%m") AS month FROM student WHERE schoolId = '1001' GROUP BY DATE_FORMAT(addTime,"%y%m") [ RunTime:0.969740s ]

[ 2013-08-24T10:18:08+08:00 ] 127.0.0.1 /fridaysystem/2/index.php/DataMessage/SchoolMonthNum
INFO: [ app_begin ] --START--
INFO: ReadHtmlCache Behavior ::run [ RunTime:0.000741s ]
INFO: [ app_begin ] --END-- [ RunTime:0.000845s ]

[ 2013-08-24T10:18:12+08:00 ] 127.0.0.1 /fridaysystem/2/index.php/DataMessage/WeekDataRate
INFO: [ app_begin ] --START--
INFO: ReadHtmlCache Behavior ::run [ RunTime:0.000603s ]
INFO: [ app_begin ] --END-- [ RunTime:0.000686s ]

[ 2013-08-24T10:18:50+08:00 ] 127.0.0.1 /fridaysystem/2/index.php/DataMessage/WeekData
INFO: [ app_begin ] --START--
INFO: ReadHtmlCache Behavior ::run [ RunTime:0.000549s ]
INFO: [ app_begin ] --END-- [ RunTime:0.000627s ]

