[ 2013-08-08T09:51:19+08:00 ] 127.0.0.1 /fridaysystem/2/index.php/Login/CheckLogin
INFO: [ app_begin ] --START--
INFO: ReadHtmlCache Behavior ::run [ RunTime:0.000586s ]
INFO: [ app_begin ] --END-- [ RunTime:0.000658s ]
SQL: SHOW COLUMNS FROM `admin` [ RunTime:0.055257s ]
SQL: SELECT * FROM `admin` WHERE ( `admin_account` = 'xtuone' ) LIMIT 1   [ RunTime:0.050386s ]

[ 2013-08-08T10:38:55+08:00 ] 127.0.0.1 /fridaysystem/2/index.php/Login/CheckLogin
INFO: [ app_begin ] --START--
INFO: ReadHtmlCache Behavior ::run [ RunTime:0.032385s ]
INFO: [ app_begin ] --END-- [ RunTime:0.032647s ]
SQL: SHOW COLUMNS FROM `admin` [ RunTime:0.074076s ]
SQL: SELECT * FROM `admin` WHERE ( `admin_account` = 'xtuone' ) LIMIT 1   [ RunTime:0.075340s ]

[ 2013-08-08T10:50:22+08:00 ] 127.0.0.1 /fridaysystem/2/index.php/Login/CheckLogin
INFO: [ app_begin ] --START--
INFO: ReadHtmlCache Behavior ::run [ RunTime:0.015754s ]
INFO: [ app_begin ] --END-- [ RunTime:0.016001s ]
SQL: SHOW COLUMNS FROM `admin` [ RunTime:0.057526s ]
SQL: SELECT * FROM `admin` WHERE ( `admin_account` = 'xtuone' ) LIMIT 1   [ RunTime:0.051920s ]

[ 2013-08-08T10:51:32+08:00 ] 127.0.0.1 /fridaysystem/2/index.php/Login/CheckLogin
INFO: [ app_begin ] --START--
INFO: ReadHtmlCache Behavior ::run [ RunTime:0.037644s ]
INFO: [ app_begin ] --END-- [ RunTime:0.037765s ]
SQL: SHOW COLUMNS FROM `admin` [ RunTime:0.052253s ]
SQL: SELECT * FROM `admin` WHERE ( `admin_account` = 'xtuone' ) LIMIT 1   [ RunTime:0.050961s ]

[ 2013-08-08T10:55:39+08:00 ] 127.0.0.1 /fridaysystem/2/index.php/Login/CheckLogin
INFO: [ app_begin ] --START--
INFO: ReadHtmlCache Behavior ::run [ RunTime:0.033489s ]
INFO: [ app_begin ] --END-- [ RunTime:0.033775s ]
SQL: SHOW COLUMNS FROM `admin` [ RunTime:0.053109s ]
SQL: SELECT * FROM `admin` WHERE ( `admin_account` = 'xtuone' ) LIMIT 1   [ RunTime:0.052530s ]

[ 2013-08-08T10:56:08+08:00 ] 127.0.0.1 /fridaysystem/2/index.php/Login/CheckLogin
INFO: [ app_begin ] --START--
INFO: ReadHtmlCache Behavior ::run [ RunTime:0.016400s ]
INFO: [ app_begin ] --END-- [ RunTime:0.016615s ]
SQL: SHOW COLUMNS FROM `admin` [ RunTime:0.051942s ]
SQL: SELECT * FROM `admin` WHERE ( `admin_account` = 'xtuone' ) LIMIT 1   [ RunTime:0.051148s ]

[ 2013-08-08T10:56:09+08:00 ] 127.0.0.1 /fridaysystem/2/index.php/Login/undefined
ERR: 非法操作:undefined

[ 2013-08-08T10:58:20+08:00 ] 127.0.0.1 /fridaysystem/2/index.php/Login/CheckLogin
INFO: [ app_begin ] --START--
INFO: ReadHtmlCache Behavior ::run [ RunTime:0.015795s ]
INFO: [ app_begin ] --END-- [ RunTime:0.016073s ]
SQL: SHOW COLUMNS FROM `admin` [ RunTime:0.053784s ]
SQL: SELECT * FROM `admin` WHERE ( `admin_account` = 'xtuone' ) LIMIT 1   [ RunTime:0.053475s ]

[ 2013-08-08T10:58:44+08:00 ] 127.0.0.1 /fridaysystem/2/index.php/Login/CheckLogin
INFO: [ app_begin ] --START--
INFO: ReadHtmlCache Behavior ::run [ RunTime:0.016167s ]
INFO: [ app_begin ] --END-- [ RunTime:0.016438s ]
SQL: SHOW COLUMNS FROM `admin` [ RunTime:0.059143s ]
SQL: SELECT * FROM `admin` WHERE ( `admin_account` = 'xtuone' ) LIMIT 1   [ RunTime:0.051410s ]

[ 2013-08-08T10:59:18+08:00 ] 127.0.0.1 /fridaysystem/2/index.php/Login/CheckLogin
INFO: [ app_begin ] --START--
INFO: ReadHtmlCache Behavior ::run [ RunTime:0.018757s ]
INFO: [ app_begin ] --END-- [ RunTime:0.019071s ]
SQL: SHOW COLUMNS FROM `admin` [ RunTime:0.050911s ]
SQL: SELECT * FROM `admin` WHERE ( `admin_account` = 'xtuone' ) LIMIT 1   [ RunTime:0.052216s ]

[ 2013-08-08T11:02:27+08:00 ] 127.0.0.1 /fridaysystem/2/index.php/Login/CheckLogin
INFO: [ app_begin ] --START--
INFO: ReadHtmlCache Behavior ::run [ RunTime:0.025866s ]
INFO: [ app_begin ] --END-- [ RunTime:0.025957s ]
SQL: SHOW COLUMNS FROM `admin` [ RunTime:0.050644s ]
SQL: SELECT * FROM `admin` WHERE ( `admin_account` = 'xtuone' ) LIMIT 1   [ RunTime:0.051018s ]

[ 2013-08-08T11:03:08+08:00 ] 127.0.0.1 /fridaysystem/2/index.php/Login/CheckLogin
INFO: [ app_begin ] --START--
INFO: ReadHtmlCache Behavior ::run [ RunTime:0.016292s ]
INFO: [ app_begin ] --END-- [ RunTime:0.016512s ]
SQL: SHOW COLUMNS FROM `admin` [ RunTime:0.052170s ]
SQL: SELECT * FROM `admin` WHERE ( `admin_account` = 'xtuone' ) LIMIT 1   [ RunTime:0.056179s ]

[ 2013-08-08T11:09:35+08:00 ] 127.0.0.1 /fridaysystem/2/index.php/Login/CheckLogin
INFO: [ app_begin ] --START--
INFO: ReadHtmlCache Behavior ::run [ RunTime:0.033506s ]
INFO: [ app_begin ] --END-- [ RunTime:0.033650s ]
SQL: SHOW COLUMNS FROM `admin` [ RunTime:0.074586s ]
SQL: SELECT * FROM `admin` WHERE ( `admin_account` = 'xtuone' ) LIMIT 1   [ RunTime:0.053036s ]

[ 2013-08-08T14:38:10+08:00 ] 127.0.0.1 /fridaysystem/2/index.php/Login/CheckLogin
INFO: [ app_begin ] --START--
INFO: ReadHtmlCache Behavior ::run [ RunTime:0.000589s ]
INFO: [ app_begin ] --END-- [ RunTime:0.000673s ]
SQL: SHOW COLUMNS FROM `admin` [ RunTime:0.056143s ]
SQL: SELECT * FROM `admin` WHERE ( `admin_account` = 'xtuone' ) LIMIT 1   [ RunTime:0.051827s ]

[ 2013-08-08T14:44:43+08:00 ] 127.0.0.1 /fridaysystem/2/index.php/Login/CheckLogin
INFO: [ app_begin ] --START--
INFO: ReadHtmlCache Behavior ::run [ RunTime:0.000960s ]
INFO: [ app_begin ] --END-- [ RunTime:0.001086s ]
SQL: SHOW COLUMNS FROM `admin` [ RunTime:0.079451s ]
SQL: SELECT * FROM `admin` WHERE ( `admin_account` = 'xtuone' ) LIMIT 1   [ RunTime:0.056017s ]

[ 2013-08-08T14:52:21+08:00 ] 127.0.0.1 /fridaysystem/2/index.php/School/SchoolGrade
INFO: [ app_begin ] --START--
INFO: ReadHtmlCache Behavior ::run [ RunTime:0.000602s ]
INFO: [ app_begin ] --END-- [ RunTime:0.000689s ]

[ 2013-08-08T14:53:55+08:00 ] 127.0.0.1 /fridaysystem/2/index.php/School/SchoolGrade
INFO: [ app_begin ] --START--
INFO: ReadHtmlCache Behavior ::run [ RunTime:0.000539s ]
INFO: [ app_begin ] --END-- [ RunTime:0.000618s ]

[ 2013-08-08T14:54:41+08:00 ] 127.0.0.1 /fridaysystem/2/index.php/School/SchoolGrade
INFO: [ app_begin ] --START--
INFO: ReadHtmlCache Behavior ::run [ RunTime:0.000918s ]
INFO: [ app_begin ] --END-- [ RunTime:0.001038s ]

[ 2013-08-08T14:55:36+08:00 ] 127.0.0.1 /fridaysystem/2/index.php/School/SchoolGrade
INFO: [ app_begin ] --START--
INFO: ReadHtmlCache Behavior ::run [ RunTime:0.000489s ]
INFO: [ app_begin ] --END-- [ RunTime:0.000562s ]

[ 2013-08-08T14:56:23+08:00 ] 127.0.0.1 /fridaysystem/2/index.php/School/SchoolGrade
INFO: [ app_begin ] --START--
INFO: ReadHtmlCache Behavior ::run [ RunTime:0.000852s ]
INFO: [ app_begin ] --END-- [ RunTime:0.000983s ]

[ 2013-08-08T14:57:45+08:00 ] 127.0.0.1 /fridaysystem/2/index.php/School/SchoolGrade
INFO: [ app_begin ] --START--
INFO: ReadHtmlCache Behavior ::run [ RunTime:0.000627s ]
INFO: [ app_begin ] --END-- [ RunTime:0.000709s ]

[ 2013-08-08T14:58:17+08:00 ] 127.0.0.1 /fridaysystem/2/index.php/School/SchoolGrade
INFO: [ app_begin ] --START--
INFO: ReadHtmlCache Behavior ::run [ RunTime:0.000581s ]
INFO: [ app_begin ] --END-- [ RunTime:0.000665s ]

[ 2013-08-08T14:58:49+08:00 ] 127.0.0.1 /fridaysystem/2/index.php/School/SchoolGrade
INFO: [ app_begin ] --START--
INFO: ReadHtmlCache Behavior ::run [ RunTime:0.000790s ]
INFO: [ app_begin ] --END-- [ RunTime:0.000908s ]

[ 2013-08-08T14:59:40+08:00 ] 127.0.0.1 /fridaysystem/2/index.php/School/SchoolGrade
INFO: [ app_begin ] --START--
INFO: ReadHtmlCache Behavior ::run [ RunTime:0.000707s ]
INFO: [ app_begin ] --END-- [ RunTime:0.000789s ]

[ 2013-08-08T14:59:46+08:00 ] 127.0.0.1 /fridaysystem/2/index.php/School/SchoolGrade
INFO: [ app_begin ] --START--
INFO: ReadHtmlCache Behavior ::run [ RunTime:0.001011s ]
INFO: [ app_begin ] --END-- [ RunTime:0.001161s ]

[ 2013-08-08T15:12:58+08:00 ] 127.0.0.1 /fridaysystem/2/index.php/School/SchoolGrade
INFO: [ app_begin ] --START--
INFO: ReadHtmlCache Behavior ::run [ RunTime:0.000640s ]
INFO: [ app_begin ] --END-- [ RunTime:0.000733s ]

[ 2013-08-08T15:13:13+08:00 ] 127.0.0.1 /fridaysystem/2/index.php/School/SchoolGrade
INFO: [ app_begin ] --START--
INFO: ReadHtmlCache Behavior ::run [ RunTime:0.000795s ]
INFO: [ app_begin ] --END-- [ RunTime:0.000910s ]

[ 2013-08-08T15:14:03+08:00 ] 127.0.0.1 /fridaysystem/2/index.php/School/SchoolGrade
INFO: [ app_begin ] --START--
INFO: ReadHtmlCache Behavior ::run [ RunTime:0.000811s ]
INFO: [ app_begin ] --END-- [ RunTime:0.000966s ]

[ 2013-08-08T15:14:12+08:00 ] 127.0.0.1 /fridaysystem/2/index.php/School/SchoolGrade
INFO: [ app_begin ] --START--
INFO: ReadHtmlCache Behavior ::run [ RunTime:0.000932s ]
INFO: [ app_begin ] --END-- [ RunTime:0.001074s ]

[ 2013-08-08T15:14:16+08:00 ] 127.0.0.1 /fridaysystem/2/index.php/School/SchoolGrade
INFO: [ app_begin ] --START--
INFO: ReadHtmlCache Behavior ::run [ RunTime:0.001081s ]
INFO: [ app_begin ] --END-- [ RunTime:0.001220s ]

[ 2013-08-08T15:26:34+08:00 ] 127.0.0.1 /fridaysystem/2/index.php/School/SchoolGrade
INFO: [ app_begin ] --START--
INFO: ReadHtmlCache Behavior ::run [ RunTime:0.000684s ]
INFO: [ app_begin ] --END-- [ RunTime:0.000817s ]

[ 2013-08-08T15:26:48+08:00 ] 127.0.0.1 /fridaysystem/2/index.php/School/SchoolGrade
INFO: [ app_begin ] --START--
INFO: ReadHtmlCache Behavior ::run [ RunTime:0.000508s ]
INFO: [ app_begin ] --END-- [ RunTime:0.000584s ]

[ 2013-08-08T15:33:22+08:00 ] 127.0.0.1 /fridaysystem/2/index.php/School/SchoolGrade
INFO: [ app_begin ] --START--
INFO: ReadHtmlCache Behavior ::run [ RunTime:0.000602s ]
INFO: [ app_begin ] --END-- [ RunTime:0.000691s ]

[ 2013-08-08T15:39:32+08:00 ] 127.0.0.1 /fridaysystem/2/index.php/School/SchoolGrade
INFO: [ app_begin ] --START--
INFO: ReadHtmlCache Behavior ::run [ RunTime:0.000571s ]
INFO: [ app_begin ] --END-- [ RunTime:0.000643s ]

[ 2013-08-08T15:39:40+08:00 ] 127.0.0.1 /fridaysystem/2/index.php/School/SchoolGrade
INFO: [ app_begin ] --START--
INFO: ReadHtmlCache Behavior ::run [ RunTime:0.000529s ]
INFO: [ app_begin ] --END-- [ RunTime:0.000606s ]

[ 2013-08-08T15:40:05+08:00 ] 127.0.0.1 /fridaysystem/2/index.php/School/SchoolGrade
INFO: [ app_begin ] --START--
INFO: ReadHtmlCache Behavior ::run [ RunTime:0.001220s ]
INFO: [ app_begin ] --END-- [ RunTime:0.001401s ]

[ 2013-08-08T15:45:09+08:00 ] 127.0.0.1 /fridaysystem/2/index.php/School/SchoolGrade
INFO: [ app_begin ] --START--
INFO: ReadHtmlCache Behavior ::run [ RunTime:0.000671s ]
INFO: [ app_begin ] --END-- [ RunTime:0.000758s ]

[ 2013-08-08T15:46:47+08:00 ] 127.0.0.1 /fridaysystem/2/index.php/School/SchoolGrade
INFO: [ app_begin ] --START--
INFO: ReadHtmlCache Behavior ::run [ RunTime:0.000544s ]
INFO: [ app_begin ] --END-- [ RunTime:0.000620s ]

[ 2013-08-08T15:50:44+08:00 ] 127.0.0.1 /fridaysystem/2/index.php/School/SchoolGrade
INFO: [ app_begin ] --START--
INFO: ReadHtmlCache Behavior ::run [ RunTime:0.000807s ]
INFO: [ app_begin ] --END-- [ RunTime:0.000920s ]

[ 2013-08-08T15:52:45+08:00 ] 127.0.0.1 /fridaysystem/2/index.php/School/SchoolGrade
INFO: [ app_begin ] --START--
INFO: ReadHtmlCache Behavior ::run [ RunTime:0.000620s ]
INFO: [ app_begin ] --END-- [ RunTime:0.000702s ]

[ 2013-08-08T15:54:31+08:00 ] 127.0.0.1 /fridaysystem/2/index.php/School/SchoolGrade
INFO: [ app_begin ] --START--
INFO: ReadHtmlCache Behavior ::run [ RunTime:0.000485s ]
INFO: [ app_begin ] --END-- [ RunTime:0.000557s ]

[ 2013-08-08T15:58:52+08:00 ] 127.0.0.1 /fridaysystem/2/index.php/School/SchoolGrade
INFO: [ app_begin ] --START--
INFO: ReadHtmlCache Behavior ::run [ RunTime:0.000519s ]
INFO: [ app_begin ] --END-- [ RunTime:0.000594s ]

[ 2013-08-08T16:02:04+08:00 ] 127.0.0.1 /fridaysystem/2/index.php/School/SchoolGrade
INFO: [ app_begin ] --START--
INFO: ReadHtmlCache Behavior ::run [ RunTime:0.000562s ]
INFO: [ app_begin ] --END-- [ RunTime:0.000638s ]

[ 2013-08-08T16:02:52+08:00 ] 127.0.0.1 /fridaysystem/2/index.php/School/SchoolGrade
INFO: [ app_begin ] --START--
INFO: ReadHtmlCache Behavior ::run [ RunTime:0.000503s ]
INFO: [ app_begin ] --END-- [ RunTime:0.000578s ]

[ 2013-08-08T16:03:27+08:00 ] 127.0.0.1 /fridaysystem/2/index.php/School/SchoolGrade
INFO: [ app_begin ] --START--
INFO: ReadHtmlCache Behavior ::run [ RunTime:0.000486s ]
INFO: [ app_begin ] --END-- [ RunTime:0.000556s ]

[ 2013-08-08T16:04:41+08:00 ] 127.0.0.1 /fridaysystem/2/index.php/School/SchoolGrade
INFO: [ app_begin ] --START--
INFO: ReadHtmlCache Behavior ::run [ RunTime:0.001056s ]
INFO: [ app_begin ] --END-- [ RunTime:0.001185s ]

[ 2013-08-08T16:07:11+08:00 ] 127.0.0.1 /fridaysystem/2/index.php/School/SchoolGrade
INFO: [ app_begin ] --START--
INFO: ReadHtmlCache Behavior ::run [ RunTime:0.001202s ]
INFO: [ app_begin ] --END-- [ RunTime:0.001844s ]

[ 2013-08-08T16:13:36+08:00 ] 127.0.0.1 /fridaysystem/2/index.php/School/SchoolGrade
INFO: [ app_begin ] --START--
INFO: ReadHtmlCache Behavior ::run [ RunTime:0.000873s ]
INFO: [ app_begin ] --END-- [ RunTime:0.001014s ]

[ 2013-08-08T16:14:33+08:00 ] 127.0.0.1 /fridaysystem/2/index.php/School/SchoolGrade
INFO: [ app_begin ] --START--
INFO: ReadHtmlCache Behavior ::run [ RunTime:0.000516s ]
INFO: [ app_begin ] --END-- [ RunTime:0.000588s ]

[ 2013-08-08T16:17:07+08:00 ] 127.0.0.1 /fridaysystem/2/index.php/School/SchoolGrade
INFO: [ app_begin ] --START--
INFO: ReadHtmlCache Behavior ::run [ RunTime:0.000690s ]
INFO: [ app_begin ] --END-- [ RunTime:0.000780s ]

[ 2013-08-08T16:17:20+08:00 ] 127.0.0.1 /fridaysystem/2/index.php/School/SchoolGrade
INFO: [ app_begin ] --START--
INFO: ReadHtmlCache Behavior ::run [ RunTime:0.000641s ]
INFO: [ app_begin ] --END-- [ RunTime:0.000749s ]

[ 2013-08-08T16:18:01+08:00 ] 127.0.0.1 /fridaysystem/2/index.php/School/SchoolGrade
INFO: [ app_begin ] --START--
INFO: ReadHtmlCache Behavior ::run [ RunTime:0.000580s ]
INFO: [ app_begin ] --END-- [ RunTime:0.000678s ]

[ 2013-08-08T16:18:21+08:00 ] 127.0.0.1 /fridaysystem/2/index.php/School/SchoolGrade
INFO: [ app_begin ] --START--
INFO: ReadHtmlCache Behavior ::run [ RunTime:0.000985s ]
INFO: [ app_begin ] --END-- [ RunTime:0.001164s ]

[ 2013-08-08T16:18:46+08:00 ] 127.0.0.1 /fridaysystem/2/index.php/School/SchoolGrade
INFO: [ app_begin ] --START--
INFO: ReadHtmlCache Behavior ::run [ RunTime:0.000839s ]
INFO: [ app_begin ] --END-- [ RunTime:0.000958s ]

[ 2013-08-08T16:19:05+08:00 ] 127.0.0.1 /fridaysystem/2/index.php/School/SchoolGrade
INFO: [ app_begin ] --START--
INFO: ReadHtmlCache Behavior ::run [ RunTime:0.000891s ]
INFO: [ app_begin ] --END-- [ RunTime:0.001018s ]

[ 2013-08-08T16:19:25+08:00 ] 127.0.0.1 /fridaysystem/2/index.php/School/SchoolGrade
INFO: [ app_begin ] --START--
INFO: ReadHtmlCache Behavior ::run [ RunTime:0.000706s ]
INFO: [ app_begin ] --END-- [ RunTime:0.000820s ]

[ 2013-08-08T16:19:40+08:00 ] 127.0.0.1 /fridaysystem/2/index.php/School/SchoolGrade
INFO: [ app_begin ] --START--
INFO: ReadHtmlCache Behavior ::run [ RunTime:0.001177s ]
INFO: [ app_begin ] --END-- [ RunTime:0.001303s ]

[ 2013-08-08T16:19:47+08:00 ] 127.0.0.1 /fridaysystem/2/index.php/School/SchoolGrade
INFO: [ app_begin ] --START--
INFO: ReadHtmlCache Behavior ::run [ RunTime:0.000498s ]
INFO: [ app_begin ] --END-- [ RunTime:0.000571s ]

[ 2013-08-08T16:24:38+08:00 ] 127.0.0.1 /fridaysystem/2/index.php/School/SchoolGrade
INFO: [ app_begin ] --START--
INFO: ReadHtmlCache Behavior ::run [ RunTime:0.000837s ]
INFO: [ app_begin ] --END-- [ RunTime:0.000964s ]

[ 2013-08-08T16:24:45+08:00 ] 127.0.0.1 /fridaysystem/2/index.php/School/SchoolGrade
INFO: [ app_begin ] --START--
INFO: ReadHtmlCache Behavior ::run [ RunTime:0.000736s ]
INFO: [ app_begin ] --END-- [ RunTime:0.000832s ]

[ 2013-08-08T16:25:42+08:00 ] 127.0.0.1 /fridaysystem/2/index.php/School/SchoolGrade
INFO: [ app_begin ] --START--
INFO: ReadHtmlCache Behavior ::run [ RunTime:0.000543s ]
INFO: [ app_begin ] --END-- [ RunTime:0.000618s ]

[ 2013-08-08T16:28:21+08:00 ] 127.0.0.1 /fridaysystem/2/index.php/School/SchoolGrade
INFO: [ app_begin ] --START--
INFO: ReadHtmlCache Behavior ::run [ RunTime:0.001227s ]
INFO: [ app_begin ] --END-- [ RunTime:0.001381s ]

[ 2013-08-08T16:29:29+08:00 ] 127.0.0.1 /fridaysystem/2/index.php/School/SchoolGrade
INFO: [ app_begin ] --START--
INFO: ReadHtmlCache Behavior ::run [ RunTime:0.000590s ]
INFO: [ app_begin ] --END-- [ RunTime:0.000675s ]

[ 2013-08-08T16:35:34+08:00 ] 127.0.0.1 /fridaysystem/2/index.php/School/SchoolGrade
INFO: [ app_begin ] --START--
INFO: ReadHtmlCache Behavior ::run [ RunTime:0.000673s ]
INFO: [ app_begin ] --END-- [ RunTime:0.000779s ]

[ 2013-08-08T16:36:10+08:00 ] 127.0.0.1 /fridaysystem/2/index.php/School/SchoolGrade
INFO: [ app_begin ] --START--
INFO: ReadHtmlCache Behavior ::run [ RunTime:0.003380s ]
INFO: [ app_begin ] --END-- [ RunTime:0.003536s ]

[ 2013-08-08T16:36:48+08:00 ] 127.0.0.1 /fridaysystem/2/index.php/School/SchoolGrade
INFO: [ app_begin ] --START--
INFO: ReadHtmlCache Behavior ::run [ RunTime:0.000725s ]
INFO: [ app_begin ] --END-- [ RunTime:0.000827s ]

[ 2013-08-08T16:37:42+08:00 ] 127.0.0.1 /fridaysystem/2/index.php/School/SchoolGrade
INFO: [ app_begin ] --START--
INFO: ReadHtmlCache Behavior ::run [ RunTime:0.001050s ]
INFO: [ app_begin ] --END-- [ RunTime:0.001215s ]

[ 2013-08-08T16:38:05+08:00 ] 127.0.0.1 /fridaysystem/2/index.php/School/SchoolGrade
INFO: [ app_begin ] --START--
INFO: ReadHtmlCache Behavior ::run [ RunTime:0.000502s ]
INFO: [ app_begin ] --END-- [ RunTime:0.000577s ]

[ 2013-08-08T16:46:32+08:00 ] 127.0.0.1 /fridaysystem/2/index.php/School/SchoolGrade
INFO: [ app_begin ] --START--
INFO: ReadHtmlCache Behavior ::run [ RunTime:0.000574s ]
INFO: [ app_begin ] --END-- [ RunTime:0.000650s ]

[ 2013-08-08T16:48:13+08:00 ] 127.0.0.1 /fridaysystem/2/index.php/School/SchoolGrade
INFO: [ app_begin ] --START--
INFO: ReadHtmlCache Behavior ::run [ RunTime:0.001099s ]
INFO: [ app_begin ] --END-- [ RunTime:0.001245s ]

[ 2013-08-08T16:52:37+08:00 ] 127.0.0.1 /fridaysystem/2/index.php/School/SchoolGrade
INFO: [ app_begin ] --START--
INFO: ReadHtmlCache Behavior ::run [ RunTime:0.000676s ]
INFO: [ app_begin ] --END-- [ RunTime:0.000764s ]

[ 2013-08-08T16:56:50+08:00 ] 127.0.0.1 /fridaysystem/2/index.php/School/SchoolGrade
INFO: [ app_begin ] --START--
INFO: ReadHtmlCache Behavior ::run [ RunTime:0.000720s ]
INFO: [ app_begin ] --END-- [ RunTime:0.000827s ]

[ 2013-08-08T16:57:04+08:00 ] 127.0.0.1 /fridaysystem/2/index.php/School/SchoolGrade
INFO: [ app_begin ] --START--
INFO: ReadHtmlCache Behavior ::run [ RunTime:0.001405s ]
INFO: [ app_begin ] --END-- [ RunTime:0.001874s ]

[ 2013-08-08T16:57:37+08:00 ] 127.0.0.1 /fridaysystem/2/index.php/School/SchoolGrade
INFO: [ app_begin ] --START--
INFO: ReadHtmlCache Behavior ::run [ RunTime:0.000820s ]
INFO: [ app_begin ] --END-- [ RunTime:0.000940s ]

[ 2013-08-08T16:59:15+08:00 ] 127.0.0.1 /fridaysystem/2/index.php/School/SchoolGrade
INFO: [ app_begin ] --START--
INFO: ReadHtmlCache Behavior ::run [ RunTime:0.000855s ]
INFO: [ app_begin ] --END-- [ RunTime:0.000979s ]

[ 2013-08-08T17:02:34+08:00 ] 127.0.0.1 /fridaysystem/2/index.php/School/SchoolGrade
INFO: [ app_begin ] --START--
INFO: ReadHtmlCache Behavior ::run [ RunTime:0.001071s ]
INFO: [ app_begin ] --END-- [ RunTime:0.001207s ]

[ 2013-08-08T17:03:28+08:00 ] 127.0.0.1 /fridaysystem/2/index.php/School/SchoolGrade
INFO: [ app_begin ] --START--
INFO: ReadHtmlCache Behavior ::run [ RunTime:0.001011s ]
INFO: [ app_begin ] --END-- [ RunTime:0.001143s ]

[ 2013-08-08T17:03:36+08:00 ] 127.0.0.1 /fridaysystem/2/index.php/School/SchoolGrade
INFO: [ app_begin ] --START--
INFO: ReadHtmlCache Behavior ::run [ RunTime:0.001041s ]
INFO: [ app_begin ] --END-- [ RunTime:0.001191s ]

[ 2013-08-08T17:03:38+08:00 ] 127.0.0.1 /fridaysystem/2/index.php/School/SchoolGrade
INFO: [ app_begin ] --START--
INFO: ReadHtmlCache Behavior ::run [ RunTime:0.001562s ]
INFO: [ app_begin ] --END-- [ RunTime:0.001801s ]

[ 2013-08-08T17:05:25+08:00 ] 127.0.0.1 /fridaysystem/2/index.php/School/SchoolGrade
INFO: [ app_begin ] --START--
INFO: ReadHtmlCache Behavior ::run [ RunTime:0.001500s ]
INFO: [ app_begin ] --END-- [ RunTime:0.001736s ]

[ 2013-08-08T17:06:09+08:00 ] 127.0.0.1 /fridaysystem/2/index.php/School/SchoolGrade
INFO: [ app_begin ] --START--
INFO: ReadHtmlCache Behavior ::run [ RunTime:0.000597s ]
INFO: [ app_begin ] --END-- [ RunTime:0.000685s ]

[ 2013-08-08T17:06:12+08:00 ] 127.0.0.1 /fridaysystem/2/index.php/School/SchoolGrade
INFO: [ app_begin ] --START--
INFO: ReadHtmlCache Behavior ::run [ RunTime:0.000737s ]
INFO: [ app_begin ] --END-- [ RunTime:0.000842s ]

[ 2013-08-08T17:06:19+08:00 ] 127.0.0.1 /fridaysystem/2/index.php/School/SchoolGrade
INFO: [ app_begin ] --START--
INFO: ReadHtmlCache Behavior ::run [ RunTime:0.001233s ]
INFO: [ app_begin ] --END-- [ RunTime:0.001398s ]

[ 2013-08-08T17:07:35+08:00 ] 127.0.0.1 /fridaysystem/2/index.php/School/SchoolGrade
INFO: [ app_begin ] --START--
INFO: ReadHtmlCache Behavior ::run [ RunTime:0.001214s ]
INFO: [ app_begin ] --END-- [ RunTime:0.001829s ]

[ 2013-08-08T17:07:54+08:00 ] 127.0.0.1 /fridaysystem/2/index.php/School/SchoolGrade
INFO: [ app_begin ] --START--
INFO: ReadHtmlCache Behavior ::run [ RunTime:0.001718s ]
INFO: [ app_begin ] --END-- [ RunTime:0.001871s ]

[ 2013-08-08T17:08:07+08:00 ] 127.0.0.1 /fridaysystem/2/index.php/School/SchoolGrade
INFO: [ app_begin ] --START--
INFO: ReadHtmlCache Behavior ::run [ RunTime:0.000808s ]
INFO: [ app_begin ] --END-- [ RunTime:0.000924s ]

[ 2013-08-08T17:12:31+08:00 ] 127.0.0.1 /fridaysystem/2/index.php/School/SchoolGrade
INFO: [ app_begin ] --START--
INFO: ReadHtmlCache Behavior ::run [ RunTime:0.000631s ]
INFO: [ app_begin ] --END-- [ RunTime:0.000716s ]

[ 2013-08-08T17:12:46+08:00 ] 127.0.0.1 /fridaysystem/2/index.php/School/SchoolGrade
INFO: [ app_begin ] --START--
INFO: ReadHtmlCache Behavior ::run [ RunTime:0.000573s ]
INFO: [ app_begin ] --END-- [ RunTime:0.000645s ]

[ 2013-08-08T17:17:37+08:00 ] 127.0.0.1 /fridaysystem/2/index.php/School/SchoolGrade
INFO: [ app_begin ] --START--
INFO: ReadHtmlCache Behavior ::run [ RunTime:0.000659s ]
INFO: [ app_begin ] --END-- [ RunTime:0.000741s ]

[ 2013-08-08T17:20:22+08:00 ] 127.0.0.1 /fridaysystem/2/index.php/School/SchoolGrade
INFO: [ app_begin ] --START--
INFO: ReadHtmlCache Behavior ::run [ RunTime:0.002144s ]
INFO: [ app_begin ] --END-- [ RunTime:0.002283s ]

[ 2013-08-08T17:22:54+08:00 ] 127.0.0.1 /fridaysystem/2/index.php/School/SchoolGrade
INFO: [ app_begin ] --START--
INFO: ReadHtmlCache Behavior ::run [ RunTime:0.000565s ]
INFO: [ app_begin ] --END-- [ RunTime:0.000656s ]

[ 2013-08-08T17:23:27+08:00 ] 127.0.0.1 /fridaysystem/2/index.php/School/SchoolGrade
INFO: [ app_begin ] --START--
INFO: ReadHtmlCache Behavior ::run [ RunTime:0.001171s ]
INFO: [ app_begin ] --END-- [ RunTime:0.001319s ]

[ 2013-08-08T17:27:42+08:00 ] 127.0.0.1 /fridaysystem/2/index.php/School/SchoolGrade
INFO: [ app_begin ] --START--
INFO: ReadHtmlCache Behavior ::run [ RunTime:0.000927s ]
INFO: [ app_begin ] --END-- [ RunTime:0.001034s ]

[ 2013-08-08T17:32:02+08:00 ] 127.0.0.1 /fridaysystem/2/index.php/School/SchoolGrade
INFO: [ app_begin ] --START--
INFO: ReadHtmlCache Behavior ::run [ RunTime:0.000933s ]
INFO: [ app_begin ] --END-- [ RunTime:0.001073s ]

[ 2013-08-08T17:33:35+08:00 ] 127.0.0.1 /fridaysystem/2/index.php/School/SchoolGrade
INFO: [ app_begin ] --START--
INFO: ReadHtmlCache Behavior ::run [ RunTime:0.000489s ]
INFO: [ app_begin ] --END-- [ RunTime:0.000561s ]

[ 2013-08-08T17:33:51+08:00 ] 127.0.0.1 /fridaysystem/2/index.php/School/SchoolGrade
INFO: [ app_begin ] --START--
INFO: ReadHtmlCache Behavior ::run [ RunTime:0.000780s ]
INFO: [ app_begin ] --END-- [ RunTime:0.000891s ]

[ 2013-08-08T17:39:24+08:00 ] 127.0.0.1 /fridaysystem/2/index.php/School/SchoolGrade
INFO: [ app_begin ] --START--
INFO: ReadHtmlCache Behavior ::run [ RunTime:0.001398s ]
INFO: [ app_begin ] --END-- [ RunTime:0.001620s ]

[ 2013-08-08T17:39:28+08:00 ] 127.0.0.1 /fridaysystem/2/index.php/School/SchoolGrade
INFO: [ app_begin ] --START--
INFO: ReadHtmlCache Behavior ::run [ RunTime:0.001253s ]
INFO: [ app_begin ] --END-- [ RunTime:0.001447s ]

[ 2013-08-08T17:39:32+08:00 ] 127.0.0.1 /fridaysystem/2/index.php/School/SchoolGrade
INFO: [ app_begin ] --START--
INFO: ReadHtmlCache Behavior ::run [ RunTime:0.000999s ]
INFO: [ app_begin ] --END-- [ RunTime:0.001144s ]

[ 2013-08-08T17:40:25+08:00 ] 127.0.0.1 /fridaysystem/2/index.php/School/SchoolGrade
INFO: [ app_begin ] --START--
INFO: ReadHtmlCache Behavior ::run [ RunTime:0.000912s ]
INFO: [ app_begin ] --END-- [ RunTime:0.001044s ]

[ 2013-08-08T17:42:50+08:00 ] 127.0.0.1 /fridaysystem/2/index.php/School/SchoolGrade
INFO: [ app_begin ] --START--
INFO: ReadHtmlCache Behavior ::run [ RunTime:0.000962s ]
INFO: [ app_begin ] --END-- [ RunTime:0.001086s ]

[ 2013-08-08T18:09:51+08:00 ] 127.0.0.1 /fridaysystem/2/index.php/School/SchoolGrade
INFO: [ app_begin ] --START--
INFO: ReadHtmlCache Behavior ::run [ RunTime:0.001034s ]
INFO: [ app_begin ] --END-- [ RunTime:0.001188s ]

[ 2013-08-08T18:09:57+08:00 ] 127.0.0.1 /fridaysystem/2/index.php/School/SchoolGrade
INFO: [ app_begin ] --START--
INFO: ReadHtmlCache Behavior ::run [ RunTime:0.001222s ]
INFO: [ app_begin ] --END-- [ RunTime:0.001377s ]

[ 2013-08-08T18:10:04+08:00 ] 127.0.0.1 /fridaysystem/2/index.php/School/SchoolGrade
INFO: [ app_begin ] --START--
INFO: ReadHtmlCache Behavior ::run [ RunTime:0.000707s ]
INFO: [ app_begin ] --END-- [ RunTime:0.000797s ]

[ 2013-08-08T18:31:42+08:00 ] 127.0.0.1 /fridaysystem/2/index.php/School/SchoolGrade
INFO: [ app_begin ] --START--
INFO: ReadHtmlCache Behavior ::run [ RunTime:0.000558s ]
INFO: [ app_begin ] --END-- [ RunTime:0.000641s ]

[ 2013-08-08T18:31:49+08:00 ] 127.0.0.1 /fridaysystem/2/index.php/School/WeekData
INFO: [ app_begin ] --START--
INFO: ReadHtmlCache Behavior ::run [ RunTime:0.001370s ]
INFO: [ app_begin ] --END-- [ RunTime:0.001556s ]
NOTIC: [8] Undefined variable: week D:\work_space\www\fridaysystem\2\friday\Lib\Action\SchoolAction.class.php 第 50 行.

[ 2013-08-08T18:32:36+08:00 ] 127.0.0.1 /fridaysystem/2/index.php/School/WeekData
INFO: [ app_begin ] --START--
INFO: ReadHtmlCache Behavior ::run [ RunTime:0.000660s ]
INFO: [ app_begin ] --END-- [ RunTime:0.000752s ]
NOTIC: [8] Undefined variable: week D:\work_space\www\fridaysystem\2\friday\Lib\Action\SchoolAction.class.php 第 50 行.

[ 2013-08-08T18:34:22+08:00 ] 127.0.0.1 /fridaysystem/2/index.php/School/WeekData
INFO: [ app_begin ] --START--
INFO: ReadHtmlCache Behavior ::run [ RunTime:0.001023s ]
INFO: [ app_begin ] --END-- [ RunTime:0.001206s ]
NOTIC: [8] Undefined variable: week D:\work_space\www\fridaysystem\2\friday\Lib\Action\SchoolAction.class.php 第 50 行.

[ 2013-08-08T18:34:24+08:00 ] 127.0.0.1 /fridaysystem/2/index.php/School/WeekData
INFO: [ app_begin ] --START--
INFO: ReadHtmlCache Behavior ::run [ RunTime:0.000994s ]
INFO: [ app_begin ] --END-- [ RunTime:0.001135s ]
NOTIC: [8] Undefined variable: week D:\work_space\www\fridaysystem\2\friday\Lib\Action\SchoolAction.class.php 第 50 行.

[ 2013-08-08T18:34:29+08:00 ] 127.0.0.1 /fridaysystem/2/index.php/School/SchoolGrade
INFO: [ app_begin ] --START--
INFO: ReadHtmlCache Behavior ::run [ RunTime:0.000891s ]
INFO: [ app_begin ] --END-- [ RunTime:0.000975s ]

[ 2013-08-08T18:34:35+08:00 ] 127.0.0.1 /fridaysystem/2/index.php/School/WeekData
INFO: [ app_begin ] --START--
INFO: ReadHtmlCache Behavior ::run [ RunTime:0.001017s ]
INFO: [ app_begin ] --END-- [ RunTime:0.001163s ]
NOTIC: [8] Undefined variable: week D:\work_space\www\fridaysystem\2\friday\Lib\Action\SchoolAction.class.php 第 50 行.

[ 2013-08-08T18:34:49+08:00 ] 127.0.0.1 /fridaysystem/2/index.php/School/WeekData
INFO: [ app_begin ] --START--
INFO: ReadHtmlCache Behavior ::run [ RunTime:0.000620s ]
INFO: [ app_begin ] --END-- [ RunTime:0.000743s ]
NOTIC: [8] Undefined variable: week D:\work_space\www\fridaysystem\2\friday\Lib\Action\SchoolAction.class.php 第 50 行.

[ 2013-08-08T18:35:25+08:00 ] 127.0.0.1 /fridaysystem/2/index.php/School/WeekData
INFO: [ app_begin ] --START--
INFO: ReadHtmlCache Behavior ::run [ RunTime:0.000952s ]
INFO: [ app_begin ] --END-- [ RunTime:0.001084s ]
NOTIC: [8] Undefined variable: week D:\work_space\www\fridaysystem\2\friday\Lib\Action\SchoolAction.class.php 第 50 行.

[ 2013-08-08T18:40:58+08:00 ] 127.0.0.1 /fridaysystem/2/index.php/School/WeekData
INFO: [ app_begin ] --START--
INFO: ReadHtmlCache Behavior ::run [ RunTime:0.000800s ]
INFO: [ app_begin ] --END-- [ RunTime:0.000925s ]
NOTIC: [8] Undefined variable: week D:\work_space\www\fridaysystem\2\friday\Lib\Action\SchoolAction.class.php 第 50 行.

[ 2013-08-08T18:41:11+08:00 ] 127.0.0.1 /fridaysystem/2/index.php/School/WeekData
INFO: [ app_begin ] --START--
INFO: ReadHtmlCache Behavior ::run [ RunTime:0.000546s ]
INFO: [ app_begin ] --END-- [ RunTime:0.000625s ]
NOTIC: [8] Undefined variable: week D:\work_space\www\fridaysystem\2\friday\Lib\Action\SchoolAction.class.php 第 50 行.

[ 2013-08-08T18:42:00+08:00 ] 127.0.0.1 /fridaysystem/2/index.php/School/WeekData
INFO: [ app_begin ] --START--
INFO: ReadHtmlCache Behavior ::run [ RunTime:0.000850s ]
INFO: [ app_begin ] --END-- [ RunTime:0.000982s ]
NOTIC: [8] Undefined variable: week D:\work_space\www\fridaysystem\2\friday\Lib\Action\SchoolAction.class.php 第 50 行.

[ 2013-08-08T18:44:27+08:00 ] 127.0.0.1 /fridaysystem/2/index.php/School/WeekData
INFO: [ app_begin ] --START--
INFO: ReadHtmlCache Behavior ::run [ RunTime:0.001044s ]
INFO: [ app_begin ] --END-- [ RunTime:0.001193s ]
NOTIC: [8] Undefined variable: week D:\work_space\www\fridaysystem\2\friday\Lib\Action\SchoolAction.class.php 第 50 行.

[ 2013-08-08T18:44:38+08:00 ] 127.0.0.1 /fridaysystem/2/index.php/School/WeekData
INFO: [ app_begin ] --START--
INFO: ReadHtmlCache Behavior ::run [ RunTime:0.001042s ]
INFO: [ app_begin ] --END-- [ RunTime:0.001204s ]
NOTIC: [8] Undefined variable: week D:\work_space\www\fridaysystem\2\friday\Lib\Action\SchoolAction.class.php 第 50 行.

[ 2013-08-08T18:45:37+08:00 ] 127.0.0.1 /fridaysystem/2/index.php/School/WeekData
INFO: [ app_begin ] --START--
INFO: ReadHtmlCache Behavior ::run [ RunTime:0.000862s ]
INFO: [ app_begin ] --END-- [ RunTime:0.000987s ]
NOTIC: [8] Undefined variable: week D:\work_space\www\fridaysystem\2\friday\Lib\Action\SchoolAction.class.php 第 50 行.

[ 2013-08-08T18:46:29+08:00 ] 127.0.0.1 /fridaysystem/2/index.php/School/WeekData
INFO: [ app_begin ] --START--
INFO: ReadHtmlCache Behavior ::run [ RunTime:0.001110s ]
INFO: [ app_begin ] --END-- [ RunTime:0.001259s ]
NOTIC: [8] Undefined variable: week D:\work_space\www\fridaysystem\2\friday\Lib\Action\SchoolAction.class.php 第 50 行.

[ 2013-08-08T18:46:52+08:00 ] 127.0.0.1 /fridaysystem/2/index.php/School/WeekData
INFO: [ app_begin ] --START--
INFO: ReadHtmlCache Behavior ::run [ RunTime:0.000853s ]
INFO: [ app_begin ] --END-- [ RunTime:0.000978s ]
NOTIC: [8] Undefined variable: week D:\work_space\www\fridaysystem\2\friday\Lib\Action\SchoolAction.class.php 第 50 行.

[ 2013-08-08T18:47:55+08:00 ] 127.0.0.1 /fridaysystem/2/index.php/School/WeekData
INFO: [ app_begin ] --START--
INFO: ReadHtmlCache Behavior ::run [ RunTime:0.000691s ]
INFO: [ app_begin ] --END-- [ RunTime:0.000792s ]
NOTIC: [8] Undefined variable: week D:\work_space\www\fridaysystem\2\friday\Lib\Action\SchoolAction.class.php 第 50 行.

[ 2013-08-08T18:48:25+08:00 ] 127.0.0.1 /fridaysystem/2/index.php/School/WeekData
INFO: [ app_begin ] --START--
INFO: ReadHtmlCache Behavior ::run [ RunTime:0.000641s ]
INFO: [ app_begin ] --END-- [ RunTime:0.000728s ]
NOTIC: [8] Undefined variable: week D:\work_space\www\fridaysystem\2\friday\Lib\Action\SchoolAction.class.php 第 50 行.

[ 2013-08-08T19:02:53+08:00 ] 127.0.0.1 /fridaysystem/2/index.php/School/WeekData
INFO: [ app_begin ] --START--
INFO: ReadHtmlCache Behavior ::run [ RunTime:0.000521s ]
INFO: [ app_begin ] --END-- [ RunTime:0.000596s ]
NOTIC: [8] Undefined variable: week D:\work_space\www\fridaysystem\2\friday\Lib\Action\SchoolAction.class.php 第 50 行.

[ 2013-08-08T19:04:22+08:00 ] 127.0.0.1 /fridaysystem/2/index.php/School/WeekData
INFO: [ app_begin ] --START--
INFO: ReadHtmlCache Behavior ::run [ RunTime:0.000761s ]
INFO: [ app_begin ] --END-- [ RunTime:0.000873s ]
NOTIC: [8] Undefined variable: week D:\work_space\www\fridaysystem\2\friday\Lib\Action\SchoolAction.class.php 第 50 行.

[ 2013-08-08T19:04:30+08:00 ] 127.0.0.1 /fridaysystem/2/index.php/School/WeekData
INFO: [ app_begin ] --START--
INFO: ReadHtmlCache Behavior ::run [ RunTime:0.000827s ]
INFO: [ app_begin ] --END-- [ RunTime:0.000947s ]
NOTIC: [8] Undefined variable: week D:\work_space\www\fridaysystem\2\friday\Lib\Action\SchoolAction.class.php 第 50 行.

[ 2013-08-08T19:08:02+08:00 ] 127.0.0.1 /fridaysystem/2/index.php/School/WeekData
INFO: [ app_begin ] --START--
INFO: ReadHtmlCache Behavior ::run [ RunTime:0.000891s ]
INFO: [ app_begin ] --END-- [ RunTime:0.001018s ]
NOTIC: [8] Undefined variable: week D:\work_space\www\fridaysystem\2\friday\Lib\Action\SchoolAction.class.php 第 50 行.

[ 2013-08-08T19:08:43+08:00 ] 127.0.0.1 /fridaysystem/2/index.php/School/WeekData
INFO: [ app_begin ] --START--
INFO: ReadHtmlCache Behavior ::run [ RunTime:0.000529s ]
INFO: [ app_begin ] --END-- [ RunTime:0.000603s ]
NOTIC: [8] Undefined variable: week D:\work_space\www\fridaysystem\2\friday\Lib\Action\SchoolAction.class.php 第 50 行.

[ 2013-08-08T19:10:19+08:00 ] 127.0.0.1 /fridaysystem/2/index.php/School/WeekData
INFO: [ app_begin ] --START--
INFO: ReadHtmlCache Behavior ::run [ RunTime:0.000782s ]
INFO: [ app_begin ] --END-- [ RunTime:0.000884s ]

[ 2013-08-08T19:10:33+08:00 ] 127.0.0.1 /fridaysystem/2/index.php/School/WeekData
INFO: [ app_begin ] --START--
INFO: ReadHtmlCache Behavior ::run [ RunTime:0.000891s ]
INFO: [ app_begin ] --END-- [ RunTime:0.001014s ]

[ 2013-08-08T19:10:58+08:00 ] 127.0.0.1 /fridaysystem/2/index.php/School/WeekData
INFO: [ app_begin ] --START--
INFO: ReadHtmlCache Behavior ::run [ RunTime:0.000501s ]
INFO: [ app_begin ] --END-- [ RunTime:0.000574s ]

[ 2013-08-08T19:11:53+08:00 ] 127.0.0.1 /fridaysystem/2/index.php/School/SchoolGrade
INFO: [ app_begin ] --START--
INFO: ReadHtmlCache Behavior ::run [ RunTime:0.000829s ]
INFO: [ app_begin ] --END-- [ RunTime:0.000957s ]

[ 2013-08-08T19:11:57+08:00 ] 127.0.0.1 /fridaysystem/2/index.php/School/WeekData
INFO: [ app_begin ] --START--
INFO: ReadHtmlCache Behavior ::run [ RunTime:0.000565s ]
INFO: [ app_begin ] --END-- [ RunTime:0.000645s ]

[ 2013-08-08T19:12:08+08:00 ] 127.0.0.1 /fridaysystem/2/index.php/School/SchoolGrade
INFO: [ app_begin ] --START--
INFO: ReadHtmlCache Behavior ::run [ RunTime:0.000603s ]
INFO: [ app_begin ] --END-- [ RunTime:0.000680s ]

[ 2013-08-08T19:12:08+08:00 ] 127.0.0.1 /fridaysystem/2/index.php/School/SchoolGrade
INFO: [ app_begin ] --START--
INFO: ReadHtmlCache Behavior ::run [ RunTime:0.001569s ]
INFO: [ app_begin ] --END-- [ RunTime:0.001690s ]

[ 2013-08-08T19:12:27+08:00 ] 127.0.0.1 /fridaysystem/2/index.php/School/WeekData
INFO: [ app_begin ] --START--
INFO: ReadHtmlCache Behavior ::run [ RunTime:0.000583s ]
INFO: [ app_begin ] --END-- [ RunTime:0.000668s ]

[ 2013-08-08T19:13:48+08:00 ] 127.0.0.1 /fridaysystem/2/index.php/School/WeekData
INFO: [ app_begin ] --START--
INFO: ReadHtmlCache Behavior ::run [ RunTime:0.000504s ]
INFO: [ app_begin ] --END-- [ RunTime:0.000580s ]

[ 2013-08-08T19:28:19+08:00 ] 127.0.0.1 /fridaysystem/2/index.php/School/WeekData
INFO: [ app_begin ] --START--
INFO: ReadHtmlCache Behavior ::run [ RunTime:0.000669s ]
INFO: [ app_begin ] --END-- [ RunTime:0.000752s ]

[ 2013-08-08T19:30:05+08:00 ] 127.0.0.1 /fridaysystem/2/index.php/School/WeekData
INFO: [ app_begin ] --START--
INFO: ReadHtmlCache Behavior ::run [ RunTime:0.003327s ]
INFO: [ app_begin ] --END-- [ RunTime:0.003423s ]

[ 2013-08-08T19:32:20+08:00 ] 127.0.0.1 /fridaysystem/2/index.php/School/WeekData
INFO: [ app_begin ] --START--
INFO: ReadHtmlCache Behavior ::run [ RunTime:0.000581s ]
INFO: [ app_begin ] --END-- [ RunTime:0.000665s ]

[ 2013-08-08T19:33:25+08:00 ] 127.0.0.1 /fridaysystem/2/index.php/School/WeekData
INFO: [ app_begin ] --START--
INFO: ReadHtmlCache Behavior ::run [ RunTime:0.000787s ]
INFO: [ app_begin ] --END-- [ RunTime:0.000903s ]

[ 2013-08-08T19:33:27+08:00 ] 127.0.0.1 /fridaysystem/2/index.php/School/WeekData
INFO: [ app_begin ] --START--
INFO: ReadHtmlCache Behavior ::run [ RunTime:0.000586s ]
INFO: [ app_begin ] --END-- [ RunTime:0.000670s ]

[ 2013-08-08T19:35:48+08:00 ] 127.0.0.1 /fridaysystem/2/index.php/School/WeekData
INFO: [ app_begin ] --START--
INFO: ReadHtmlCache Behavior ::run [ RunTime:0.000579s ]
INFO: [ app_begin ] --END-- [ RunTime:0.000663s ]

[ 2013-08-08T19:36:33+08:00 ] 127.0.0.1 /fridaysystem/2/index.php/School/WeekData
INFO: [ app_begin ] --START--
INFO: ReadHtmlCache Behavior ::run [ RunTime:0.000712s ]
INFO: [ app_begin ] --END-- [ RunTime:0.000817s ]

[ 2013-08-08T19:37:33+08:00 ] 127.0.0.1 /fridaysystem/2/index.php/School/WeekData
INFO: [ app_begin ] --START--
INFO: ReadHtmlCache Behavior ::run [ RunTime:0.000503s ]
INFO: [ app_begin ] --END-- [ RunTime:0.000578s ]

[ 2013-08-08T19:38:18+08:00 ] 127.0.0.1 /fridaysystem/2/index.php/School/WeekData
INFO: [ app_begin ] --START--
INFO: ReadHtmlCache Behavior ::run [ RunTime:0.000686s ]
INFO: [ app_begin ] --END-- [ RunTime:0.000774s ]

[ 2013-08-08T19:38:48+08:00 ] 127.0.0.1 /fridaysystem/2/index.php/School/WeekData
INFO: [ app_begin ] --START--
INFO: ReadHtmlCache Behavior ::run [ RunTime:0.000475s ]
INFO: [ app_begin ] --END-- [ RunTime:0.000546s ]

[ 2013-08-08T19:38:55+08:00 ] 127.0.0.1 /fridaysystem/2/index.php/School/WeekData
INFO: [ app_begin ] --START--
INFO: ReadHtmlCache Behavior ::run [ RunTime:0.000572s ]
INFO: [ app_begin ] --END-- [ RunTime:0.000653s ]

[ 2013-08-08T19:39:11+08:00 ] 127.0.0.1 /fridaysystem/2/index.php/School/WeekData
INFO: [ app_begin ] --START--
INFO: ReadHtmlCache Behavior ::run [ RunTime:0.000523s ]
INFO: [ app_begin ] --END-- [ RunTime:0.000597s ]

[ 2013-08-08T19:39:16+08:00 ] 127.0.0.1 /fridaysystem/2/index.php/School/SchoolGrade
INFO: [ app_begin ] --START--
INFO: ReadHtmlCache Behavior ::run [ RunTime:0.000821s ]
INFO: [ app_begin ] --END-- [ RunTime:0.000941s ]

[ 2013-08-08T19:39:19+08:00 ] 127.0.0.1 /fridaysystem/2/index.php/School/SchoolGrade
INFO: [ app_begin ] --START--
INFO: ReadHtmlCache Behavior ::run [ RunTime:0.000559s ]
INFO: [ app_begin ] --END-- [ RunTime:0.000636s ]

[ 2013-08-08T19:39:29+08:00 ] 127.0.0.1 /fridaysystem/2/index.php/School/WeekData
INFO: [ app_begin ] --START--
INFO: ReadHtmlCache Behavior ::run [ RunTime:0.000637s ]
INFO: [ app_begin ] --END-- [ RunTime:0.000722s ]

