[ 2013-08-13T09:32:30+08:00 ] 127.0.0.1 /fridaysystem/2/index.php/Login/CheckLogin
INFO: [ app_begin ] --START--
INFO: ReadHtmlCache Behavior ::run [ RunTime:0.000684s ]
INFO: [ app_begin ] --END-- [ RunTime:0.000785s ]
SQL: SHOW COLUMNS FROM `admin` [ RunTime:0.049812s ]
SQL: SELECT * FROM `admin` WHERE ( `admin_account` = 'xtuone' ) LIMIT 1   [ RunTime:0.050629s ]

[ 2013-08-13T10:19:49+08:00 ] 127.0.0.1 /fridaysystem/2/index.php/School/MonthAddNum
INFO: [ app_begin ] --START--
INFO: ReadHtmlCache Behavior ::run [ RunTime:0.000724s ]
INFO: [ app_begin ] --END-- [ RunTime:0.000830s ]
SQL: SHOW COLUMNS FROM `school` [ RunTime:0.049134s ]
ERR: 1146:Table 'fridaysystem.school' doesn't exist
 [ SQL语句 ] : SHOW COLUMNS FROM `school`
NOTIC: [8] Undefined index: db_dsn D:\work_space\www\fridaysystem\2\include\Lib\Core\Db.class.php 第 129 行.
NOTIC: [8] Undefined index: db_params D:\work_space\www\fridaysystem\2\include\Lib\Core\Db.class.php 第 130 行.
SQL: SELECT COUNT(student.id) AS AddNum, DATE_FORMAT(addTime, "%y-%m") AS month FROM student WHERE schoolId = '12001' GROUP BY DATE_FORMAT(addTime,"%y%m") [ RunTime:0.230183s ]

[ 2013-08-13T10:21:39+08:00 ] 127.0.0.1 /fridaysystem/2/index.php/School/MonthAddNum
INFO: [ app_begin ] --START--
INFO: ReadHtmlCache Behavior ::run [ RunTime:0.000790s ]
INFO: [ app_begin ] --END-- [ RunTime:0.000896s ]
SQL: SHOW COLUMNS FROM `school` [ RunTime:0.051067s ]
ERR: 1146:Table 'fridaysystem.school' doesn't exist
 [ SQL语句 ] : SHOW COLUMNS FROM `school`
NOTIC: [8] Undefined index: db_dsn D:\work_space\www\fridaysystem\2\include\Lib\Core\Db.class.php 第 129 行.
NOTIC: [8] Undefined index: db_params D:\work_space\www\fridaysystem\2\include\Lib\Core\Db.class.php 第 130 行.
SQL: SELECT COUNT(student.id) AS AddNum, DATE_FORMAT(addTime, "%y-%m") AS month FROM student WHERE schoolId = '1300125' GROUP BY DATE_FORMAT(addTime,"%y%m") [ RunTime:0.055333s ]

[ 2013-08-13T10:21:49+08:00 ] 127.0.0.1 /fridaysystem/2/index.php/School/WeekData
INFO: [ app_begin ] --START--
INFO: ReadHtmlCache Behavior ::run [ RunTime:0.000676s ]
INFO: [ app_begin ] --END-- [ RunTime:0.000761s ]

[ 2013-08-13T10:22:04+08:00 ] 127.0.0.1 /fridaysystem/2/index.php/School/SchoolGrade
INFO: [ app_begin ] --START--
INFO: ReadHtmlCache Behavior ::run [ RunTime:0.000997s ]
INFO: [ app_begin ] --END-- [ RunTime:0.001109s ]

[ 2013-08-13T11:07:03+08:00 ] 127.0.0.1 /fridaysystem/2/index.php/School/
ERR: 非法操作:index

[ 2013-08-13T11:09:15+08:00 ] 127.0.0.1 /fridaysystem/2/index.php/School/SchoolGrade
INFO: [ app_begin ] --START--
INFO: ReadHtmlCache Behavior ::run [ RunTime:0.000719s ]
INFO: [ app_begin ] --END-- [ RunTime:0.000816s ]

[ 2013-08-13T11:09:15+08:00 ] 127.0.0.1 /fridaysystem/2/index.php/School/SchoolGrade
INFO: [ app_begin ] --START--
INFO: ReadHtmlCache Behavior ::run [ RunTime:0.000963s ]
INFO: [ app_begin ] --END-- [ RunTime:0.001086s ]

[ 2013-08-13T11:09:27+08:00 ] 127.0.0.1 /fridaysystem/2/index.php/Login/CheckLogin
INFO: [ app_begin ] --START--
INFO: ReadHtmlCache Behavior ::run [ RunTime:0.000895s ]
INFO: [ app_begin ] --END-- [ RunTime:0.001018s ]
SQL: SHOW COLUMNS FROM `admin` [ RunTime:0.054352s ]
SQL: SELECT * FROM `admin` WHERE ( `admin_account` = 'xtuone' ) LIMIT 1   [ RunTime:0.052958s ]

[ 2013-08-13T11:30:37+08:00 ] 127.0.0.1 /fridaysystem/2/index.php/School/SchoolGrade
INFO: [ app_begin ] --START--
INFO: ReadHtmlCache Behavior ::run [ RunTime:0.001050s ]
INFO: [ app_begin ] --END-- [ RunTime:0.001210s ]

[ 2013-08-13T11:32:41+08:00 ] 127.0.0.1 /fridaysystem/2/index.php/School/SchoolGrade
INFO: [ app_begin ] --START--
INFO: ReadHtmlCache Behavior ::run [ RunTime:0.000751s ]
INFO: [ app_begin ] --END-- [ RunTime:0.000860s ]

[ 2013-08-13T11:32:45+08:00 ] 127.0.0.1 /fridaysystem/2/index.php/School/MonthAddNum
INFO: [ app_begin ] --START--
INFO: ReadHtmlCache Behavior ::run [ RunTime:0.000680s ]
INFO: [ app_begin ] --END-- [ RunTime:0.000782s ]
SQL: SHOW COLUMNS FROM `school` [ RunTime:0.051225s ]
ERR: 1146:Table 'fridaysystem.school' doesn't exist
 [ SQL语句 ] : SHOW COLUMNS FROM `school`
NOTIC: [8] Undefined index: db_dsn D:\work_space\www\fridaysystem\2\include\Lib\Core\Db.class.php 第 129 行.
NOTIC: [8] Undefined index: db_params D:\work_space\www\fridaysystem\2\include\Lib\Core\Db.class.php 第 130 行.
SQL: SELECT COUNT(student.id) AS AddNum, DATE_FORMAT(addTime, "%y-%m") AS month FROM student WHERE schoolId = '1001' GROUP BY DATE_FORMAT(addTime,"%y%m") [ RunTime:0.919913s ]

[ 2013-08-13T11:32:48+08:00 ] 127.0.0.1 /fridaysystem/2/index.php/School/WeekData
INFO: [ app_begin ] --START--
INFO: ReadHtmlCache Behavior ::run [ RunTime:0.000502s ]
INFO: [ app_begin ] --END-- [ RunTime:0.000575s ]

[ 2013-08-13T11:32:51+08:00 ] 127.0.0.1 /fridaysystem/2/index.php/School/WeekData
INFO: [ app_begin ] --START--
INFO: ReadHtmlCache Behavior ::run [ RunTime:0.000679s ]
INFO: [ app_begin ] --END-- [ RunTime:0.000856s ]

[ 2013-08-13T11:32:56+08:00 ] 127.0.0.1 /fridaysystem/2/index.php/School/MonthAddNum
INFO: [ app_begin ] --START--
INFO: ReadHtmlCache Behavior ::run [ RunTime:0.000695s ]
INFO: [ app_begin ] --END-- [ RunTime:0.000797s ]
SQL: SHOW COLUMNS FROM `school` [ RunTime:0.053200s ]
ERR: 1146:Table 'fridaysystem.school' doesn't exist
 [ SQL语句 ] : SHOW COLUMNS FROM `school`
NOTIC: [8] Undefined index: db_dsn D:\work_space\www\fridaysystem\2\include\Lib\Core\Db.class.php 第 129 行.
NOTIC: [8] Undefined index: db_params D:\work_space\www\fridaysystem\2\include\Lib\Core\Db.class.php 第 130 行.
SQL: SELECT COUNT(student.id) AS AddNum, DATE_FORMAT(addTime, "%y-%m") AS month FROM student WHERE schoolId = '1002' GROUP BY DATE_FORMAT(addTime,"%y%m") [ RunTime:0.836786s ]

[ 2013-08-13T12:10:39+08:00 ] 127.0.0.1 /fridaysystem/2/index.php/School/SchoolGrade
INFO: [ app_begin ] --START--
INFO: ReadHtmlCache Behavior ::run [ RunTime:0.000470s ]
INFO: [ app_begin ] --END-- [ RunTime:0.000538s ]

[ 2013-08-13T15:03:18+08:00 ] 127.0.0.1 /fridaysystem/2/index.php/Login/CheckLogin
INFO: [ app_begin ] --START--
INFO: ReadHtmlCache Behavior ::run [ RunTime:0.000996s ]
INFO: [ app_begin ] --END-- [ RunTime:0.001144s ]
SQL: SHOW COLUMNS FROM `admin` [ RunTime:0.053234s ]
SQL: SELECT * FROM `admin` WHERE ( `admin_account` = 'xtuone' ) LIMIT 1   [ RunTime:0.067539s ]

[ 2013-08-13T15:48:58+08:00 ] 127.0.0.1 /fridaysystem/2/index.php/School/SchoolMonthNum
INFO: [ app_begin ] --START--
INFO: ReadHtmlCache Behavior ::run [ RunTime:0.000498s ]
INFO: [ app_begin ] --END-- [ RunTime:0.000589s ]

[ 2013-08-13T15:49:04+08:00 ] 127.0.0.1 /fridaysystem/2/index.php/School/MonthAddNum
INFO: [ app_begin ] --START--
INFO: ReadHtmlCache Behavior ::run [ RunTime:0.000813s ]
INFO: [ app_begin ] --END-- [ RunTime:0.000934s ]
SQL: SHOW COLUMNS FROM `school` [ RunTime:0.051279s ]
ERR: 1146:Table 'fridaysystem.school' doesn't exist
 [ SQL语句 ] : SHOW COLUMNS FROM `school`
NOTIC: [8] Undefined index: db_dsn D:\work_space\www\fridaysystem\2\include\Lib\Core\Db.class.php 第 129 行.
NOTIC: [8] Undefined index: db_params D:\work_space\www\fridaysystem\2\include\Lib\Core\Db.class.php 第 130 行.
SQL: SELECT COUNT(student.id) AS AddNum, DATE_FORMAT(addTime, "%y-%m") AS month FROM student WHERE schoolId = '120014' GROUP BY DATE_FORMAT(addTime,"%y%m") [ RunTime:0.622197s ]

[ 2013-08-13T15:49:15+08:00 ] 127.0.0.1 /fridaysystem/2/index.php/School/SchoolMonthNum
INFO: [ app_begin ] --START--
INFO: ReadHtmlCache Behavior ::run [ RunTime:0.000729s ]
INFO: [ app_begin ] --END-- [ RunTime:0.000835s ]

[ 2013-08-13T15:49:20+08:00 ] 127.0.0.1 /fridaysystem/2/index.php/School/SchoolGrade
INFO: [ app_begin ] --START--
INFO: ReadHtmlCache Behavior ::run [ RunTime:0.001064s ]
INFO: [ app_begin ] --END-- [ RunTime:0.001206s ]

[ 2013-08-13T15:55:48+08:00 ] 127.0.0.1 /fridaysystem/2/index.php/School/
ERR: 非法操作:index

[ 2013-08-13T16:08:41+08:00 ] 127.0.0.1 /fridaysystem/2/index.php/School/SchoolGrade
INFO: [ app_begin ] --START--
INFO: ReadHtmlCache Behavior ::run [ RunTime:0.000742s ]
INFO: [ app_begin ] --END-- [ RunTime:0.000853s ]

[ 2013-08-13T16:08:44+08:00 ] 127.0.0.1 /fridaysystem/2/index.php/School/SchoolMonthNum
INFO: [ app_begin ] --START--
INFO: ReadHtmlCache Behavior ::run [ RunTime:0.000734s ]
INFO: [ app_begin ] --END-- [ RunTime:0.000843s ]

[ 2013-08-13T16:08:47+08:00 ] 127.0.0.1 /fridaysystem/2/index.php/School/WeekData
INFO: [ app_begin ] --START--
INFO: ReadHtmlCache Behavior ::run [ RunTime:0.000506s ]
INFO: [ app_begin ] --END-- [ RunTime:0.000582s ]

[ 2013-08-13T16:08:55+08:00 ] 127.0.0.1 /fridaysystem/2/index.php/School/MonthAddNum
INFO: [ app_begin ] --START--
INFO: ReadHtmlCache Behavior ::run [ RunTime:0.000900s ]
INFO: [ app_begin ] --END-- [ RunTime:0.001061s ]
SQL: SHOW COLUMNS FROM `school` [ RunTime:0.193436s ]
ERR: 1146:Table 'fridaysystem.school' doesn't exist
 [ SQL语句 ] : SHOW COLUMNS FROM `school`
NOTIC: [8] Undefined index: db_dsn D:\work_space\www\fridaysystem\2\include\Lib\Core\Db.class.php 第 129 行.
NOTIC: [8] Undefined index: db_params D:\work_space\www\fridaysystem\2\include\Lib\Core\Db.class.php 第 130 行.
SQL: SELECT COUNT(student.id) AS AddNum, DATE_FORMAT(addTime, "%y-%m") AS month FROM student WHERE schoolId = '120014' GROUP BY DATE_FORMAT(addTime,"%y%m") [ RunTime:0.436548s ]

[ 2013-08-13T16:11:43+08:00 ] 127.0.0.1 /fridaysystem/2/index.php/School/MonthAddNum
INFO: [ app_begin ] --START--
INFO: ReadHtmlCache Behavior ::run [ RunTime:0.000692s ]
INFO: [ app_begin ] --END-- [ RunTime:0.000795s ]
SQL: SHOW COLUMNS FROM `school` [ RunTime:0.052853s ]
ERR: 1146:Table 'fridaysystem.school' doesn't exist
 [ SQL语句 ] : SHOW COLUMNS FROM `school`
NOTIC: [8] Undefined index: db_dsn D:\work_space\www\fridaysystem\2\include\Lib\Core\Db.class.php 第 129 行.
NOTIC: [8] Undefined index: db_params D:\work_space\www\fridaysystem\2\include\Lib\Core\Db.class.php 第 130 行.
SQL: SELECT COUNT(student.id) AS AddNum, DATE_FORMAT(addTime, "%y-%m") AS month FROM student WHERE schoolId = '120014' GROUP BY DATE_FORMAT(addTime,"%y%m") [ RunTime:0.608876s ]

[ 2013-08-13T16:12:28+08:00 ] 127.0.0.1 /fridaysystem/2/index.php/School/MonthAddNum
INFO: [ app_begin ] --START--
INFO: ReadHtmlCache Behavior ::run [ RunTime:0.000641s ]
INFO: [ app_begin ] --END-- [ RunTime:0.000726s ]
SQL: SHOW COLUMNS FROM `school` [ RunTime:0.137752s ]
ERR: 1146:Table 'fridaysystem.school' doesn't exist
 [ SQL语句 ] : SHOW COLUMNS FROM `school`
NOTIC: [8] Undefined index: db_dsn D:\work_space\www\fridaysystem\2\include\Lib\Core\Db.class.php 第 129 行.
NOTIC: [8] Undefined index: db_params D:\work_space\www\fridaysystem\2\include\Lib\Core\Db.class.php 第 130 行.
SQL: SELECT COUNT(student.id) AS AddNum, DATE_FORMAT(addTime, "%y-%m") AS month FROM student WHERE schoolId = '120014' GROUP BY DATE_FORMAT(addTime,"%y%m") [ RunTime:0.297789s ]

[ 2013-08-13T16:13:33+08:00 ] 127.0.0.1 /fridaysystem/2/index.php/School/MonthAddNum
INFO: [ app_begin ] --START--
INFO: ReadHtmlCache Behavior ::run [ RunTime:0.000727s ]
INFO: [ app_begin ] --END-- [ RunTime:0.000827s ]
SQL: SHOW COLUMNS FROM `school` [ RunTime:0.053187s ]
ERR: 1146:Table 'fridaysystem.school' doesn't exist
 [ SQL语句 ] : SHOW COLUMNS FROM `school`
NOTIC: [8] Undefined index: db_dsn D:\work_space\www\fridaysystem\2\include\Lib\Core\Db.class.php 第 129 行.
NOTIC: [8] Undefined index: db_params D:\work_space\www\fridaysystem\2\include\Lib\Core\Db.class.php 第 130 行.
SQL: SELECT COUNT(student.id) AS AddNum, DATE_FORMAT(addTime, "%y-%m") AS month FROM student WHERE schoolId = '120014' GROUP BY DATE_FORMAT(addTime,"%y%m") [ RunTime:0.617498s ]

[ 2013-08-13T16:15:41+08:00 ] 127.0.0.1 /fridaysystem/2/index.php/School/MonthAddNum
INFO: [ app_begin ] --START--
INFO: ReadHtmlCache Behavior ::run [ RunTime:0.000851s ]
INFO: [ app_begin ] --END-- [ RunTime:0.000960s ]
SQL: SHOW COLUMNS FROM `school` [ RunTime:0.059503s ]
ERR: 1146:Table 'fridaysystem.school' doesn't exist
 [ SQL语句 ] : SHOW COLUMNS FROM `school`
NOTIC: [8] Undefined index: db_dsn D:\work_space\www\fridaysystem\2\include\Lib\Core\Db.class.php 第 129 行.
NOTIC: [8] Undefined index: db_params D:\work_space\www\fridaysystem\2\include\Lib\Core\Db.class.php 第 130 行.
SQL: SELECT COUNT(student.id) AS AddNum, DATE_FORMAT(addTime, "%y-%m") AS month FROM student WHERE schoolId = '120014' GROUP BY DATE_FORMAT(addTime,"%y%m") [ RunTime:0.195842s ]

[ 2013-08-13T16:15:48+08:00 ] 127.0.0.1 /fridaysystem/2/index.php/School/MonthAddNum
INFO: [ app_begin ] --START--
INFO: ReadHtmlCache Behavior ::run [ RunTime:0.001162s ]
INFO: [ app_begin ] --END-- [ RunTime:0.001300s ]
SQL: SHOW COLUMNS FROM `school` [ RunTime:0.050862s ]
ERR: 1146:Table 'fridaysystem.school' doesn't exist
 [ SQL语句 ] : SHOW COLUMNS FROM `school`
NOTIC: [8] Undefined index: db_dsn D:\work_space\www\fridaysystem\2\include\Lib\Core\Db.class.php 第 129 行.
NOTIC: [8] Undefined index: db_params D:\work_space\www\fridaysystem\2\include\Lib\Core\Db.class.php 第 130 行.
SQL: SELECT COUNT(student.id) AS AddNum, DATE_FORMAT(addTime, "%y-%m") AS month FROM student WHERE schoolId = '120014' GROUP BY DATE_FORMAT(addTime,"%y%m") [ RunTime:0.228438s ]

[ 2013-08-13T16:15:53+08:00 ] 127.0.0.1 /fridaysystem/2/index.php/School/MonthAddNum
INFO: [ app_begin ] --START--
INFO: ReadHtmlCache Behavior ::run [ RunTime:0.000654s ]
INFO: [ app_begin ] --END-- [ RunTime:0.000760s ]
SQL: SHOW COLUMNS FROM `school` [ RunTime:0.063342s ]
ERR: 1146:Table 'fridaysystem.school' doesn't exist
 [ SQL语句 ] : SHOW COLUMNS FROM `school`
NOTIC: [8] Undefined index: db_dsn D:\work_space\www\fridaysystem\2\include\Lib\Core\Db.class.php 第 129 行.
NOTIC: [8] Undefined index: db_params D:\work_space\www\fridaysystem\2\include\Lib\Core\Db.class.php 第 130 行.
SQL: SELECT COUNT(student.id) AS AddNum, DATE_FORMAT(addTime, "%y-%m") AS month FROM student WHERE schoolId = '120014' GROUP BY DATE_FORMAT(addTime,"%y%m") [ RunTime:0.122055s ]

[ 2013-08-13T16:18:27+08:00 ] 127.0.0.1 /fridaysystem/2/index.php/School/MonthAddNum
INFO: [ app_begin ] --START--
INFO: ReadHtmlCache Behavior ::run [ RunTime:0.000521s ]
INFO: [ app_begin ] --END-- [ RunTime:0.000602s ]
SQL: SHOW COLUMNS FROM `school` [ RunTime:0.051251s ]
ERR: 1146:Table 'fridaysystem.school' doesn't exist
 [ SQL语句 ] : SHOW COLUMNS FROM `school`
NOTIC: [8] Undefined index: db_dsn D:\work_space\www\fridaysystem\2\include\Lib\Core\Db.class.php 第 129 行.
NOTIC: [8] Undefined index: db_params D:\work_space\www\fridaysystem\2\include\Lib\Core\Db.class.php 第 130 行.
SQL: SELECT COUNT(student.id) AS AddNum, DATE_FORMAT(addTime, "%y-%m") AS month FROM student WHERE schoolId = '120014' GROUP BY DATE_FORMAT(addTime,"%y%m") [ RunTime:0.576915s ]

[ 2013-08-13T16:19:09+08:00 ] 127.0.0.1 /fridaysystem/2/index.php/School/MonthAddNum
INFO: [ app_begin ] --START--
INFO: ReadHtmlCache Behavior ::run [ RunTime:0.000787s ]
INFO: [ app_begin ] --END-- [ RunTime:0.000909s ]
SQL: SHOW COLUMNS FROM `school` [ RunTime:0.062488s ]
ERR: 1146:Table 'fridaysystem.school' doesn't exist
 [ SQL语句 ] : SHOW COLUMNS FROM `school`
NOTIC: [8] Undefined index: db_dsn D:\work_space\www\fridaysystem\2\include\Lib\Core\Db.class.php 第 129 行.
NOTIC: [8] Undefined index: db_params D:\work_space\www\fridaysystem\2\include\Lib\Core\Db.class.php 第 130 行.
SQL: SELECT COUNT(student.id) AS AddNum, DATE_FORMAT(addTime, "%y-%m") AS month FROM student WHERE schoolId = '120014' GROUP BY DATE_FORMAT(addTime,"%y%m") [ RunTime:0.523149s ]

[ 2013-08-13T16:19:36+08:00 ] 127.0.0.1 /fridaysystem/2/index.php/School/MonthAddNum
INFO: [ app_begin ] --START--
INFO: ReadHtmlCache Behavior ::run [ RunTime:0.000674s ]
INFO: [ app_begin ] --END-- [ RunTime:0.000772s ]
SQL: SHOW COLUMNS FROM `school` [ RunTime:0.056541s ]
ERR: 1146:Table 'fridaysystem.school' doesn't exist
 [ SQL语句 ] : SHOW COLUMNS FROM `school`
NOTIC: [8] Undefined index: db_dsn D:\work_space\www\fridaysystem\2\include\Lib\Core\Db.class.php 第 129 行.
NOTIC: [8] Undefined index: db_params D:\work_space\www\fridaysystem\2\include\Lib\Core\Db.class.php 第 130 行.
SQL: SELECT COUNT(student.id) AS AddNum, DATE_FORMAT(addTime, "%y-%m") AS month FROM student WHERE schoolId = '120014' GROUP BY DATE_FORMAT(addTime,"%y%m") [ RunTime:0.242008s ]

[ 2013-08-13T16:20:17+08:00 ] 127.0.0.1 /fridaysystem/2/index.php/School/MonthAddNum
INFO: [ app_begin ] --START--
INFO: ReadHtmlCache Behavior ::run [ RunTime:0.000784s ]
INFO: [ app_begin ] --END-- [ RunTime:0.000901s ]
SQL: SHOW COLUMNS FROM `school` [ RunTime:0.103565s ]
ERR: 1146:Table 'fridaysystem.school' doesn't exist
 [ SQL语句 ] : SHOW COLUMNS FROM `school`
NOTIC: [8] Undefined index: db_dsn D:\work_space\www\fridaysystem\2\include\Lib\Core\Db.class.php 第 129 行.
NOTIC: [8] Undefined index: db_params D:\work_space\www\fridaysystem\2\include\Lib\Core\Db.class.php 第 130 行.
SQL: SELECT COUNT(student.id) AS AddNum, DATE_FORMAT(addTime, "%y-%m") AS month FROM student WHERE schoolId = '120014' GROUP BY DATE_FORMAT(addTime,"%y%m") [ RunTime:0.194383s ]

[ 2013-08-13T16:20:39+08:00 ] 127.0.0.1 /fridaysystem/2/index.php/School/MonthAddNum
INFO: [ app_begin ] --START--
INFO: ReadHtmlCache Behavior ::run [ RunTime:0.000628s ]
INFO: [ app_begin ] --END-- [ RunTime:0.000739s ]
SQL: SHOW COLUMNS FROM `school` [ RunTime:0.194658s ]
ERR: 1146:Table 'fridaysystem.school' doesn't exist
 [ SQL语句 ] : SHOW COLUMNS FROM `school`
NOTIC: [8] Undefined index: db_dsn D:\work_space\www\fridaysystem\2\include\Lib\Core\Db.class.php 第 129 行.
NOTIC: [8] Undefined index: db_params D:\work_space\www\fridaysystem\2\include\Lib\Core\Db.class.php 第 130 行.
SQL: SELECT COUNT(student.id) AS AddNum, DATE_FORMAT(addTime, "%y-%m") AS month FROM student WHERE schoolId = '1001' GROUP BY DATE_FORMAT(addTime,"%y%m") [ RunTime:0.684140s ]

[ 2013-08-13T16:25:26+08:00 ] 127.0.0.1 /fridaysystem/2/index.php/School/MonthAddNum
INFO: [ app_begin ] --START--
INFO: ReadHtmlCache Behavior ::run [ RunTime:0.000568s ]
INFO: [ app_begin ] --END-- [ RunTime:0.000653s ]
SQL: SHOW COLUMNS FROM `school` [ RunTime:0.054133s ]
ERR: 1146:Table 'fridaysystem.school' doesn't exist
 [ SQL语句 ] : SHOW COLUMNS FROM `school`
NOTIC: [8] Undefined index: db_dsn D:\work_space\www\fridaysystem\2\include\Lib\Core\Db.class.php 第 129 行.
NOTIC: [8] Undefined index: db_params D:\work_space\www\fridaysystem\2\include\Lib\Core\Db.class.php 第 130 行.
SQL: SELECT COUNT(student.id) AS AddNum, DATE_FORMAT(addTime, "%y-%m") AS month FROM student WHERE schoolId = '120014' GROUP BY DATE_FORMAT(addTime,"%y%m") [ RunTime:0.281943s ]

[ 2013-08-13T16:26:19+08:00 ] 127.0.0.1 /fridaysystem/2/index.php/School/MonthAddNum
INFO: [ app_begin ] --START--
INFO: ReadHtmlCache Behavior ::run [ RunTime:0.000708s ]
INFO: [ app_begin ] --END-- [ RunTime:0.000815s ]
SQL: SHOW COLUMNS FROM `school` [ RunTime:0.054458s ]
ERR: 1146:Table 'fridaysystem.school' doesn't exist
 [ SQL语句 ] : SHOW COLUMNS FROM `school`
NOTIC: [8] Undefined index: db_dsn D:\work_space\www\fridaysystem\2\include\Lib\Core\Db.class.php 第 129 行.
NOTIC: [8] Undefined index: db_params D:\work_space\www\fridaysystem\2\include\Lib\Core\Db.class.php 第 130 行.
SQL: SELECT COUNT(student.id) AS AddNum, DATE_FORMAT(addTime, "%y-%m") AS month FROM student WHERE schoolId = '120014' GROUP BY DATE_FORMAT(addTime,"%y%m") [ RunTime:0.191689s ]

[ 2013-08-13T16:26:51+08:00 ] 127.0.0.1 /fridaysystem/2/index.php/School/MonthAddNum
INFO: [ app_begin ] --START--
INFO: ReadHtmlCache Behavior ::run [ RunTime:0.000701s ]
INFO: [ app_begin ] --END-- [ RunTime:0.000805s ]
SQL: SHOW COLUMNS FROM `school` [ RunTime:0.057140s ]
ERR: 1146:Table 'fridaysystem.school' doesn't exist
 [ SQL语句 ] : SHOW COLUMNS FROM `school`
NOTIC: [8] Undefined index: db_dsn D:\work_space\www\fridaysystem\2\include\Lib\Core\Db.class.php 第 129 行.
NOTIC: [8] Undefined index: db_params D:\work_space\www\fridaysystem\2\include\Lib\Core\Db.class.php 第 130 行.
SQL: SELECT COUNT(student.id) AS AddNum, DATE_FORMAT(addTime, "%y-%m") AS month FROM student WHERE schoolId = '120014' GROUP BY DATE_FORMAT(addTime,"%y%m") [ RunTime:0.222538s ]

[ 2013-08-13T16:29:23+08:00 ] 127.0.0.1 /fridaysystem/2/index.php/School/MonthAddNum
INFO: [ app_begin ] --START--
INFO: ReadHtmlCache Behavior ::run [ RunTime:0.000501s ]
INFO: [ app_begin ] --END-- [ RunTime:0.000575s ]
SQL: SHOW COLUMNS FROM `school` [ RunTime:0.063116s ]
ERR: 1146:Table 'fridaysystem.school' doesn't exist
 [ SQL语句 ] : SHOW COLUMNS FROM `school`
NOTIC: [8] Undefined index: db_dsn D:\work_space\www\fridaysystem\2\include\Lib\Core\Db.class.php 第 129 行.
NOTIC: [8] Undefined index: db_params D:\work_space\www\fridaysystem\2\include\Lib\Core\Db.class.php 第 130 行.
SQL: SELECT COUNT(student.id) AS AddNum, DATE_FORMAT(addTime, "%y-%m") AS month FROM student WHERE schoolId = '120014' GROUP BY DATE_FORMAT(addTime,"%y%m") [ RunTime:0.221846s ]

[ 2013-08-13T16:29:34+08:00 ] 127.0.0.1 /fridaysystem/2/index.php/School/MonthAddNum
INFO: [ app_begin ] --START--
INFO: ReadHtmlCache Behavior ::run [ RunTime:0.000685s ]
INFO: [ app_begin ] --END-- [ RunTime:0.000772s ]
SQL: SHOW COLUMNS FROM `school` [ RunTime:0.078233s ]
ERR: 1146:Table 'fridaysystem.school' doesn't exist
 [ SQL语句 ] : SHOW COLUMNS FROM `school`
NOTIC: [8] Undefined index: db_dsn D:\work_space\www\fridaysystem\2\include\Lib\Core\Db.class.php 第 129 行.
NOTIC: [8] Undefined index: db_params D:\work_space\www\fridaysystem\2\include\Lib\Core\Db.class.php 第 130 行.
SQL: SELECT COUNT(student.id) AS AddNum, DATE_FORMAT(addTime, "%y-%m") AS month FROM student WHERE schoolId = '120014' GROUP BY DATE_FORMAT(addTime,"%y%m") [ RunTime:0.215412s ]

[ 2013-08-13T16:29:44+08:00 ] 127.0.0.1 /fridaysystem/2/index.php/School/MonthAddNum
INFO: [ app_begin ] --START--
INFO: ReadHtmlCache Behavior ::run [ RunTime:0.000726s ]
INFO: [ app_begin ] --END-- [ RunTime:0.000831s ]
SQL: SHOW COLUMNS FROM `school` [ RunTime:0.070289s ]
ERR: 1146:Table 'fridaysystem.school' doesn't exist
 [ SQL语句 ] : SHOW COLUMNS FROM `school`
NOTIC: [8] Undefined index: db_dsn D:\work_space\www\fridaysystem\2\include\Lib\Core\Db.class.php 第 129 行.
NOTIC: [8] Undefined index: db_params D:\work_space\www\fridaysystem\2\include\Lib\Core\Db.class.php 第 130 行.
SQL: SELECT COUNT(student.id) AS AddNum, DATE_FORMAT(addTime, "%y-%m") AS month FROM student WHERE schoolId = '1002' GROUP BY DATE_FORMAT(addTime,"%y%m") [ RunTime:0.688817s ]

[ 2013-08-13T16:32:11+08:00 ] 127.0.0.1 /fridaysystem/2/index.php/School/MonthAddNum
INFO: [ app_begin ] --START--
INFO: ReadHtmlCache Behavior ::run [ RunTime:0.000804s ]
INFO: [ app_begin ] --END-- [ RunTime:0.000922s ]
SQL: SHOW COLUMNS FROM `school` [ RunTime:0.097684s ]
ERR: 1146:Table 'fridaysystem.school' doesn't exist
 [ SQL语句 ] : SHOW COLUMNS FROM `school`
NOTIC: [8] Undefined index: db_dsn D:\work_space\www\fridaysystem\2\include\Lib\Core\Db.class.php 第 129 行.
NOTIC: [8] Undefined index: db_params D:\work_space\www\fridaysystem\2\include\Lib\Core\Db.class.php 第 130 行.
SQL: SELECT COUNT(student.id) AS AddNum, DATE_FORMAT(addTime, "%y-%m") AS month FROM student WHERE schoolId = '1001' GROUP BY DATE_FORMAT(addTime,"%y%m") [ RunTime:0.481358s ]

[ 2013-08-13T16:32:12+08:00 ] 127.0.0.1 /fridaysystem/2/index.php/School/MonthAddNum
INFO: [ app_begin ] --START--
INFO: ReadHtmlCache Behavior ::run [ RunTime:0.001171s ]
INFO: [ app_begin ] --END-- [ RunTime:0.001325s ]
SQL: SHOW COLUMNS FROM `school` [ RunTime:0.092936s ]
ERR: 1146:Table 'fridaysystem.school' doesn't exist
 [ SQL语句 ] : SHOW COLUMNS FROM `school`
NOTIC: [8] Undefined index: db_dsn D:\work_space\www\fridaysystem\2\include\Lib\Core\Db.class.php 第 129 行.
NOTIC: [8] Undefined index: db_params D:\work_space\www\fridaysystem\2\include\Lib\Core\Db.class.php 第 130 行.
SQL: SELECT COUNT(student.id) AS AddNum, DATE_FORMAT(addTime, "%y-%m") AS month FROM student WHERE schoolId = '1001' GROUP BY DATE_FORMAT(addTime,"%y%m") [ RunTime:0.051585s ]

[ 2013-08-13T16:32:21+08:00 ] 127.0.0.1 /fridaysystem/2/index.php/School/MonthAddNum
INFO: [ app_begin ] --START--
INFO: ReadHtmlCache Behavior ::run [ RunTime:0.000882s ]
INFO: [ app_begin ] --END-- [ RunTime:0.001013s ]
SQL: SHOW COLUMNS FROM `school` [ RunTime:0.067503s ]
ERR: 1146:Table 'fridaysystem.school' doesn't exist
 [ SQL语句 ] : SHOW COLUMNS FROM `school`
NOTIC: [8] Undefined index: db_dsn D:\work_space\www\fridaysystem\2\include\Lib\Core\Db.class.php 第 129 行.
NOTIC: [8] Undefined index: db_params D:\work_space\www\fridaysystem\2\include\Lib\Core\Db.class.php 第 130 行.
SQL: SELECT COUNT(student.id) AS AddNum, DATE_FORMAT(addTime, "%y-%m") AS month FROM student WHERE schoolId = '1001' GROUP BY DATE_FORMAT(addTime,"%y%m") [ RunTime:0.456539s ]

[ 2013-08-13T16:32:22+08:00 ] 127.0.0.1 /fridaysystem/2/index.php/School/MonthAddNum
INFO: [ app_begin ] --START--
INFO: ReadHtmlCache Behavior ::run [ RunTime:0.000784s ]
INFO: [ app_begin ] --END-- [ RunTime:0.000901s ]
SQL: SHOW COLUMNS FROM `school` [ RunTime:0.069834s ]
ERR: 1146:Table 'fridaysystem.school' doesn't exist
 [ SQL语句 ] : SHOW COLUMNS FROM `school`
NOTIC: [8] Undefined index: db_dsn D:\work_space\www\fridaysystem\2\include\Lib\Core\Db.class.php 第 129 行.
NOTIC: [8] Undefined index: db_params D:\work_space\www\fridaysystem\2\include\Lib\Core\Db.class.php 第 130 行.
SQL: SELECT COUNT(student.id) AS AddNum, DATE_FORMAT(addTime, "%y-%m") AS month FROM student WHERE schoolId = '1001' GROUP BY DATE_FORMAT(addTime,"%y%m") [ RunTime:0.061784s ]

[ 2013-08-13T16:41:35+08:00 ] 127.0.0.1 /fridaysystem/2/index.php/School/MonthAddNum
INFO: [ app_begin ] --START--
INFO: ReadHtmlCache Behavior ::run [ RunTime:0.000715s ]
INFO: [ app_begin ] --END-- [ RunTime:0.000808s ]
SQL: SHOW COLUMNS FROM `school` [ RunTime:0.065774s ]
ERR: 1146:Table 'fridaysystem.school' doesn't exist
 [ SQL语句 ] : SHOW COLUMNS FROM `school`
NOTIC: [8] Undefined index: db_dsn D:\work_space\www\fridaysystem\2\include\Lib\Core\Db.class.php 第 129 行.
NOTIC: [8] Undefined index: db_params D:\work_space\www\fridaysystem\2\include\Lib\Core\Db.class.php 第 130 行.
SQL: SELECT COUNT(student.id) AS AddNum, DATE_FORMAT(addTime, "%y-%m") AS month FROM student WHERE schoolId = '12002' GROUP BY DATE_FORMAT(addTime,"%y%m") [ RunTime:0.595650s ]

[ 2013-08-13T16:42:59+08:00 ] 127.0.0.1 /fridaysystem/2/index.php/School/MonthAddNum
INFO: [ app_begin ] --START--
INFO: ReadHtmlCache Behavior ::run [ RunTime:0.000490s ]
INFO: [ app_begin ] --END-- [ RunTime:0.000563s ]
SQL: SHOW COLUMNS FROM `school` [ RunTime:0.082555s ]
ERR: 1146:Table 'fridaysystem.school' doesn't exist
 [ SQL语句 ] : SHOW COLUMNS FROM `school`
NOTIC: [8] Undefined index: db_dsn D:\work_space\www\fridaysystem\2\include\Lib\Core\Db.class.php 第 129 行.
NOTIC: [8] Undefined index: db_params D:\work_space\www\fridaysystem\2\include\Lib\Core\Db.class.php 第 130 行.
SQL: SELECT COUNT(student.id) AS AddNum, DATE_FORMAT(addTime, "%y-%m") AS month FROM student WHERE schoolId = '1001' GROUP BY DATE_FORMAT(addTime,"%y%m") [ RunTime:0.813793s ]

[ 2013-08-13T16:45:00+08:00 ] 127.0.0.1 /fridaysystem/2/index.php/School/MonthAddNum
INFO: [ app_begin ] --START--
INFO: ReadHtmlCache Behavior ::run [ RunTime:0.000921s ]
INFO: [ app_begin ] --END-- [ RunTime:0.001076s ]
SQL: SHOW COLUMNS FROM `school` [ RunTime:0.106121s ]
ERR: 1146:Table 'fridaysystem.school' doesn't exist
 [ SQL语句 ] : SHOW COLUMNS FROM `school`
NOTIC: [8] Undefined index: db_dsn D:\work_space\www\fridaysystem\2\include\Lib\Core\Db.class.php 第 129 行.
NOTIC: [8] Undefined index: db_params D:\work_space\www\fridaysystem\2\include\Lib\Core\Db.class.php 第 130 行.
SQL: SELECT COUNT(student.id) AS AddNum, DATE_FORMAT(addTime, "%y-%m") AS month FROM student WHERE schoolId = '1001' GROUP BY DATE_FORMAT(addTime,"%y%m") [ RunTime:0.839221s ]

[ 2013-08-13T16:46:28+08:00 ] 127.0.0.1 /fridaysystem/2/index.php/School/MonthAddNum
INFO: [ app_begin ] --START--
INFO: ReadHtmlCache Behavior ::run [ RunTime:0.000622s ]
INFO: [ app_begin ] --END-- [ RunTime:0.000715s ]
SQL: SHOW COLUMNS FROM `school` [ RunTime:0.057207s ]
ERR: 1146:Table 'fridaysystem.school' doesn't exist
 [ SQL语句 ] : SHOW COLUMNS FROM `school`
NOTIC: [8] Undefined index: db_dsn D:\work_space\www\fridaysystem\2\include\Lib\Core\Db.class.php 第 129 行.
NOTIC: [8] Undefined index: db_params D:\work_space\www\fridaysystem\2\include\Lib\Core\Db.class.php 第 130 行.
SQL: SELECT COUNT(student.id) AS AddNum, DATE_FORMAT(addTime, "%y-%m") AS month FROM student WHERE schoolId = '1001' GROUP BY DATE_FORMAT(addTime,"%y%m") [ RunTime:0.604550s ]

