[ 2013-08-14T18:03:36+08:00 ] 127.0.0.1 /fridaysystem/2/index.php/Login/CheckLogin
INFO: [ app_begin ] --START--
INFO: ReadHtmlCache Behavior ::run [ RunTime:0.001730s ]
INFO: [ app_begin ] --END-- [ RunTime:0.002014s ]
SQL: SHOW COLUMNS FROM `admin` [ RunTime:0.232310s ]
SQL: SELECT * FROM `admin` WHERE ( `admin_account` = 'xtuone' ) LIMIT 1   [ RunTime:0.237976s ]

[ 2013-08-14T18:04:23+08:00 ] 127.0.0.1 /fridaysystem/2/index.php/School/SchoolGrade
INFO: [ app_begin ] --START--
INFO: ReadHtmlCache Behavior ::run [ RunTime:0.001005s ]
INFO: [ app_begin ] --END-- [ RunTime:0.001150s ]

[ 2013-08-14T18:04:31+08:00 ] 127.0.0.1 /fridaysystem/2/index.php/School/SchoolMonthNum
INFO: [ app_begin ] --START--
INFO: ReadHtmlCache Behavior ::run [ RunTime:0.000994s ]
INFO: [ app_begin ] --END-- [ RunTime:0.001144s ]

[ 2013-08-14T18:04:50+08:00 ] 127.0.0.1 /fridaysystem/2/index.php/School/WeekData
INFO: [ app_begin ] --START--
INFO: ReadHtmlCache Behavior ::run [ RunTime:0.000860s ]
INFO: [ app_begin ] --END-- [ RunTime:0.000986s ]

[ 2013-08-14T18:05:03+08:00 ] 127.0.0.1 /fridaysystem/2/index.php/School/MonthAddNum
INFO: [ app_begin ] --START--
INFO: ReadHtmlCache Behavior ::run [ RunTime:0.001053s ]
INFO: [ app_begin ] --END-- [ RunTime:0.001199s ]
SQL: SHOW COLUMNS FROM `school` [ RunTime:0.060324s ]
ERR: 1146:Table 'fridaysystem.school' doesn't exist
 [ SQL语句 ] : SHOW COLUMNS FROM `school`
NOTIC: [8] Undefined index: db_dsn D:\work_space\www\fridaysystem\2\include\Lib\Core\Db.class.php 第 129 行.
NOTIC: [8] Undefined index: db_params D:\work_space\www\fridaysystem\2\include\Lib\Core\Db.class.php 第 130 行.
SQL: SELECT COUNT(student.id) AS AddNum, DATE_FORMAT(addTime, "%y-%m") AS month FROM student WHERE schoolId = '11001' GROUP BY DATE_FORMAT(addTime,"%y%m") [ RunTime:0.734111s ]

[ 2013-08-14T18:05:19+08:00 ] 127.0.0.1 /fridaysystem/2/index.php/School/MonthAddNum
INFO: [ app_begin ] --START--
INFO: ReadHtmlCache Behavior ::run [ RunTime:0.001049s ]
INFO: [ app_begin ] --END-- [ RunTime:0.001199s ]
SQL: SHOW COLUMNS FROM `school` [ RunTime:0.060314s ]
ERR: 1146:Table 'fridaysystem.school' doesn't exist
 [ SQL语句 ] : SHOW COLUMNS FROM `school`
NOTIC: [8] Undefined index: db_dsn D:\work_space\www\fridaysystem\2\include\Lib\Core\Db.class.php 第 129 行.
NOTIC: [8] Undefined index: db_params D:\work_space\www\fridaysystem\2\include\Lib\Core\Db.class.php 第 130 行.
SQL: SELECT COUNT(student.id) AS AddNum, DATE_FORMAT(addTime, "%y-%m") AS month FROM student WHERE schoolId = '11001' GROUP BY DATE_FORMAT(addTime,"%y%m") [ RunTime:0.419206s ]

[ 2013-08-14T18:13:47+08:00 ] 127.0.0.1 /fridaysystem/2/index.php/School/MonthAddNum
INFO: [ app_begin ] --START--
INFO: ReadHtmlCache Behavior ::run [ RunTime:0.000928s ]
INFO: [ app_begin ] --END-- [ RunTime:0.001045s ]
SQL: SHOW COLUMNS FROM `school` [ RunTime:0.056512s ]
ERR: 1146:Table 'fridaysystem.school' doesn't exist
 [ SQL语句 ] : SHOW COLUMNS FROM `school`
NOTIC: [8] Undefined index: db_dsn D:\work_space\www\fridaysystem\2\include\Lib\Core\Db.class.php 第 129 行.
NOTIC: [8] Undefined index: db_params D:\work_space\www\fridaysystem\2\include\Lib\Core\Db.class.php 第 130 行.
SQL: SELECT COUNT(student.id) AS AddNum, DATE_FORMAT(addTime, "%y-%m") AS month FROM student WHERE schoolId = '1100110' GROUP BY DATE_FORMAT(addTime,"%y%m") [ RunTime:0.070445s ]

[ 2013-08-14T18:14:10+08:00 ] 127.0.0.1 /fridaysystem/2/index.php/School/MonthAddNum
INFO: [ app_begin ] --START--
INFO: ReadHtmlCache Behavior ::run [ RunTime:0.000972s ]
INFO: [ app_begin ] --END-- [ RunTime:0.001114s ]
SQL: SHOW COLUMNS FROM `school` [ RunTime:0.050811s ]
ERR: 1146:Table 'fridaysystem.school' doesn't exist
 [ SQL语句 ] : SHOW COLUMNS FROM `school`
NOTIC: [8] Undefined index: db_dsn D:\work_space\www\fridaysystem\2\include\Lib\Core\Db.class.php 第 129 行.
NOTIC: [8] Undefined index: db_params D:\work_space\www\fridaysystem\2\include\Lib\Core\Db.class.php 第 130 行.
SQL: SELECT COUNT(student.id) AS AddNum, DATE_FORMAT(addTime, "%y-%m") AS month FROM student WHERE schoolId = '12005' GROUP BY DATE_FORMAT(addTime,"%y%m") [ RunTime:0.292036s ]

[ 2013-08-14T18:15:50+08:00 ] 127.0.0.1 /fridaysystem/2/index.php/School/WeekData
INFO: [ app_begin ] --START--
INFO: ReadHtmlCache Behavior ::run [ RunTime:0.001305s ]
INFO: [ app_begin ] --END-- [ RunTime:0.001461s ]

[ 2013-08-14T18:16:15+08:00 ] 127.0.0.1 /fridaysystem/2/index.php/School/WeekData
INFO: [ app_begin ] --START--
INFO: ReadHtmlCache Behavior ::run [ RunTime:0.001822s ]
INFO: [ app_begin ] --END-- [ RunTime:0.002090s ]

