[ 2013-08-12T10:20:18+08:00 ] 127.0.0.1 /fridaysystem/2/index.php/DataCreate/MonthDataNumAdd
ERR: 非法操作:MonthDataNumAdd

[ 2013-08-12T10:27:23+08:00 ] 127.0.0.1 /fridaysystem/2/index.php/DataCreate/MonthDataNumAdd
ERR: 非法操作:MonthDataNumAdd

[ 2013-08-12T10:42:04+08:00 ] 127.0.0.1 /fridaysystem/2/index.php/Login/CheckLogin
INFO: [ app_begin ] --START--
INFO: ReadHtmlCache Behavior ::run [ RunTime:0.001222s ]
INFO: [ app_begin ] --END-- [ RunTime:0.001369s ]
SQL: SHOW COLUMNS FROM `admin` [ RunTime:0.058941s ]
SQL: SELECT * FROM `admin` WHERE ( `admin_account` = 'xtuone' ) LIMIT 1   [ RunTime:0.055091s ]

[ 2013-08-12T10:42:11+08:00 ] 127.0.0.1 /fridaysystem/2/index.php/School/SchoolMonthNum
INFO: [ app_begin ] --START--
INFO: ReadHtmlCache Behavior ::run [ RunTime:0.001083s ]
INFO: [ app_begin ] --END-- [ RunTime:0.001233s ]

[ 2013-08-12T10:47:21+08:00 ] 127.0.0.1 /fridaysystem/2/index.php/School/WeekData
INFO: [ app_begin ] --START--
INFO: ReadHtmlCache Behavior ::run [ RunTime:0.001217s ]
INFO: [ app_begin ] --END-- [ RunTime:0.001370s ]

[ 2013-08-12T14:32:02+08:00 ] 127.0.0.1 /fridaysystem/2/index.php/School/WeekData
INFO: [ app_begin ] --START--
INFO: ReadHtmlCache Behavior ::run [ RunTime:0.000627s ]
INFO: [ app_begin ] --END-- [ RunTime:0.000716s ]

[ 2013-08-12T14:33:24+08:00 ] 127.0.0.1 /fridaysystem/2/index.php/School/SchoolMonthNum
INFO: [ app_begin ] --START--
INFO: ReadHtmlCache Behavior ::run [ RunTime:0.000696s ]
INFO: [ app_begin ] --END-- [ RunTime:0.000803s ]

[ 2013-08-12T14:34:56+08:00 ] 127.0.0.1 /fridaysystem/2/index.php/School/SchoolMonthNum
INFO: [ app_begin ] --START--
INFO: ReadHtmlCache Behavior ::run [ RunTime:0.001026s ]
INFO: [ app_begin ] --END-- [ RunTime:0.001163s ]

[ 2013-08-12T14:37:13+08:00 ] 127.0.0.1 /fridaysystem/2/index.php/School/SchoolMonthNum
INFO: [ app_begin ] --START--
INFO: ReadHtmlCache Behavior ::run [ RunTime:0.000557s ]
INFO: [ app_begin ] --END-- [ RunTime:0.000638s ]

[ 2013-08-12T14:50:42+08:00 ] 127.0.0.1 /fridaysystem/2/index.php/School/SchoolMonthNum
INFO: [ app_begin ] --START--
INFO: ReadHtmlCache Behavior ::run [ RunTime:0.000698s ]
INFO: [ app_begin ] --END-- [ RunTime:0.000800s ]

[ 2013-08-12T14:51:43+08:00 ] 127.0.0.1 /fridaysystem/2/index.php/School/SchoolMonthNum
INFO: [ app_begin ] --START--
INFO: ReadHtmlCache Behavior ::run [ RunTime:0.000871s ]
INFO: [ app_begin ] --END-- [ RunTime:0.001016s ]

[ 2013-08-12T14:52:09+08:00 ] 127.0.0.1 /fridaysystem/2/index.php/School/SchoolMonthNum
INFO: [ app_begin ] --START--
INFO: ReadHtmlCache Behavior ::run [ RunTime:0.000508s ]
INFO: [ app_begin ] --END-- [ RunTime:0.000586s ]

[ 2013-08-12T14:53:24+08:00 ] 127.0.0.1 /fridaysystem/2/index.php/School/SchoolMonthNum
INFO: [ app_begin ] --START--
INFO: ReadHtmlCache Behavior ::run [ RunTime:0.000644s ]
INFO: [ app_begin ] --END-- [ RunTime:0.000732s ]

[ 2013-08-12T14:53:33+08:00 ] 127.0.0.1 /fridaysystem/2/index.php/School/SchoolMonthNum
INFO: [ app_begin ] --START--
INFO: ReadHtmlCache Behavior ::run [ RunTime:0.000604s ]
INFO: [ app_begin ] --END-- [ RunTime:0.000693s ]

[ 2013-08-12T15:01:26+08:00 ] 127.0.0.1 /fridaysystem/2/index.php/DataCreate/MonthAddNum
ERR: 非法操作:MonthAddNum

[ 2013-08-12T16:58:01+08:00 ] 127.0.0.1 /fridaysystem/2/index.php/Login/CheckLogin
INFO: [ app_begin ] --START--
INFO: ReadHtmlCache Behavior ::run [ RunTime:0.001030s ]
INFO: [ app_begin ] --END-- [ RunTime:0.001149s ]
SQL: SHOW COLUMNS FROM `admin` [ RunTime:0.090461s ]
SQL: SELECT * FROM `admin` WHERE ( `admin_account` = 'xtuone' ) LIMIT 1   [ RunTime:0.079096s ]

[ 2013-08-12T17:13:13+08:00 ] 127.0.0.1 /fridaysystem/2/index.php/School/SchoolMonthNum
INFO: [ app_begin ] --START--
INFO: ReadHtmlCache Behavior ::run [ RunTime:0.000746s ]
INFO: [ app_begin ] --END-- [ RunTime:0.000858s ]

[ 2013-08-12T17:14:03+08:00 ] 127.0.0.1 /fridaysystem/2/index.php/School/MonthAddNum
INFO: [ app_begin ] --START--
INFO: ReadHtmlCache Behavior ::run [ RunTime:0.000817s ]
INFO: [ app_begin ] --END-- [ RunTime:0.000926s ]
SQL: SHOW COLUMNS FROM `school` [ RunTime:0.069844s ]
ERR: 1146:Table 'fridaysystem.school' doesn't exist
 [ SQL语句 ] : SHOW COLUMNS FROM `school`
NOTIC: [8] Undefined index: db_dsn D:\work_space\www\fridaysystem\2\include\Lib\Core\Db.class.php 第 129 行.
NOTIC: [8] Undefined index: db_params D:\work_space\www\fridaysystem\2\include\Lib\Core\Db.class.php 第 130 行.
SQL: SELECT COUNT(student.id) AS AddNum, DATE_FORMAT(addTime, "%y-%m") AS month FROM student WHERE schoolId = 1002 GROUP BY DATE_FORMAT(addTime,"%y%m") [ RunTime:0.456639s ]

[ 2013-08-12T17:15:09+08:00 ] 127.0.0.1 /fridaysystem/2/index.php/School/MonthAddNum
INFO: [ app_begin ] --START--
INFO: ReadHtmlCache Behavior ::run [ RunTime:0.001090s ]
INFO: [ app_begin ] --END-- [ RunTime:0.001259s ]
SQL: SHOW COLUMNS FROM `school` [ RunTime:0.396969s ]
ERR: 1146:Table 'fridaysystem.school' doesn't exist
 [ SQL语句 ] : SHOW COLUMNS FROM `school`
NOTIC: [8] Undefined index: db_dsn D:\work_space\www\fridaysystem\2\include\Lib\Core\Db.class.php 第 129 行.
NOTIC: [8] Undefined index: db_params D:\work_space\www\fridaysystem\2\include\Lib\Core\Db.class.php 第 130 行.
SQL: SELECT COUNT(student.id) AS AddNum, DATE_FORMAT(addTime, "%y-%m") AS month FROM student WHERE schoolId = 1002 GROUP BY DATE_FORMAT(addTime,"%y%m") [ RunTime:0.577760s ]

[ 2013-08-12T17:15:11+08:00 ] 127.0.0.1 /fridaysystem/2/index.php/School/MonthAddNum
INFO: [ app_begin ] --START--
INFO: ReadHtmlCache Behavior ::run [ RunTime:0.001094s ]
INFO: [ app_begin ] --END-- [ RunTime:0.001221s ]
SQL: SHOW COLUMNS FROM `school` [ RunTime:0.051438s ]
ERR: 1146:Table 'fridaysystem.school' doesn't exist
 [ SQL语句 ] : SHOW COLUMNS FROM `school`
NOTIC: [8] Undefined index: db_dsn D:\work_space\www\fridaysystem\2\include\Lib\Core\Db.class.php 第 129 行.
NOTIC: [8] Undefined index: db_params D:\work_space\www\fridaysystem\2\include\Lib\Core\Db.class.php 第 130 行.
SQL: SELECT COUNT(student.id) AS AddNum, DATE_FORMAT(addTime, "%y-%m") AS month FROM student WHERE schoolId = 1002 GROUP BY DATE_FORMAT(addTime,"%y%m") [ RunTime:0.629282s ]

[ 2013-08-12T17:15:25+08:00 ] 127.0.0.1 /fridaysystem/2/index.php/School/MonthAddNum
INFO: [ app_begin ] --START--
INFO: ReadHtmlCache Behavior ::run [ RunTime:0.002948s ]
INFO: [ app_begin ] --END-- [ RunTime:0.003113s ]
SQL: SHOW COLUMNS FROM `school` [ RunTime:0.055897s ]
ERR: 1146:Table 'fridaysystem.school' doesn't exist
 [ SQL语句 ] : SHOW COLUMNS FROM `school`
NOTIC: [8] Undefined index: db_dsn D:\work_space\www\fridaysystem\2\include\Lib\Core\Db.class.php 第 129 行.
NOTIC: [8] Undefined index: db_params D:\work_space\www\fridaysystem\2\include\Lib\Core\Db.class.php 第 130 行.
SQL: SELECT COUNT(student.id) AS AddNum, DATE_FORMAT(addTime, "%y-%m") AS month FROM student WHERE schoolId = 1002 GROUP BY DATE_FORMAT(addTime,"%y%m") [ RunTime:0.949739s ]

[ 2013-08-12T17:15:32+08:00 ] 127.0.0.1 /fridaysystem/2/index.php/School/MonthAddNum
INFO: [ app_begin ] --START--
INFO: ReadHtmlCache Behavior ::run [ RunTime:0.000783s ]
INFO: [ app_begin ] --END-- [ RunTime:0.000904s ]
SQL: SHOW COLUMNS FROM `school` [ RunTime:0.091005s ]
ERR: 1146:Table 'fridaysystem.school' doesn't exist
 [ SQL语句 ] : SHOW COLUMNS FROM `school`
NOTIC: [8] Undefined index: db_dsn D:\work_space\www\fridaysystem\2\include\Lib\Core\Db.class.php 第 129 行.
NOTIC: [8] Undefined index: db_params D:\work_space\www\fridaysystem\2\include\Lib\Core\Db.class.php 第 130 行.
SQL: SELECT COUNT(student.id) AS AddNum, DATE_FORMAT(addTime, "%y-%m") AS month FROM student WHERE schoolId = 1002 GROUP BY DATE_FORMAT(addTime,"%y%m") [ RunTime:0.732290s ]

[ 2013-08-12T17:15:37+08:00 ] 127.0.0.1 /fridaysystem/2/index.php/School/MonthAddNum
INFO: [ app_begin ] --START--
INFO: ReadHtmlCache Behavior ::run [ RunTime:0.000595s ]
INFO: [ app_begin ] --END-- [ RunTime:0.000685s ]
SQL: SHOW COLUMNS FROM `school` [ RunTime:0.055591s ]
ERR: 1146:Table 'fridaysystem.school' doesn't exist
 [ SQL语句 ] : SHOW COLUMNS FROM `school`
NOTIC: [8] Undefined index: db_dsn D:\work_space\www\fridaysystem\2\include\Lib\Core\Db.class.php 第 129 行.
NOTIC: [8] Undefined index: db_params D:\work_space\www\fridaysystem\2\include\Lib\Core\Db.class.php 第 130 行.
SQL: SELECT COUNT(student.id) AS AddNum, DATE_FORMAT(addTime, "%y-%m") AS month FROM student WHERE schoolId = 1002 GROUP BY DATE_FORMAT(addTime,"%y%m") [ RunTime:0.638107s ]

[ 2013-08-12T17:15:58+08:00 ] 127.0.0.1 /fridaysystem/2/index.php/School/MonthAddNum
INFO: [ app_begin ] --START--
INFO: ReadHtmlCache Behavior ::run [ RunTime:0.000912s ]
INFO: [ app_begin ] --END-- [ RunTime:0.001047s ]
SQL: SHOW COLUMNS FROM `school` [ RunTime:0.402010s ]
ERR: 1146:Table 'fridaysystem.school' doesn't exist
 [ SQL语句 ] : SHOW COLUMNS FROM `school`
NOTIC: [8] Undefined index: db_dsn D:\work_space\www\fridaysystem\2\include\Lib\Core\Db.class.php 第 129 行.
NOTIC: [8] Undefined index: db_params D:\work_space\www\fridaysystem\2\include\Lib\Core\Db.class.php 第 130 行.
SQL: SELECT COUNT(student.id) AS AddNum, DATE_FORMAT(addTime, "%y-%m") AS month FROM student WHERE schoolId = 1002 GROUP BY DATE_FORMAT(addTime,"%y%m") [ RunTime:0.774149s ]

[ 2013-08-12T17:16:40+08:00 ] 127.0.0.1 /fridaysystem/2/index.php/School/MonthAddNum
INFO: [ app_begin ] --START--
INFO: ReadHtmlCache Behavior ::run [ RunTime:0.001038s ]
INFO: [ app_begin ] --END-- [ RunTime:0.001183s ]
SQL: SHOW COLUMNS FROM `school` [ RunTime:0.056686s ]
ERR: 1146:Table 'fridaysystem.school' doesn't exist
 [ SQL语句 ] : SHOW COLUMNS FROM `school`
NOTIC: [8] Undefined index: db_dsn D:\work_space\www\fridaysystem\2\include\Lib\Core\Db.class.php 第 129 行.
NOTIC: [8] Undefined index: db_params D:\work_space\www\fridaysystem\2\include\Lib\Core\Db.class.php 第 130 行.
SQL: SELECT COUNT(student.id) AS AddNum, DATE_FORMAT(addTime, "%y-%m") AS month FROM student WHERE schoolId = 1002 GROUP BY DATE_FORMAT(addTime,"%y%m") [ RunTime:1.499039s ]

[ 2013-08-12T17:17:16+08:00 ] 127.0.0.1 /fridaysystem/2/index.php/School/MonthAddNum
INFO: [ app_begin ] --START--
INFO: ReadHtmlCache Behavior ::run [ RunTime:0.000924s ]
INFO: [ app_begin ] --END-- [ RunTime:0.001062s ]
SQL: SHOW COLUMNS FROM `school` [ RunTime:0.049590s ]
ERR: 1146:Table 'fridaysystem.school' doesn't exist
 [ SQL语句 ] : SHOW COLUMNS FROM `school`
NOTIC: [8] Undefined index: db_dsn D:\work_space\www\fridaysystem\2\include\Lib\Core\Db.class.php 第 129 行.
NOTIC: [8] Undefined index: db_params D:\work_space\www\fridaysystem\2\include\Lib\Core\Db.class.php 第 130 行.
SQL: SELECT COUNT(student.id) AS AddNum, DATE_FORMAT(addTime, "%y-%m") AS month FROM student WHERE schoolId = 1002 GROUP BY DATE_FORMAT(addTime,"%y%m") [ RunTime:0.925960s ]

[ 2013-08-12T17:18:00+08:00 ] 127.0.0.1 /fridaysystem/2/index.php/School/MonthAddNum
INFO: [ app_begin ] --START--
INFO: ReadHtmlCache Behavior ::run [ RunTime:0.000897s ]
INFO: [ app_begin ] --END-- [ RunTime:0.001013s ]
SQL: SHOW COLUMNS FROM `school` [ RunTime:0.052768s ]
ERR: 1146:Table 'fridaysystem.school' doesn't exist
 [ SQL语句 ] : SHOW COLUMNS FROM `school`
NOTIC: [8] Undefined index: db_dsn D:\work_space\www\fridaysystem\2\include\Lib\Core\Db.class.php 第 129 行.
NOTIC: [8] Undefined index: db_params D:\work_space\www\fridaysystem\2\include\Lib\Core\Db.class.php 第 130 行.
SQL: SELECT COUNT(student.id) AS AddNum, DATE_FORMAT(addTime, "%y-%m") AS month FROM student WHERE schoolId = '1001' GROUP BY DATE_FORMAT(addTime,"%y%m") [ RunTime:0.423783s ]

[ 2013-08-12T17:18:07+08:00 ] 127.0.0.1 /fridaysystem/2/index.php/School/MonthAddNum
INFO: [ app_begin ] --START--
INFO: ReadHtmlCache Behavior ::run [ RunTime:0.001107s ]
INFO: [ app_begin ] --END-- [ RunTime:0.001292s ]
SQL: SHOW COLUMNS FROM `school` [ RunTime:0.050308s ]
ERR: 1146:Table 'fridaysystem.school' doesn't exist
 [ SQL语句 ] : SHOW COLUMNS FROM `school`
NOTIC: [8] Undefined index: db_dsn D:\work_space\www\fridaysystem\2\include\Lib\Core\Db.class.php 第 129 行.
NOTIC: [8] Undefined index: db_params D:\work_space\www\fridaysystem\2\include\Lib\Core\Db.class.php 第 130 行.
SQL: SELECT COUNT(student.id) AS AddNum, DATE_FORMAT(addTime, "%y-%m") AS month FROM student WHERE schoolId = '180028' GROUP BY DATE_FORMAT(addTime,"%y%m") [ RunTime:0.359820s ]

[ 2013-08-12T17:18:51+08:00 ] 127.0.0.1 /fridaysystem/2/index.php/School/MonthAddNum
INFO: [ app_begin ] --START--
INFO: ReadHtmlCache Behavior ::run [ RunTime:0.000725s ]
INFO: [ app_begin ] --END-- [ RunTime:0.000832s ]
SQL: SHOW COLUMNS FROM `school` [ RunTime:0.050796s ]
ERR: 1146:Table 'fridaysystem.school' doesn't exist
 [ SQL语句 ] : SHOW COLUMNS FROM `school`
NOTIC: [8] Undefined index: db_dsn D:\work_space\www\fridaysystem\2\include\Lib\Core\Db.class.php 第 129 行.
NOTIC: [8] Undefined index: db_params D:\work_space\www\fridaysystem\2\include\Lib\Core\Db.class.php 第 130 行.
SQL: SELECT COUNT(student.id) AS AddNum, DATE_FORMAT(addTime, "%y-%m") AS month FROM student WHERE schoolId = '1001' GROUP BY DATE_FORMAT(addTime,"%y%m") [ RunTime:0.776878s ]

[ 2013-08-12T17:19:34+08:00 ] 127.0.0.1 /fridaysystem/2/index.php/School/MonthAddNum
INFO: [ app_begin ] --START--
INFO: ReadHtmlCache Behavior ::run [ RunTime:0.000744s ]
INFO: [ app_begin ] --END-- [ RunTime:0.000870s ]
SQL: SHOW COLUMNS FROM `school` [ RunTime:0.087523s ]
ERR: 1146:Table 'fridaysystem.school' doesn't exist
 [ SQL语句 ] : SHOW COLUMNS FROM `school`
NOTIC: [8] Undefined index: db_dsn D:\work_space\www\fridaysystem\2\include\Lib\Core\Db.class.php 第 129 行.
NOTIC: [8] Undefined index: db_params D:\work_space\www\fridaysystem\2\include\Lib\Core\Db.class.php 第 130 行.
SQL: SELECT COUNT(student.id) AS AddNum, DATE_FORMAT(addTime, "%y-%m") AS month FROM student WHERE schoolId = '1001' GROUP BY DATE_FORMAT(addTime,"%y%m") [ RunTime:0.836271s ]

[ 2013-08-12T17:20:56+08:00 ] 127.0.0.1 /fridaysystem/2/index.php/School/MonthAddNum
INFO: [ app_begin ] --START--
INFO: ReadHtmlCache Behavior ::run [ RunTime:0.000938s ]
INFO: [ app_begin ] --END-- [ RunTime:0.001077s ]
SQL: SHOW COLUMNS FROM `school` [ RunTime:0.097534s ]
ERR: 1146:Table 'fridaysystem.school' doesn't exist
 [ SQL语句 ] : SHOW COLUMNS FROM `school`
NOTIC: [8] Undefined index: db_dsn D:\work_space\www\fridaysystem\2\include\Lib\Core\Db.class.php 第 129 行.
NOTIC: [8] Undefined index: db_params D:\work_space\www\fridaysystem\2\include\Lib\Core\Db.class.php 第 130 行.
SQL: SELECT COUNT(student.id) AS AddNum, DATE_FORMAT(addTime, "%y-%m") AS month FROM student WHERE schoolId = '1002' GROUP BY DATE_FORMAT(addTime,"%y%m") [ RunTime:0.795200s ]

[ 2013-08-12T17:21:52+08:00 ] 127.0.0.1 /fridaysystem/2/index.php/School/MonthAddNum
INFO: [ app_begin ] --START--
INFO: ReadHtmlCache Behavior ::run [ RunTime:0.000602s ]
INFO: [ app_begin ] --END-- [ RunTime:0.000690s ]
SQL: SHOW COLUMNS FROM `school` [ RunTime:0.051080s ]
ERR: 1146:Table 'fridaysystem.school' doesn't exist
 [ SQL语句 ] : SHOW COLUMNS FROM `school`
NOTIC: [8] Undefined index: db_dsn D:\work_space\www\fridaysystem\2\include\Lib\Core\Db.class.php 第 129 行.
NOTIC: [8] Undefined index: db_params D:\work_space\www\fridaysystem\2\include\Lib\Core\Db.class.php 第 130 行.
SQL: SELECT COUNT(student.id) AS AddNum, DATE_FORMAT(addTime, "%y-%m") AS month FROM student WHERE schoolId = '1001' GROUP BY DATE_FORMAT(addTime,"%y%m") [ RunTime:0.497827s ]

[ 2013-08-12T17:22:36+08:00 ] 127.0.0.1 /fridaysystem/2/index.php/School/MonthAddNum
INFO: [ app_begin ] --START--
INFO: ReadHtmlCache Behavior ::run [ RunTime:0.000751s ]
INFO: [ app_begin ] --END-- [ RunTime:0.000860s ]
SQL: SHOW COLUMNS FROM `school` [ RunTime:0.090220s ]
ERR: 1146:Table 'fridaysystem.school' doesn't exist
 [ SQL语句 ] : SHOW COLUMNS FROM `school`
NOTIC: [8] Undefined index: db_dsn D:\work_space\www\fridaysystem\2\include\Lib\Core\Db.class.php 第 129 行.
NOTIC: [8] Undefined index: db_params D:\work_space\www\fridaysystem\2\include\Lib\Core\Db.class.php 第 130 行.
SQL: SELECT COUNT(student.id) AS AddNum, DATE_FORMAT(addTime, "%y-%m") AS month FROM student WHERE schoolId = '1001' GROUP BY DATE_FORMAT(addTime,"%y%m") [ RunTime:0.980230s ]

[ 2013-08-12T17:23:25+08:00 ] 127.0.0.1 /fridaysystem/2/index.php/School/MonthAddNum
INFO: [ app_begin ] --START--
INFO: ReadHtmlCache Behavior ::run [ RunTime:0.000505s ]
INFO: [ app_begin ] --END-- [ RunTime:0.000582s ]
SQL: SHOW COLUMNS FROM `school` [ RunTime:0.054390s ]
ERR: 1146:Table 'fridaysystem.school' doesn't exist
 [ SQL语句 ] : SHOW COLUMNS FROM `school`
NOTIC: [8] Undefined index: db_dsn D:\work_space\www\fridaysystem\2\include\Lib\Core\Db.class.php 第 129 行.
NOTIC: [8] Undefined index: db_params D:\work_space\www\fridaysystem\2\include\Lib\Core\Db.class.php 第 130 行.
SQL: SELECT COUNT(student.id) AS AddNum, DATE_FORMAT(addTime, "%y-%m") AS month FROM student WHERE schoolId = '1001' GROUP BY DATE_FORMAT(addTime,"%y%m") [ RunTime:0.412074s ]

[ 2013-08-12T17:24:12+08:00 ] 127.0.0.1 /fridaysystem/2/index.php/School/MonthAddNum
INFO: [ app_begin ] --START--
INFO: ReadHtmlCache Behavior ::run [ RunTime:0.000801s ]
INFO: [ app_begin ] --END-- [ RunTime:0.000921s ]
SQL: SHOW COLUMNS FROM `school` [ RunTime:0.301147s ]
ERR: 1146:Table 'fridaysystem.school' doesn't exist
 [ SQL语句 ] : SHOW COLUMNS FROM `school`
NOTIC: [8] Undefined index: db_dsn D:\work_space\www\fridaysystem\2\include\Lib\Core\Db.class.php 第 129 行.
NOTIC: [8] Undefined index: db_params D:\work_space\www\fridaysystem\2\include\Lib\Core\Db.class.php 第 130 行.
SQL: SELECT COUNT(student.id) AS AddNum, DATE_FORMAT(addTime, "%y-%m") AS month FROM student WHERE schoolId = '1001' GROUP BY DATE_FORMAT(addTime,"%y%m") [ RunTime:1.372821s ]

[ 2013-08-12T17:24:14+08:00 ] 127.0.0.1 /fridaysystem/2/index.php/School/MonthAddNum
INFO: [ app_begin ] --START--
INFO: ReadHtmlCache Behavior ::run [ RunTime:0.000717s ]
INFO: [ app_begin ] --END-- [ RunTime:0.000809s ]
SQL: SHOW COLUMNS FROM `school` [ RunTime:0.059134s ]
ERR: 1146:Table 'fridaysystem.school' doesn't exist
 [ SQL语句 ] : SHOW COLUMNS FROM `school`
NOTIC: [8] Undefined index: db_dsn D:\work_space\www\fridaysystem\2\include\Lib\Core\Db.class.php 第 129 行.
NOTIC: [8] Undefined index: db_params D:\work_space\www\fridaysystem\2\include\Lib\Core\Db.class.php 第 130 行.
SQL: SELECT COUNT(student.id) AS AddNum, DATE_FORMAT(addTime, "%y-%m") AS month FROM student WHERE schoolId = '1001' GROUP BY DATE_FORMAT(addTime,"%y%m") [ RunTime:0.366516s ]

[ 2013-08-12T17:25:37+08:00 ] 127.0.0.1 /fridaysystem/2/index.php/School/MonthAddNum
INFO: [ app_begin ] --START--
INFO: ReadHtmlCache Behavior ::run [ RunTime:0.000798s ]
INFO: [ app_begin ] --END-- [ RunTime:0.000920s ]
SQL: SHOW COLUMNS FROM `school` [ RunTime:0.112776s ]
ERR: 1146:Table 'fridaysystem.school' doesn't exist
 [ SQL语句 ] : SHOW COLUMNS FROM `school`
NOTIC: [8] Undefined index: db_dsn D:\work_space\www\fridaysystem\2\include\Lib\Core\Db.class.php 第 129 行.
NOTIC: [8] Undefined index: db_params D:\work_space\www\fridaysystem\2\include\Lib\Core\Db.class.php 第 130 行.
SQL: SELECT COUNT(student.id) AS AddNum, DATE_FORMAT(addTime, "%y-%m") AS month FROM student WHERE schoolId = '1001' GROUP BY DATE_FORMAT(addTime,"%y%m") [ RunTime:0.248545s ]

[ 2013-08-12T17:26:04+08:00 ] 127.0.0.1 /fridaysystem/2/index.php/School/SchoolMonthNum
INFO: [ app_begin ] --START--
INFO: ReadHtmlCache Behavior ::run [ RunTime:0.000852s ]
INFO: [ app_begin ] --END-- [ RunTime:0.000962s ]

[ 2013-08-12T17:26:09+08:00 ] 127.0.0.1 /fridaysystem/2/index.php/School/MonthAddNum
INFO: [ app_begin ] --START--
INFO: ReadHtmlCache Behavior ::run [ RunTime:0.000540s ]
INFO: [ app_begin ] --END-- [ RunTime:0.000620s ]
SQL: SHOW COLUMNS FROM `school` [ RunTime:0.058853s ]
ERR: 1146:Table 'fridaysystem.school' doesn't exist
 [ SQL语句 ] : SHOW COLUMNS FROM `school`
NOTIC: [8] Undefined index: db_dsn D:\work_space\www\fridaysystem\2\include\Lib\Core\Db.class.php 第 129 行.
NOTIC: [8] Undefined index: db_params D:\work_space\www\fridaysystem\2\include\Lib\Core\Db.class.php 第 130 行.
SQL: SELECT COUNT(student.id) AS AddNum, DATE_FORMAT(addTime, "%y-%m") AS month FROM student WHERE schoolId = '1001' GROUP BY DATE_FORMAT(addTime,"%y%m") [ RunTime:0.545784s ]

[ 2013-08-12T17:26:14+08:00 ] 127.0.0.1 /fridaysystem/2/index.php/School/MonthAddNum
INFO: [ app_begin ] --START--
INFO: ReadHtmlCache Behavior ::run [ RunTime:0.001100s ]
INFO: [ app_begin ] --END-- [ RunTime:0.001268s ]
SQL: SHOW COLUMNS FROM `school` [ RunTime:0.050240s ]
ERR: 1146:Table 'fridaysystem.school' doesn't exist
 [ SQL语句 ] : SHOW COLUMNS FROM `school`
NOTIC: [8] Undefined index: db_dsn D:\work_space\www\fridaysystem\2\include\Lib\Core\Db.class.php 第 129 行.
NOTIC: [8] Undefined index: db_params D:\work_space\www\fridaysystem\2\include\Lib\Core\Db.class.php 第 130 行.
SQL: SELECT COUNT(student.id) AS AddNum, DATE_FORMAT(addTime, "%y-%m") AS month FROM student WHERE schoolId = '1001' GROUP BY DATE_FORMAT(addTime,"%y%m") [ RunTime:0.717813s ]

[ 2013-08-12T17:26:21+08:00 ] 127.0.0.1 /fridaysystem/2/index.php/School/MonthAddNum
INFO: [ app_begin ] --START--
INFO: ReadHtmlCache Behavior ::run [ RunTime:0.002100s ]
INFO: [ app_begin ] --END-- [ RunTime:0.002248s ]
SQL: SHOW COLUMNS FROM `school` [ RunTime:0.049950s ]
ERR: 1146:Table 'fridaysystem.school' doesn't exist
 [ SQL语句 ] : SHOW COLUMNS FROM `school`
NOTIC: [8] Undefined index: db_dsn D:\work_space\www\fridaysystem\2\include\Lib\Core\Db.class.php 第 129 行.
NOTIC: [8] Undefined index: db_params D:\work_space\www\fridaysystem\2\include\Lib\Core\Db.class.php 第 130 行.
SQL: SELECT COUNT(student.id) AS AddNum, DATE_FORMAT(addTime, "%y-%m") AS month FROM student WHERE schoolId = '1200104' GROUP BY DATE_FORMAT(addTime,"%y%m") [ RunTime:0.550424s ]

[ 2013-08-12T17:34:01+08:00 ] 127.0.0.1 /fridaysystem/2/index.php/School/MonthAddNum
INFO: [ app_begin ] --START--
INFO: ReadHtmlCache Behavior ::run [ RunTime:0.001093s ]
INFO: [ app_begin ] --END-- [ RunTime:0.001231s ]
SQL: SHOW COLUMNS FROM `school` [ RunTime:0.068487s ]
ERR: 1146:Table 'fridaysystem.school' doesn't exist
 [ SQL语句 ] : SHOW COLUMNS FROM `school`
NOTIC: [8] Undefined index: db_dsn D:\work_space\www\fridaysystem\2\include\Lib\Core\Db.class.php 第 129 行.
NOTIC: [8] Undefined index: db_params D:\work_space\www\fridaysystem\2\include\Lib\Core\Db.class.php 第 130 行.
SQL: SELECT COUNT(student.id) AS AddNum, DATE_FORMAT(addTime, "%y-%m") AS month FROM student WHERE schoolId = '1002' GROUP BY DATE_FORMAT(addTime,"%y%m") [ RunTime:0.369828s ]

[ 2013-08-12T17:34:07+08:00 ] 127.0.0.1 /fridaysystem/2/index.php/School/SchoolMonthNum
INFO: [ app_begin ] --START--
INFO: ReadHtmlCache Behavior ::run [ RunTime:0.000991s ]
INFO: [ app_begin ] --END-- [ RunTime:0.001138s ]

[ 2013-08-12T17:41:11+08:00 ] 127.0.0.1 /fridaysystem/2/index.php/School/MonthAddNum
INFO: [ app_begin ] --START--
INFO: ReadHtmlCache Behavior ::run [ RunTime:0.000900s ]
INFO: [ app_begin ] --END-- [ RunTime:0.001014s ]
SQL: SHOW COLUMNS FROM `school` [ RunTime:0.058909s ]
ERR: 1146:Table 'fridaysystem.school' doesn't exist
 [ SQL语句 ] : SHOW COLUMNS FROM `school`
NOTIC: [8] Undefined index: db_dsn D:\work_space\www\fridaysystem\2\include\Lib\Core\Db.class.php 第 129 行.
NOTIC: [8] Undefined index: db_params D:\work_space\www\fridaysystem\2\include\Lib\Core\Db.class.php 第 130 行.
SQL: SELECT COUNT(student.id) AS AddNum, DATE_FORMAT(addTime, "%y-%m") AS month FROM student WHERE schoolId = '1001' GROUP BY DATE_FORMAT(addTime,"%y%m") [ RunTime:0.807566s ]

[ 2013-08-12T17:41:12+08:00 ] 127.0.0.1 /fridaysystem/2/index.php/School/MonthAddNum
INFO: [ app_begin ] --START--
INFO: ReadHtmlCache Behavior ::run [ RunTime:0.000966s ]
INFO: [ app_begin ] --END-- [ RunTime:0.001087s ]
SQL: SHOW COLUMNS FROM `school` [ RunTime:0.051153s ]
ERR: 1146:Table 'fridaysystem.school' doesn't exist
 [ SQL语句 ] : SHOW COLUMNS FROM `school`
NOTIC: [8] Undefined index: db_dsn D:\work_space\www\fridaysystem\2\include\Lib\Core\Db.class.php 第 129 行.
NOTIC: [8] Undefined index: db_params D:\work_space\www\fridaysystem\2\include\Lib\Core\Db.class.php 第 130 行.
SQL: SELECT COUNT(student.id) AS AddNum, DATE_FORMAT(addTime, "%y-%m") AS month FROM student WHERE schoolId = '1001' GROUP BY DATE_FORMAT(addTime,"%y%m") [ RunTime:0.116842s ]

[ 2013-08-12T17:43:10+08:00 ] 127.0.0.1 /fridaysystem/2/index.php/School/MonthAddNum
INFO: [ app_begin ] --START--
INFO: ReadHtmlCache Behavior ::run [ RunTime:0.000621s ]
INFO: [ app_begin ] --END-- [ RunTime:0.000708s ]
SQL: SHOW COLUMNS FROM `school` [ RunTime:0.049138s ]
ERR: 1146:Table 'fridaysystem.school' doesn't exist
 [ SQL语句 ] : SHOW COLUMNS FROM `school`
NOTIC: [8] Undefined index: db_dsn D:\work_space\www\fridaysystem\2\include\Lib\Core\Db.class.php 第 129 行.
NOTIC: [8] Undefined index: db_params D:\work_space\www\fridaysystem\2\include\Lib\Core\Db.class.php 第 130 行.
SQL: SELECT COUNT(student.id) AS AddNum, DATE_FORMAT(addTime, "%y-%m") AS month FROM student WHERE schoolId = '1001' GROUP BY DATE_FORMAT(addTime,"%y%m") [ RunTime:0.546228s ]

[ 2013-08-12T17:43:58+08:00 ] 127.0.0.1 /fridaysystem/2/index.php/School/WeekData
INFO: [ app_begin ] --START--
INFO: ReadHtmlCache Behavior ::run [ RunTime:0.000817s ]
INFO: [ app_begin ] --END-- [ RunTime:0.000944s ]

[ 2013-08-12T17:48:35+08:00 ] 127.0.0.1 /fridaysystem/2/index.php/School/SchoolGrade
INFO: [ app_begin ] --START--
INFO: ReadHtmlCache Behavior ::run [ RunTime:0.001001s ]
INFO: [ app_begin ] --END-- [ RunTime:0.001113s ]

[ 2013-08-12T17:48:38+08:00 ] 127.0.0.1 /fridaysystem/2/index.php/School/SchoolMonthNum
INFO: [ app_begin ] --START--
INFO: ReadHtmlCache Behavior ::run [ RunTime:0.000914s ]
INFO: [ app_begin ] --END-- [ RunTime:0.001050s ]

[ 2013-08-12T17:48:42+08:00 ] 127.0.0.1 /fridaysystem/2/index.php/School/WeekData
INFO: [ app_begin ] --START--
INFO: ReadHtmlCache Behavior ::run [ RunTime:0.000728s ]
INFO: [ app_begin ] --END-- [ RunTime:0.000834s ]

[ 2013-08-12T17:48:48+08:00 ] 127.0.0.1 /fridaysystem/2/index.php/School/MonthAddNum
INFO: [ app_begin ] --START--
INFO: ReadHtmlCache Behavior ::run [ RunTime:0.000759s ]
INFO: [ app_begin ] --END-- [ RunTime:0.000874s ]
SQL: SHOW COLUMNS FROM `school` [ RunTime:0.067288s ]
ERR: 1146:Table 'fridaysystem.school' doesn't exist
 [ SQL语句 ] : SHOW COLUMNS FROM `school`
NOTIC: [8] Undefined index: db_dsn D:\work_space\www\fridaysystem\2\include\Lib\Core\Db.class.php 第 129 行.
NOTIC: [8] Undefined index: db_params D:\work_space\www\fridaysystem\2\include\Lib\Core\Db.class.php 第 130 行.
SQL: SELECT COUNT(student.id) AS AddNum, DATE_FORMAT(addTime, "%y-%m") AS month FROM student WHERE schoolId = '1001' GROUP BY DATE_FORMAT(addTime,"%y%m") [ RunTime:0.421107s ]

[ 2013-08-12T17:48:49+08:00 ] 127.0.0.1 /fridaysystem/2/index.php/School/MonthAddNum
INFO: [ app_begin ] --START--
INFO: ReadHtmlCache Behavior ::run [ RunTime:0.001067s ]
INFO: [ app_begin ] --END-- [ RunTime:0.001212s ]
SQL: SHOW COLUMNS FROM `school` [ RunTime:0.056973s ]
ERR: 1146:Table 'fridaysystem.school' doesn't exist
 [ SQL语句 ] : SHOW COLUMNS FROM `school`
NOTIC: [8] Undefined index: db_dsn D:\work_space\www\fridaysystem\2\include\Lib\Core\Db.class.php 第 129 行.
NOTIC: [8] Undefined index: db_params D:\work_space\www\fridaysystem\2\include\Lib\Core\Db.class.php 第 130 行.
SQL: SELECT COUNT(student.id) AS AddNum, DATE_FORMAT(addTime, "%y-%m") AS month FROM student WHERE schoolId = '1001' GROUP BY DATE_FORMAT(addTime,"%y%m") [ RunTime:0.457522s ]

[ 2013-08-12T17:49:17+08:00 ] 127.0.0.1 /fridaysystem/2/index.php/School/MonthAddNum
INFO: [ app_begin ] --START--
INFO: ReadHtmlCache Behavior ::run [ RunTime:0.000784s ]
INFO: [ app_begin ] --END-- [ RunTime:0.000897s ]
SQL: SHOW COLUMNS FROM `school` [ RunTime:0.063907s ]
ERR: 1146:Table 'fridaysystem.school' doesn't exist
 [ SQL语句 ] : SHOW COLUMNS FROM `school`
NOTIC: [8] Undefined index: db_dsn D:\work_space\www\fridaysystem\2\include\Lib\Core\Db.class.php 第 129 行.
NOTIC: [8] Undefined index: db_params D:\work_space\www\fridaysystem\2\include\Lib\Core\Db.class.php 第 130 行.
SQL: SELECT COUNT(student.id) AS AddNum, DATE_FORMAT(addTime, "%y-%m") AS month FROM student WHERE schoolId = '210089' GROUP BY DATE_FORMAT(addTime,"%y%m") [ RunTime:0.173239s ]

