[ 2013-08-22T17:53:45+08:00 ] 127.0.0.1 /fridaysystem/2/index.php/Login/CheckLogin
INFO: [ app_begin ] --START--
INFO: ReadHtmlCache Behavior ::run [ RunTime:0.001375s ]
INFO: [ app_begin ] --END-- [ RunTime:0.001585s ]
SQL: SHOW COLUMNS FROM `admin` [ RunTime:0.097636s ]
SQL: SELECT * FROM `admin` WHERE ( `admin_account` = 'xtuone' ) LIMIT 1   [ RunTime:0.057005s ]

[ 2013-08-22T17:53:52+08:00 ] 127.0.0.1 /fridaysystem/2/index.php/DataMessage/ProvinceInfoShow
ERR: 非法操作:ProvinceInfoShow

[ 2013-08-22T17:54:44+08:00 ] 127.0.0.1 /fridaysystem/2/index.php/DataMessage/SchoolMonthNum
INFO: [ app_begin ] --START--
INFO: ReadHtmlCache Behavior ::run [ RunTime:0.000721s ]
INFO: [ app_begin ] --END-- [ RunTime:0.000832s ]
NOTIC: [2] file_get_contents(D:\work_space\www\fridaysystem\2/friday/Data/MonthsData.txt): failed to open stream: No such file or directory D:\work_space\www\fridaysystem\2\friday\Lib\Action\DataMessageAction.class.php 第 60 行.
NOTIC: [2] Invalid argument supplied for foreach() D:\work_space\www\fridaysystem\2\friday\Lib\Action\DataMessageAction.class.php 第 63 行.

[ 2013-08-22T17:54:50+08:00 ] 127.0.0.1 /fridaysystem/2/index.php/DataMessage/SchoolGrade
INFO: [ app_begin ] --START--
INFO: ReadHtmlCache Behavior ::run [ RunTime:0.001165s ]
INFO: [ app_begin ] --END-- [ RunTime:0.001309s ]

[ 2013-08-22T17:54:53+08:00 ] 127.0.0.1 /fridaysystem/2/index.php/DataMessage/SchoolMonthNum
INFO: [ app_begin ] --START--
INFO: ReadHtmlCache Behavior ::run [ RunTime:0.001097s ]
INFO: [ app_begin ] --END-- [ RunTime:0.001242s ]
NOTIC: [2] file_get_contents(D:\work_space\www\fridaysystem\2/friday/Data/MonthsData.txt): failed to open stream: No such file or directory D:\work_space\www\fridaysystem\2\friday\Lib\Action\DataMessageAction.class.php 第 60 行.
NOTIC: [2] Invalid argument supplied for foreach() D:\work_space\www\fridaysystem\2\friday\Lib\Action\DataMessageAction.class.php 第 63 行.

[ 2013-08-22T17:54:57+08:00 ] 127.0.0.1 /fridaysystem/2/index.php/DataMessage/WeekData
INFO: [ app_begin ] --START--
INFO: ReadHtmlCache Behavior ::run [ RunTime:0.000763s ]
INFO: [ app_begin ] --END-- [ RunTime:0.000883s ]

[ 2013-08-22T17:55:03+08:00 ] 127.0.0.1 /fridaysystem/2/index.php/DataMessage/SchoolMonthNum
INFO: [ app_begin ] --START--
INFO: ReadHtmlCache Behavior ::run [ RunTime:0.000616s ]
INFO: [ app_begin ] --END-- [ RunTime:0.000711s ]
NOTIC: [2] file_get_contents(D:\work_space\www\fridaysystem\2/friday/Data/MonthsData.txt): failed to open stream: No such file or directory D:\work_space\www\fridaysystem\2\friday\Lib\Action\DataMessageAction.class.php 第 60 行.
NOTIC: [2] Invalid argument supplied for foreach() D:\work_space\www\fridaysystem\2\friday\Lib\Action\DataMessageAction.class.php 第 63 行.

[ 2013-08-22T17:55:08+08:00 ] 127.0.0.1 /fridaysystem/2/index.php/DataMessage/EightWeekData
INFO: [ app_begin ] --START--
INFO: ReadHtmlCache Behavior ::run [ RunTime:0.001044s ]
INFO: [ app_begin ] --END-- [ RunTime:0.001209s ]

[ 2013-08-22T17:55:12+08:00 ] 127.0.0.1 /fridaysystem/2/index.php/DataMessage/DayAddRate
INFO: [ app_begin ] --START--
INFO: ReadHtmlCache Behavior ::run [ RunTime:0.001153s ]
INFO: [ app_begin ] --END-- [ RunTime:0.001335s ]

[ 2013-08-22T17:55:26+08:00 ] 127.0.0.1 /fridaysystem/2/index.php/DataMessage/MonthAddRate
INFO: [ app_begin ] --START--
INFO: ReadHtmlCache Behavior ::run [ RunTime:0.000756s ]
INFO: [ app_begin ] --END-- [ RunTime:0.000872s ]
SQL: SHOW COLUMNS FROM `data_message` [ RunTime:0.053333s ]
ERR: 1146:Table 'fridaysystem.data_message' doesn't exist
 [ SQL语句 ] : SHOW COLUMNS FROM `data_message`
NOTIC: [8] Undefined index: db_dsn D:\work_space\www\fridaysystem\2\include\Lib\Core\Db.class.php 第 129 行.
NOTIC: [8] Undefined index: db_params D:\work_space\www\fridaysystem\2\include\Lib\Core\Db.class.php 第 130 行.
SQL: SELECT COUNT(id) AS studentNum FROM student WHERE schoolId = '1001' [ RunTime:0.127321s ]
SQL: SELECT COUNT(student.id) AS AddNum, DATE_FORMAT(addTime, "%y-%m") AS month FROM student WHERE schoolId = '1001' GROUP BY DATE_FORMAT(addTime,"%y%m") [ RunTime:0.300358s ]

[ 2013-08-22T17:55:30+08:00 ] 127.0.0.1 /fridaysystem/2/index.php/DataMessage/MonthAddNum
INFO: [ app_begin ] --START--
INFO: ReadHtmlCache Behavior ::run [ RunTime:0.000722s ]
INFO: [ app_begin ] --END-- [ RunTime:0.000828s ]
SQL: SHOW COLUMNS FROM `data_message` [ RunTime:0.051253s ]
ERR: 1146:Table 'fridaysystem.data_message' doesn't exist
 [ SQL语句 ] : SHOW COLUMNS FROM `data_message`
NOTIC: [8] Undefined index: db_dsn D:\work_space\www\fridaysystem\2\include\Lib\Core\Db.class.php 第 129 行.
NOTIC: [8] Undefined index: db_params D:\work_space\www\fridaysystem\2\include\Lib\Core\Db.class.php 第 130 行.
SQL: SELECT COUNT(student.id) AS AddNum, DATE_FORMAT(addTime, "%y-%m") AS month FROM student WHERE schoolId = '1001' GROUP BY DATE_FORMAT(addTime,"%y%m") [ RunTime:0.062969s ]

[ 2013-08-22T17:55:34+08:00 ] 127.0.0.1 /fridaysystem/2/index.php/DataMessage/DayAddRate
INFO: [ app_begin ] --START--
INFO: ReadHtmlCache Behavior ::run [ RunTime:0.000561s ]
INFO: [ app_begin ] --END-- [ RunTime:0.000650s ]

[ 2013-08-22T17:59:53+08:00 ] 127.0.0.1 /fridaysystem/2/index.php/DataMessage/SchoolMonthNum
INFO: [ app_begin ] --START--
INFO: ReadHtmlCache Behavior ::run [ RunTime:0.000701s ]
INFO: [ app_begin ] --END-- [ RunTime:0.000793s ]
NOTIC: [2] file_get_contents(D:\work_space\www\fridaysystem\2/friday/Data/MonthsData.txt): failed to open stream: No such file or directory D:\work_space\www\fridaysystem\2\friday\Lib\Action\DataMessageAction.class.php 第 60 行.
NOTIC: [2] Invalid argument supplied for foreach() D:\work_space\www\fridaysystem\2\friday\Lib\Action\DataMessageAction.class.php 第 63 行.

[ 2013-08-22T17:59:58+08:00 ] 127.0.0.1 /fridaysystem/2/index.php/ProvinceMessage/Calculate
INFO: [ app_begin ] --START--
INFO: ReadHtmlCache Behavior ::run [ RunTime:0.000768s ]
INFO: [ app_begin ] --END-- [ RunTime:0.000876s ]

[ 2013-08-22T18:12:45+08:00 ] 127.0.0.1 /fridaysystem/2/index.php/Login/CheckLogin
INFO: [ app_begin ] --START--
INFO: ReadHtmlCache Behavior ::run [ RunTime:0.000700s ]
INFO: [ app_begin ] --END-- [ RunTime:0.000792s ]
SQL: SHOW COLUMNS FROM `admin` [ RunTime:0.056554s ]
SQL: SELECT * FROM `admin` WHERE ( `admin_account` = 'xtuone' ) LIMIT 1   [ RunTime:0.060209s ]

[ 2013-08-22T18:13:54+08:00 ] 127.0.0.1 /fridaysystem/2/index.php/DataMessage/SchoolMonthNum
INFO: [ app_begin ] --START--
INFO: ReadHtmlCache Behavior ::run [ RunTime:0.000552s ]
INFO: [ app_begin ] --END-- [ RunTime:0.000630s ]
NOTIC: [2] file_get_contents(D:\work_space\www\fridaysystem\2/friday/Data/MonthsData.txt): failed to open stream: No such file or directory D:\work_space\www\fridaysystem\2\friday\Lib\Action\DataMessageAction.class.php 第 60 行.
NOTIC: [2] Invalid argument supplied for foreach() D:\work_space\www\fridaysystem\2\friday\Lib\Action\DataMessageAction.class.php 第 63 行.

[ 2013-08-22T18:16:14+08:00 ] 127.0.0.1 /fridaysystem/2/index.php/DataMessage/SchoolMonthNum
INFO: [ app_begin ] --START--
INFO: ReadHtmlCache Behavior ::run [ RunTime:0.000672s ]
INFO: [ app_begin ] --END-- [ RunTime:0.000757s ]

