[ 2014-02-26T19:26:42+08:00 ] 127.0.0.1 /jycheck/index.php/Login/CheckLogin
INFO: [ app_begin ] --START--
INFO: ReadHtmlCache Behavior ::run [ RunTime:0.000502s ]
INFO: [ app_begin ] --END-- [ RunTime:0.000583s ]
SQL: SHOW COLUMNS FROM `admin` [ RunTime:0.024961s ]
SQL: SELECT * FROM `admin` WHERE ( `name` = 'admin' ) LIMIT 1   [ RunTime:0.000429s ]
SQL: UPDATE admin SET id = '1', last_login_ip = '127.0.0.1', last_login_time ='2014-02-26 19:26:42' [ RunTime:0.041172s ]
NOTIC: [2] mysql_num_rows() expects parameter 1 to be resource, boolean given F:\wamp\www\jycheck\include\Lib\Driver\Db\DbMysql.class.php 第 109 行.

[ 2014-02-26T19:26:45+08:00 ] 127.0.0.1 /jycheck/index.php/ProvinceMessage/ProvinceInfoShow
ERR: 无法加载模块:ProvinceMessage

[ 2014-02-26T19:26:46+08:00 ] 127.0.0.1 /jycheck/index.php/DataMessage/UserInfoShow
ERR: 无法加载模块:DataMessage

[ 2014-02-26T19:26:48+08:00 ] 127.0.0.1 /jycheck/index.php/SetApi/ApiMenuShow
ERR: 无法加载模块:SetApi

[ 2014-02-26T19:26:51+08:00 ] 127.0.0.1 /jycheck/index.php/SetApi/ApiMenuShow
ERR: 无法加载模块:SetApi

[ 2014-02-26T21:30:47+08:00 ] 127.0.0.1 /jycheck/index.php/DataMessage/SchoolInfoShow
ERR: 无法加载模块:DataMessage

[ 2014-02-26T21:31:10+08:00 ] 127.0.0.1 /jycheck/index.php/DataMessage/SchoolInfoShow
ERR: 无法加载模块:DataMessage

[ 2014-02-26T22:01:50+08:00 ] 127.0.0.1 /jycheck/index.php/SetApi/ApiMenuShow
ERR: 无法加载模块:SetApi

[ 2014-02-26T23:13:04+08:00 ] 127.0.0.1 /jycheck/index.php/Login/CheckLogin
INFO: [ app_begin ] --START--
INFO: ReadHtmlCache Behavior ::run [ RunTime:0.001838s ]
INFO: [ app_begin ] --END-- [ RunTime:0.002019s ]
SQL: SHOW COLUMNS FROM `admin` [ RunTime:0.012758s ]
SQL: SELECT * FROM `admin` WHERE ( `name` = 'admin' ) LIMIT 1   [ RunTime:0.001146s ]
SQL: UPDATE admin SET id = '1', last_login_ip = '127.0.0.1', last_login_time ='2014-02-26 23:13:04' [ RunTime:0.004134s ]
NOTIC: [2] mysql_num_rows() expects parameter 1 to be resource, boolean given D:\wamp\www\jycheck\include\Lib\Driver\Db\DbMysql.class.php 第 109 行.

[ 2014-02-26T23:16:19+08:00 ] 127.0.0.1 /jycheck/index.php/Teacher/getTeachInfo
INFO: [ app_begin ] --START--
INFO: ReadHtmlCache Behavior ::run [ RunTime:0.001767s ]
INFO: [ app_begin ] --END-- [ RunTime:0.002227s ]
NOTIC: [2048] Declaration of TeacherModel::Delete() should be compatible with Model::delete($options = ) D:\wamp\www\jycheck\jycheck\Lib\Model\TeacherModel.class.php 第 3 行.
SQL: SHOW COLUMNS FROM `teacher` [ RunTime:0.012003s ]
SQL: SELECT tech_id, tech_name, tech_status FROM teacher WHERE tech_id = '1' [ RunTime:0.001042s ]

[ 2014-02-26T23:29:12+08:00 ] 127.0.0.1 /jycheck/index.php/SetApi/ApiMenuShow
ERR: 无法加载模块:SetApi

[ 2014-02-26T23:29:18+08:00 ] 127.0.0.1 /jycheck/index.php/CheckData/getAllUncomeStudentName
INFO: [ app_begin ] --START--
INFO: ReadHtmlCache Behavior ::run [ RunTime:0.001797s ]
INFO: [ app_begin ] --END-- [ RunTime:0.001971s ]
NOTIC: [2048] Declaration of CheckDataModel::Delete() should be compatible with Model::delete($options = ) D:\wamp\www\jycheck\jycheck\Lib\Model\CheckDataModel.class.php 第 3 行.
SQL: SHOW COLUMNS FROM `check_data` [ RunTime:0.011738s ]
ERR: 1146:Table 'jycheck.check_data' doesn't exist
 [ SQL语句 ] : SHOW COLUMNS FROM `check_data`
SQL: SELECT record_info FROM checkrecord WHERE record_id = '21' [ RunTime:0.000949s ]

[ 2014-02-26T23:32:08+08:00 ] 127.0.0.1 /jycheck/index.php/CheckData/getAllUncomeStudentName
INFO: [ app_begin ] --START--
INFO: ReadHtmlCache Behavior ::run [ RunTime:0.000980s ]
INFO: [ app_begin ] --END-- [ RunTime:0.001086s ]
NOTIC: [2048] Declaration of CheckDataModel::Delete() should be compatible with Model::delete($options = ) D:\wamp\www\jycheck\jycheck\Lib\Model\CheckDataModel.class.php 第 3 行.
SQL: SHOW COLUMNS FROM `check_data` [ RunTime:0.006047s ]
ERR: 1146:Table 'jycheck.check_data' doesn't exist
 [ SQL语句 ] : SHOW COLUMNS FROM `check_data`
SQL: SELECT record_lesson, record_class,record_info FROM checkrecord WHERE record_id = '21' [ RunTime:0.000382s ]
ERR: 1054:Unknown column 'record_lesson' in 'field list'
 [ SQL语句 ] : SELECT record_lesson, record_class,record_info FROM checkrecord WHERE record_id = '21'

[ 2014-02-26T23:32:09+08:00 ] 127.0.0.1 /jycheck/index.php/CheckData/getAllUncomeStudentName
INFO: [ app_begin ] --START--
INFO: ReadHtmlCache Behavior ::run [ RunTime:0.000952s ]
INFO: [ app_begin ] --END-- [ RunTime:0.001054s ]
NOTIC: [2048] Declaration of CheckDataModel::Delete() should be compatible with Model::delete($options = ) D:\wamp\www\jycheck\jycheck\Lib\Model\CheckDataModel.class.php 第 3 行.
SQL: SHOW COLUMNS FROM `check_data` [ RunTime:0.007108s ]
ERR: 1146:Table 'jycheck.check_data' doesn't exist
 [ SQL语句 ] : SHOW COLUMNS FROM `check_data`
SQL: SELECT record_lesson, record_class,record_info FROM checkrecord WHERE record_id = '21' [ RunTime:0.000470s ]
ERR: 1054:Unknown column 'record_lesson' in 'field list'
 [ SQL语句 ] : SELECT record_lesson, record_class,record_info FROM checkrecord WHERE record_id = '21'

[ 2014-02-26T23:32:11+08:00 ] 127.0.0.1 /jycheck/index.php/CheckData/getAllUncomeStudentName
INFO: [ app_begin ] --START--
INFO: ReadHtmlCache Behavior ::run [ RunTime:0.000971s ]
INFO: [ app_begin ] --END-- [ RunTime:0.001068s ]
NOTIC: [2048] Declaration of CheckDataModel::Delete() should be compatible with Model::delete($options = ) D:\wamp\www\jycheck\jycheck\Lib\Model\CheckDataModel.class.php 第 3 行.
SQL: SHOW COLUMNS FROM `check_data` [ RunTime:0.004052s ]
ERR: 1146:Table 'jycheck.check_data' doesn't exist
 [ SQL语句 ] : SHOW COLUMNS FROM `check_data`
SQL: SELECT record_lesson, record_class,record_info FROM checkrecord WHERE record_id = '20' [ RunTime:0.000278s ]
ERR: 1054:Unknown column 'record_lesson' in 'field list'
 [ SQL语句 ] : SELECT record_lesson, record_class,record_info FROM checkrecord WHERE record_id = '20'

[ 2014-02-26T23:35:12+08:00 ] 127.0.0.1 /jycheck/index.php/CheckData/getAllUncomeStudentName
INFO: [ app_begin ] --START--
INFO: ReadHtmlCache Behavior ::run [ RunTime:0.000998s ]
INFO: [ app_begin ] --END-- [ RunTime:0.001090s ]
NOTIC: [2048] Declaration of CheckDataModel::Delete() should be compatible with Model::delete($options = ) D:\wamp\www\jycheck\jycheck\Lib\Model\CheckDataModel.class.php 第 3 行.
SQL: SHOW COLUMNS FROM `check_data` [ RunTime:0.006070s ]
ERR: 1146:Table 'jycheck.check_data' doesn't exist
 [ SQL语句 ] : SHOW COLUMNS FROM `check_data`
SQL: SELECT checkrecord.record_lesson, checkrecord.record_class, checkrecord.record_info, lesson.lesson_name FROM checkrecord LEFT JOIN lesson ON checkrecord.lesson_id = lesson.lesson_id WHERE record_id = '21' [ RunTime:0.000443s ]
ERR: 1054:Unknown column 'checkrecord.record_lesson' in 'field list'
 [ SQL语句 ] : SELECT checkrecord.record_lesson, checkrecord.record_class, checkrecord.record_info, lesson.lesson_name FROM checkrecord LEFT JOIN lesson ON checkrecord.lesson_id = lesson.lesson_id WHERE record_id = '21'

[ 2014-02-26T23:35:13+08:00 ] 127.0.0.1 /jycheck/index.php/CheckData/getAllUncomeStudentName
INFO: [ app_begin ] --START--
INFO: ReadHtmlCache Behavior ::run [ RunTime:0.001044s ]
INFO: [ app_begin ] --END-- [ RunTime:0.001176s ]
NOTIC: [2048] Declaration of CheckDataModel::Delete() should be compatible with Model::delete($options = ) D:\wamp\www\jycheck\jycheck\Lib\Model\CheckDataModel.class.php 第 3 行.
SQL: SHOW COLUMNS FROM `check_data` [ RunTime:0.006483s ]
ERR: 1146:Table 'jycheck.check_data' doesn't exist
 [ SQL语句 ] : SHOW COLUMNS FROM `check_data`
SQL: SELECT checkrecord.record_lesson, checkrecord.record_class, checkrecord.record_info, lesson.lesson_name FROM checkrecord LEFT JOIN lesson ON checkrecord.lesson_id = lesson.lesson_id WHERE record_id = '21' [ RunTime:0.000482s ]
ERR: 1054:Unknown column 'checkrecord.record_lesson' in 'field list'
 [ SQL语句 ] : SELECT checkrecord.record_lesson, checkrecord.record_class, checkrecord.record_info, lesson.lesson_name FROM checkrecord LEFT JOIN lesson ON checkrecord.lesson_id = lesson.lesson_id WHERE record_id = '21'

[ 2014-02-26T23:35:14+08:00 ] 127.0.0.1 /jycheck/index.php/CheckData/getAllUncomeStudentName
INFO: [ app_begin ] --START--
INFO: ReadHtmlCache Behavior ::run [ RunTime:0.001538s ]
INFO: [ app_begin ] --END-- [ RunTime:0.001681s ]
NOTIC: [2048] Declaration of CheckDataModel::Delete() should be compatible with Model::delete($options = ) D:\wamp\www\jycheck\jycheck\Lib\Model\CheckDataModel.class.php 第 3 行.
SQL: SHOW COLUMNS FROM `check_data` [ RunTime:0.005829s ]
ERR: 1146:Table 'jycheck.check_data' doesn't exist
 [ SQL语句 ] : SHOW COLUMNS FROM `check_data`
SQL: SELECT checkrecord.record_lesson, checkrecord.record_class, checkrecord.record_info, lesson.lesson_name FROM checkrecord LEFT JOIN lesson ON checkrecord.lesson_id = lesson.lesson_id WHERE record_id = '21' [ RunTime:0.000422s ]
ERR: 1054:Unknown column 'checkrecord.record_lesson' in 'field list'
 [ SQL语句 ] : SELECT checkrecord.record_lesson, checkrecord.record_class, checkrecord.record_info, lesson.lesson_name FROM checkrecord LEFT JOIN lesson ON checkrecord.lesson_id = lesson.lesson_id WHERE record_id = '21'

[ 2014-02-26T23:35:14+08:00 ] 127.0.0.1 /jycheck/index.php/CheckData/getAllUncomeStudentName
INFO: [ app_begin ] --START--
INFO: ReadHtmlCache Behavior ::run [ RunTime:0.002005s ]
INFO: [ app_begin ] --END-- [ RunTime:0.002198s ]
NOTIC: [2048] Declaration of CheckDataModel::Delete() should be compatible with Model::delete($options = ) D:\wamp\www\jycheck\jycheck\Lib\Model\CheckDataModel.class.php 第 3 行.
SQL: SHOW COLUMNS FROM `check_data` [ RunTime:0.008734s ]
ERR: 1146:Table 'jycheck.check_data' doesn't exist
 [ SQL语句 ] : SHOW COLUMNS FROM `check_data`
SQL: SELECT checkrecord.record_lesson, checkrecord.record_class, checkrecord.record_info, lesson.lesson_name FROM checkrecord LEFT JOIN lesson ON checkrecord.lesson_id = lesson.lesson_id WHERE record_id = '21' [ RunTime:0.000903s ]
ERR: 1054:Unknown column 'checkrecord.record_lesson' in 'field list'
 [ SQL语句 ] : SELECT checkrecord.record_lesson, checkrecord.record_class, checkrecord.record_info, lesson.lesson_name FROM checkrecord LEFT JOIN lesson ON checkrecord.lesson_id = lesson.lesson_id WHERE record_id = '21'

[ 2014-02-26T23:35:14+08:00 ] 127.0.0.1 /jycheck/index.php/CheckData/getAllUncomeStudentName
INFO: [ app_begin ] --START--
INFO: ReadHtmlCache Behavior ::run [ RunTime:0.001315s ]
INFO: [ app_begin ] --END-- [ RunTime:0.001443s ]
NOTIC: [2048] Declaration of CheckDataModel::Delete() should be compatible with Model::delete($options = ) D:\wamp\www\jycheck\jycheck\Lib\Model\CheckDataModel.class.php 第 3 行.
SQL: SHOW COLUMNS FROM `check_data` [ RunTime:0.005962s ]
ERR: 1146:Table 'jycheck.check_data' doesn't exist
 [ SQL语句 ] : SHOW COLUMNS FROM `check_data`
SQL: SELECT checkrecord.record_lesson, checkrecord.record_class, checkrecord.record_info, lesson.lesson_name FROM checkrecord LEFT JOIN lesson ON checkrecord.lesson_id = lesson.lesson_id WHERE record_id = '21' [ RunTime:0.000427s ]
ERR: 1054:Unknown column 'checkrecord.record_lesson' in 'field list'
 [ SQL语句 ] : SELECT checkrecord.record_lesson, checkrecord.record_class, checkrecord.record_info, lesson.lesson_name FROM checkrecord LEFT JOIN lesson ON checkrecord.lesson_id = lesson.lesson_id WHERE record_id = '21'

[ 2014-02-26T23:35:14+08:00 ] 127.0.0.1 /jycheck/index.php/CheckData/getAllUncomeStudentName
INFO: [ app_begin ] --START--
INFO: ReadHtmlCache Behavior ::run [ RunTime:0.000941s ]
INFO: [ app_begin ] --END-- [ RunTime:0.001035s ]
NOTIC: [2048] Declaration of CheckDataModel::Delete() should be compatible with Model::delete($options = ) D:\wamp\www\jycheck\jycheck\Lib\Model\CheckDataModel.class.php 第 3 行.
SQL: SHOW COLUMNS FROM `check_data` [ RunTime:0.003710s ]
ERR: 1146:Table 'jycheck.check_data' doesn't exist
 [ SQL语句 ] : SHOW COLUMNS FROM `check_data`
SQL: SELECT checkrecord.record_lesson, checkrecord.record_class, checkrecord.record_info, lesson.lesson_name FROM checkrecord LEFT JOIN lesson ON checkrecord.lesson_id = lesson.lesson_id WHERE record_id = '21' [ RunTime:0.000301s ]
ERR: 1054:Unknown column 'checkrecord.record_lesson' in 'field list'
 [ SQL语句 ] : SELECT checkrecord.record_lesson, checkrecord.record_class, checkrecord.record_info, lesson.lesson_name FROM checkrecord LEFT JOIN lesson ON checkrecord.lesson_id = lesson.lesson_id WHERE record_id = '21'

[ 2014-02-26T23:35:15+08:00 ] 127.0.0.1 /jycheck/index.php/CheckData/getAllUncomeStudentName
INFO: [ app_begin ] --START--
INFO: ReadHtmlCache Behavior ::run [ RunTime:0.001098s ]
INFO: [ app_begin ] --END-- [ RunTime:0.001208s ]
NOTIC: [2048] Declaration of CheckDataModel::Delete() should be compatible with Model::delete($options = ) D:\wamp\www\jycheck\jycheck\Lib\Model\CheckDataModel.class.php 第 3 行.
SQL: SHOW COLUMNS FROM `check_data` [ RunTime:0.004697s ]
ERR: 1146:Table 'jycheck.check_data' doesn't exist
 [ SQL语句 ] : SHOW COLUMNS FROM `check_data`
SQL: SELECT checkrecord.record_lesson, checkrecord.record_class, checkrecord.record_info, lesson.lesson_name FROM checkrecord LEFT JOIN lesson ON checkrecord.lesson_id = lesson.lesson_id WHERE record_id = '21' [ RunTime:0.000354s ]
ERR: 1054:Unknown column 'checkrecord.record_lesson' in 'field list'
 [ SQL语句 ] : SELECT checkrecord.record_lesson, checkrecord.record_class, checkrecord.record_info, lesson.lesson_name FROM checkrecord LEFT JOIN lesson ON checkrecord.lesson_id = lesson.lesson_id WHERE record_id = '21'

[ 2014-02-26T23:35:15+08:00 ] 127.0.0.1 /jycheck/index.php/CheckData/getAllUncomeStudentName
INFO: [ app_begin ] --START--
INFO: ReadHtmlCache Behavior ::run [ RunTime:0.000981s ]
INFO: [ app_begin ] --END-- [ RunTime:0.001077s ]
NOTIC: [2048] Declaration of CheckDataModel::Delete() should be compatible with Model::delete($options = ) D:\wamp\www\jycheck\jycheck\Lib\Model\CheckDataModel.class.php 第 3 行.
SQL: SHOW COLUMNS FROM `check_data` [ RunTime:0.006755s ]
ERR: 1146:Table 'jycheck.check_data' doesn't exist
 [ SQL语句 ] : SHOW COLUMNS FROM `check_data`
SQL: SELECT checkrecord.record_lesson, checkrecord.record_class, checkrecord.record_info, lesson.lesson_name FROM checkrecord LEFT JOIN lesson ON checkrecord.lesson_id = lesson.lesson_id WHERE record_id = '21' [ RunTime:0.000481s ]
ERR: 1054:Unknown column 'checkrecord.record_lesson' in 'field list'
 [ SQL语句 ] : SELECT checkrecord.record_lesson, checkrecord.record_class, checkrecord.record_info, lesson.lesson_name FROM checkrecord LEFT JOIN lesson ON checkrecord.lesson_id = lesson.lesson_id WHERE record_id = '21'

[ 2014-02-26T23:35:15+08:00 ] 127.0.0.1 /jycheck/index.php/CheckData/getAllUncomeStudentName
INFO: [ app_begin ] --START--
INFO: ReadHtmlCache Behavior ::run [ RunTime:0.001169s ]
INFO: [ app_begin ] --END-- [ RunTime:0.001286s ]
NOTIC: [2048] Declaration of CheckDataModel::Delete() should be compatible with Model::delete($options = ) D:\wamp\www\jycheck\jycheck\Lib\Model\CheckDataModel.class.php 第 3 行.
SQL: SHOW COLUMNS FROM `check_data` [ RunTime:0.007440s ]
ERR: 1146:Table 'jycheck.check_data' doesn't exist
 [ SQL语句 ] : SHOW COLUMNS FROM `check_data`
SQL: SELECT checkrecord.record_lesson, checkrecord.record_class, checkrecord.record_info, lesson.lesson_name FROM checkrecord LEFT JOIN lesson ON checkrecord.lesson_id = lesson.lesson_id WHERE record_id = '21' [ RunTime:0.000563s ]
ERR: 1054:Unknown column 'checkrecord.record_lesson' in 'field list'
 [ SQL语句 ] : SELECT checkrecord.record_lesson, checkrecord.record_class, checkrecord.record_info, lesson.lesson_name FROM checkrecord LEFT JOIN lesson ON checkrecord.lesson_id = lesson.lesson_id WHERE record_id = '21'

[ 2014-02-26T23:38:07+08:00 ] 127.0.0.1 /jycheck/index.php/CheckData/getAllUncomeStudentName
INFO: [ app_begin ] --START--
INFO: ReadHtmlCache Behavior ::run [ RunTime:0.000944s ]
INFO: [ app_begin ] --END-- [ RunTime:0.001039s ]
NOTIC: [2048] Declaration of CheckDataModel::Delete() should be compatible with Model::delete($options = ) D:\wamp\www\jycheck\jycheck\Lib\Model\CheckDataModel.class.php 第 3 行.
SQL: SHOW COLUMNS FROM `check_data` [ RunTime:0.006302s ]
ERR: 1146:Table 'jycheck.check_data' doesn't exist
 [ SQL语句 ] : SHOW COLUMNS FROM `check_data`
SQL: SELECT record_info FROM checkrecord WHERE record_id = '21' [ RunTime:0.000640s ]

[ 2014-02-26T23:39:49+08:00 ] 127.0.0.1 /jycheck/index.php/CheckData/getAllUncomeStudentName
INFO: [ app_begin ] --START--
INFO: ReadHtmlCache Behavior ::run [ RunTime:0.000933s ]
INFO: [ app_begin ] --END-- [ RunTime:0.001026s ]
NOTIC: [2048] Declaration of CheckDataModel::Delete() should be compatible with Model::delete($options = ) D:\wamp\www\jycheck\jycheck\Lib\Model\CheckDataModel.class.php 第 3 行.
SQL: SHOW COLUMNS FROM `check_data` [ RunTime:0.006173s ]
ERR: 1146:Table 'jycheck.check_data' doesn't exist
 [ SQL语句 ] : SHOW COLUMNS FROM `check_data`
SQL: SELECT record_info FROM checkrecord WHERE record_id = '21' [ RunTime:0.000537s ]

[ 2014-02-26T23:40:06+08:00 ] 127.0.0.1 /jycheck/index.php/CheckData/getAllUncomeStudentName
INFO: [ app_begin ] --START--
INFO: ReadHtmlCache Behavior ::run [ RunTime:0.001293s ]
INFO: [ app_begin ] --END-- [ RunTime:0.001400s ]
NOTIC: [2048] Declaration of CheckDataModel::Delete() should be compatible with Model::delete($options = ) D:\wamp\www\jycheck\jycheck\Lib\Model\CheckDataModel.class.php 第 3 行.
SQL: SHOW COLUMNS FROM `check_data` [ RunTime:0.003707s ]
ERR: 1146:Table 'jycheck.check_data' doesn't exist
 [ SQL语句 ] : SHOW COLUMNS FROM `check_data`
SQL: SELECT record_info FROM checkrecord WHERE record_id = '21' [ RunTime:0.000364s ]

[ 2014-02-26T23:40:24+08:00 ] 127.0.0.1 /jycheck/index.php/CheckData/getAllUncomeStudentName
INFO: [ app_begin ] --START--
INFO: ReadHtmlCache Behavior ::run [ RunTime:0.000944s ]
INFO: [ app_begin ] --END-- [ RunTime:0.001036s ]
NOTIC: [2048] Declaration of CheckDataModel::Delete() should be compatible with Model::delete($options = ) D:\wamp\www\jycheck\jycheck\Lib\Model\CheckDataModel.class.php 第 3 行.
SQL: SHOW COLUMNS FROM `check_data` [ RunTime:0.003833s ]
ERR: 1146:Table 'jycheck.check_data' doesn't exist
 [ SQL语句 ] : SHOW COLUMNS FROM `check_data`
SQL: SELECT record_info FROM checkrecord WHERE record_id = '21' [ RunTime:0.000370s ]

[ 2014-02-26T23:47:58+08:00 ] 127.0.0.1 /jycheck/index.php/CheckData/getAllUncomeStudentName
INFO: [ app_begin ] --START--
INFO: ReadHtmlCache Behavior ::run [ RunTime:0.001136s ]
INFO: [ app_begin ] --END-- [ RunTime:0.001248s ]
NOTIC: [2048] Declaration of CheckDataModel::Delete() should be compatible with Model::delete($options = ) D:\wamp\www\jycheck\jycheck\Lib\Model\CheckDataModel.class.php 第 3 行.
SQL: SHOW COLUMNS FROM `check_data` [ RunTime:0.007427s ]
ERR: 1146:Table 'jycheck.check_data' doesn't exist
 [ SQL语句 ] : SHOW COLUMNS FROM `check_data`
SQL: SELECT record_info FROM checkrecord WHERE record_id = '21' [ RunTime:0.000657s ]
NOTIC: [2] json_decode() expects parameter 1 to be string, array given D:\wamp\www\jycheck\jycheck\Lib\Model\CheckDataModel.class.php 第 66 行.
SQL: SELECT name FROM student WHERE uid = '' [ RunTime:0.000562s ]
NOTIC: [8] Undefined index: name D:\wamp\www\jycheck\jycheck\Lib\Model\CheckDataModel.class.php 第 72 行.

[ 2014-02-26T23:47:59+08:00 ] 127.0.0.1 /jycheck/index.php/CheckData/getAllUncomeStudentName
INFO: [ app_begin ] --START--
INFO: ReadHtmlCache Behavior ::run [ RunTime:0.001667s ]
INFO: [ app_begin ] --END-- [ RunTime:0.001882s ]
NOTIC: [2048] Declaration of CheckDataModel::Delete() should be compatible with Model::delete($options = ) D:\wamp\www\jycheck\jycheck\Lib\Model\CheckDataModel.class.php 第 3 行.
SQL: SHOW COLUMNS FROM `check_data` [ RunTime:0.011067s ]
ERR: 1146:Table 'jycheck.check_data' doesn't exist
 [ SQL语句 ] : SHOW COLUMNS FROM `check_data`
SQL: SELECT record_info FROM checkrecord WHERE record_id = '21' [ RunTime:0.000992s ]
NOTIC: [2] json_decode() expects parameter 1 to be string, array given D:\wamp\www\jycheck\jycheck\Lib\Model\CheckDataModel.class.php 第 66 行.
SQL: SELECT name FROM student WHERE uid = '' [ RunTime:0.000758s ]
NOTIC: [8] Undefined index: name D:\wamp\www\jycheck\jycheck\Lib\Model\CheckDataModel.class.php 第 72 行.

[ 2014-02-26T23:48:08+08:00 ] 127.0.0.1 /jycheck/index.php/CheckData/getAllUncomeStudentName
INFO: [ app_begin ] --START--
INFO: ReadHtmlCache Behavior ::run [ RunTime:0.000943s ]
INFO: [ app_begin ] --END-- [ RunTime:0.001036s ]
NOTIC: [2048] Declaration of CheckDataModel::Delete() should be compatible with Model::delete($options = ) D:\wamp\www\jycheck\jycheck\Lib\Model\CheckDataModel.class.php 第 3 行.
SQL: SHOW COLUMNS FROM `check_data` [ RunTime:0.006718s ]
ERR: 1146:Table 'jycheck.check_data' doesn't exist
 [ SQL语句 ] : SHOW COLUMNS FROM `check_data`
SQL: SELECT record_info FROM checkrecord WHERE record_id = '21' [ RunTime:0.000625s ]
NOTIC: [2] json_decode() expects parameter 1 to be string, array given D:\wamp\www\jycheck\jycheck\Lib\Model\CheckDataModel.class.php 第 66 行.
SQL: SELECT name FROM student WHERE uid = '' [ RunTime:0.000439s ]
NOTIC: [8] Undefined index: name D:\wamp\www\jycheck\jycheck\Lib\Model\CheckDataModel.class.php 第 72 行.

[ 2014-02-26T23:48:55+08:00 ] 127.0.0.1 /jycheck/index.php/CheckData/getAllUncomeStudentName
INFO: [ app_begin ] --START--
INFO: ReadHtmlCache Behavior ::run [ RunTime:0.001010s ]
INFO: [ app_begin ] --END-- [ RunTime:0.001115s ]
NOTIC: [2048] Declaration of CheckDataModel::Delete() should be compatible with Model::delete($options = ) D:\wamp\www\jycheck\jycheck\Lib\Model\CheckDataModel.class.php 第 3 行.
SQL: SHOW COLUMNS FROM `check_data` [ RunTime:0.006633s ]
ERR: 1146:Table 'jycheck.check_data' doesn't exist
 [ SQL语句 ] : SHOW COLUMNS FROM `check_data`
SQL: SELECT record_info FROM checkrecord WHERE record_id = '21' [ RunTime:0.000610s ]
NOTIC: [2] json_decode() expects parameter 1 to be string, array given D:\wamp\www\jycheck\jycheck\Lib\Model\CheckDataModel.class.php 第 66 行.
SQL: SELECT name FROM student WHERE uid = '' [ RunTime:0.000481s ]
NOTIC: [8] Undefined index: name D:\wamp\www\jycheck\jycheck\Lib\Model\CheckDataModel.class.php 第 72 行.

[ 2014-02-26T23:49:53+08:00 ] 127.0.0.1 /jycheck/index.php/CheckData/getAllUncomeStudentName
INFO: [ app_begin ] --START--
INFO: ReadHtmlCache Behavior ::run [ RunTime:0.000734s ]
INFO: [ app_begin ] --END-- [ RunTime:0.000807s ]
NOTIC: [2048] Declaration of CheckDataModel::Delete() should be compatible with Model::delete($options = ) D:\wamp\www\jycheck\jycheck\Lib\Model\CheckDataModel.class.php 第 3 行.
SQL: SHOW COLUMNS FROM `check_data` [ RunTime:0.005097s ]
ERR: 1146:Table 'jycheck.check_data' doesn't exist
 [ SQL语句 ] : SHOW COLUMNS FROM `check_data`
SQL: SELECT record_info FROM checkrecord WHERE record_id = '21' [ RunTime:0.000476s ]
NOTIC: [2] json_decode() expects parameter 1 to be string, array given D:\wamp\www\jycheck\jycheck\Lib\Model\CheckDataModel.class.php 第 66 行.
SQL: SELECT name FROM student WHERE uid = '' [ RunTime:0.000356s ]
NOTIC: [8] Undefined index: name D:\wamp\www\jycheck\jycheck\Lib\Model\CheckDataModel.class.php 第 73 行.

