[ 2014-03-23T13:08:25+08:00 ] 127.0.0.1 /jycheck/index.php/Login/CheckLogin
INFO: [ app_begin ] --START--
INFO: ReadHtmlCache Behavior ::run [ RunTime:0.000692s ]
INFO: [ app_begin ] --END-- [ RunTime:0.000820s ]
SQL: SHOW COLUMNS FROM `admin` [ RunTime:0.028524s ]
SQL: SELECT * FROM `admin` WHERE ( `name` = 'admin' ) LIMIT 1   [ RunTime:0.002435s ]
SQL: UPDATE admin SET id = '1', last_login_ip = '127.0.0.1', last_login_time ='2014-03-23 13:08:25' [ RunTime:0.038713s ]
NOTIC: [2] mysql_num_rows() expects parameter 1 to be resource, boolean given F:\wamp\www\jycheck\include\Lib\Driver\Db\DbMysql.class.php 第 109 行.

[ 2014-03-23T13:10:34+08:00 ] 127.0.0.1 /jycheck/index.php/CheckData/getCheckNumInfo
INFO: [ app_begin ] --START--
INFO: ReadHtmlCache Behavior ::run [ RunTime:0.000434s ]
INFO: [ app_begin ] --END-- [ RunTime:0.000505s ]
NOTIC: [2048] Declaration of CheckDataModel::Delete() should be compatible with Model::delete($options = Array) F:\wamp\www\jycheck\jycheck\Lib\Model\CheckDataModel.class.php 第 3 行.
SQL: SHOW COLUMNS FROM `check_data` [ RunTime:0.002085s ]
ERR: 1146:Table 'jycheck.check_data' doesn't exist
 [ SQL语句 ] : SHOW COLUMNS FROM `check_data`
SQL: SELECT record_come, record_uncome FROM checkrecord WHERE record_id = '19' [ RunTime:0.009603s ]

[ 2014-03-23T13:12:13+08:00 ] 127.0.0.1 /jycheck/index.php/CheckData/getAllUncomeStudentName
INFO: [ app_begin ] --START--
INFO: ReadHtmlCache Behavior ::run [ RunTime:0.000494s ]
INFO: [ app_begin ] --END-- [ RunTime:0.000583s ]
NOTIC: [2048] Declaration of CheckDataModel::Delete() should be compatible with Model::delete($options = Array) F:\wamp\www\jycheck\jycheck\Lib\Model\CheckDataModel.class.php 第 3 行.
SQL: SHOW COLUMNS FROM `check_data` [ RunTime:0.001785s ]
ERR: 1146:Table 'jycheck.check_data' doesn't exist
 [ SQL语句 ] : SHOW COLUMNS FROM `check_data`
SQL: SELECT record_info FROM checkrecord WHERE record_id = '19' [ RunTime:0.000241s ]
SQL: SELECT name FROM student WHERE uid = '101100005' [ RunTime:0.038417s ]
SQL: SELECT name FROM student WHERE uid = '101100049' [ RunTime:0.000245s ]
SQL: SELECT name FROM student WHERE uid = '101100018' [ RunTime:0.000202s ]
SQL: SELECT name FROM student WHERE uid = '101010224' [ RunTime:0.004667s ]

[ 2014-03-23T13:12:36+08:00 ] 127.0.0.1 /jycheck/index.php/CheckData/getAllUncomeStudentName
INFO: [ app_begin ] --START--
INFO: ReadHtmlCache Behavior ::run [ RunTime:0.000599s ]
INFO: [ app_begin ] --END-- [ RunTime:0.000692s ]
NOTIC: [2048] Declaration of CheckDataModel::Delete() should be compatible with Model::delete($options = Array) F:\wamp\www\jycheck\jycheck\Lib\Model\CheckDataModel.class.php 第 3 行.
SQL: SHOW COLUMNS FROM `check_data` [ RunTime:0.002083s ]
ERR: 1146:Table 'jycheck.check_data' doesn't exist
 [ SQL语句 ] : SHOW COLUMNS FROM `check_data`
SQL: SELECT record_info FROM checkrecord WHERE record_id = '16' [ RunTime:0.000266s ]
SQL: SELECT name FROM student WHERE uid = '101100005' [ RunTime:0.000197s ]
SQL: SELECT name FROM student WHERE uid = '101100009' [ RunTime:0.000156s ]
SQL: SELECT name FROM student WHERE uid = '101100010' [ RunTime:0.000143s ]
SQL: SELECT name FROM student WHERE uid = '101100014' [ RunTime:0.000143s ]
SQL: SELECT name FROM student WHERE uid = '101100016' [ RunTime:0.000135s ]
SQL: SELECT name FROM student WHERE uid = '101100017' [ RunTime:0.000133s ]
SQL: SELECT name FROM student WHERE uid = '101100020' [ RunTime:0.000136s ]
SQL: SELECT name FROM student WHERE uid = '101100035' [ RunTime:0.000138s ]
SQL: SELECT name FROM student WHERE uid = '101100036' [ RunTime:0.000133s ]
SQL: SELECT name FROM student WHERE uid = '101100038' [ RunTime:0.000131s ]
SQL: SELECT name FROM student WHERE uid = '101100039' [ RunTime:0.000133s ]
SQL: SELECT name FROM student WHERE uid = '101100045' [ RunTime:0.000131s ]
SQL: SELECT name FROM student WHERE uid = '101100049' [ RunTime:0.000131s ]
SQL: SELECT name FROM student WHERE uid = '101100002' [ RunTime:0.000130s ]
SQL: SELECT name FROM student WHERE uid = '101100021' [ RunTime:0.000134s ]
SQL: SELECT name FROM student WHERE uid = '101100037' [ RunTime:0.000130s ]
SQL: SELECT name FROM student WHERE uid = '101100018' [ RunTime:0.000130s ]
SQL: SELECT name FROM student WHERE uid = '101010224' [ RunTime:0.000132s ]

[ 2014-03-23T13:13:44+08:00 ] 127.0.0.1 /jycheck/index.php/CheckData/getCheckNumInfo
INFO: [ app_begin ] --START--
INFO: ReadHtmlCache Behavior ::run [ RunTime:0.000782s ]
INFO: [ app_begin ] --END-- [ RunTime:0.000916s ]
NOTIC: [2048] Declaration of CheckDataModel::Delete() should be compatible with Model::delete($options = Array) F:\wamp\www\jycheck\jycheck\Lib\Model\CheckDataModel.class.php 第 3 行.
SQL: SHOW COLUMNS FROM `check_data` [ RunTime:0.001578s ]
ERR: 1146:Table 'jycheck.check_data' doesn't exist
 [ SQL语句 ] : SHOW COLUMNS FROM `check_data`
SQL: SELECT record_come, record_uncome FROM checkrecord WHERE record_id = '19' [ RunTime:0.000235s ]

[ 2014-03-23T13:46:06+08:00 ] 127.0.0.1 /jycheck/index.php/CheckData/getAllUncomeStudentName
INFO: [ app_begin ] --START--
INFO: ReadHtmlCache Behavior ::run [ RunTime:0.000767s ]
INFO: [ app_begin ] --END-- [ RunTime:0.000885s ]
NOTIC: [2048] Declaration of CheckDataModel::Delete() should be compatible with Model::delete($options = Array) F:\wamp\www\jycheck\jycheck\Lib\Model\CheckDataModel.class.php 第 3 行.
SQL: SHOW COLUMNS FROM `check_data` [ RunTime:0.001749s ]
ERR: 1146:Table 'jycheck.check_data' doesn't exist
 [ SQL语句 ] : SHOW COLUMNS FROM `check_data`
SQL: SELECT record_info FROM checkrecord WHERE record_id = '17' [ RunTime:0.000298s ]
SQL: SELECT name FROM student WHERE uid = '101100005' [ RunTime:0.000199s ]
SQL: SELECT name FROM student WHERE uid = '101100038' [ RunTime:0.000184s ]
SQL: SELECT name FROM student WHERE uid = '101100039' [ RunTime:0.000168s ]
SQL: SELECT name FROM student WHERE uid = '101100045' [ RunTime:0.000149s ]
SQL: SELECT name FROM student WHERE uid = '101100049' [ RunTime:0.000150s ]
SQL: SELECT name FROM student WHERE uid = '101100002' [ RunTime:0.000146s ]
SQL: SELECT name FROM student WHERE uid = '101100021' [ RunTime:0.000147s ]
SQL: SELECT name FROM student WHERE uid = '101100037' [ RunTime:0.000151s ]
SQL: SELECT name FROM student WHERE uid = '101100018' [ RunTime:0.000144s ]
SQL: SELECT name FROM student WHERE uid = '101010224' [ RunTime:0.000143s ]

[ 2014-03-23T13:46:09+08:00 ] 127.0.0.1 /jycheck/index.php/CheckData/getCheckNumInfo
INFO: [ app_begin ] --START--
INFO: ReadHtmlCache Behavior ::run [ RunTime:0.000888s ]
INFO: [ app_begin ] --END-- [ RunTime:0.001046s ]
NOTIC: [2048] Declaration of CheckDataModel::Delete() should be compatible with Model::delete($options = Array) F:\wamp\www\jycheck\jycheck\Lib\Model\CheckDataModel.class.php 第 3 行.
SQL: SHOW COLUMNS FROM `check_data` [ RunTime:0.001935s ]
ERR: 1146:Table 'jycheck.check_data' doesn't exist
 [ SQL语句 ] : SHOW COLUMNS FROM `check_data`
SQL: SELECT record_come, record_uncome FROM checkrecord WHERE record_id = '17' [ RunTime:0.000289s ]

[ 2014-03-23T13:49:36+08:00 ] 127.0.0.1 /jycheck/index.php/CheckData/CheckClassData
INFO: [ app_begin ] --START--
INFO: ReadHtmlCache Behavior ::run [ RunTime:0.000395s ]
INFO: [ app_begin ] --END-- [ RunTime:0.000466s ]
NOTIC: [2048] Declaration of CheckDataModel::Delete() should be compatible with Model::delete($options = Array) F:\wamp\www\jycheck\jycheck\Lib\Model\CheckDataModel.class.php 第 3 行.
SQL: SHOW COLUMNS FROM `check_data` [ RunTime:0.001484s ]
ERR: 1146:Table 'jycheck.check_data' doesn't exist
 [ SQL语句 ] : SHOW COLUMNS FROM `check_data`
SQL: SELECT record_uncome, DATE_FORMAT(record_time, '%m-%d') AS record_time FROM checkrecord WHERE record_class = '电子101班' ORDER BY record_time [ RunTime:0.027911s ]

[ 2014-03-23T13:55:50+08:00 ] 127.0.0.1 /jycheck/index.php/DataMessage/UserInfoShow
ERR: 无法加载模块:DataMessage

[ 2014-03-23T14:32:42+08:00 ] 127.0.0.1 /jycheck/index.php/CheckData/CheckClassData
INFO: [ app_begin ] --START--
INFO: ReadHtmlCache Behavior ::run [ RunTime:0.000648s ]
INFO: [ app_begin ] --END-- [ RunTime:0.000762s ]
NOTIC: [2048] Declaration of CheckDataModel::Delete() should be compatible with Model::delete($options = Array) F:\wamp\www\jycheck\jycheck\Lib\Model\CheckDataModel.class.php 第 3 行.
SQL: SHOW COLUMNS FROM `check_data` [ RunTime:0.001670s ]
ERR: 1146:Table 'jycheck.check_data' doesn't exist
 [ SQL语句 ] : SHOW COLUMNS FROM `check_data`
SQL: SELECT record_uncome, DATE_FORMAT(record_time, '%m-%d') AS record_time FROM checkrecord WHERE record_class = '电子101班' ORDER BY record_time [ RunTime:0.000425s ]

