[ 2014-03-01T10:23:24+08:00 ] 127.0.0.1 /jycheck/index.php/Login/CheckLogin
INFO: [ app_begin ] --START--
INFO: ReadHtmlCache Behavior ::run [ RunTime:0.000693s ]
INFO: [ app_begin ] --END-- [ RunTime:0.000758s ]
SQL: SHOW COLUMNS FROM `admin` [ RunTime:0.065382s ]
SQL: SELECT * FROM `admin` WHERE ( `name` = 'admin' ) LIMIT 1   [ RunTime:0.012534s ]
SQL: UPDATE admin SET id = '1', last_login_ip = '127.0.0.1', last_login_time ='2014-03-01 10:23:24' [ RunTime:0.006610s ]
NOTIC: [2] mysql_num_rows() expects parameter 1 to be resource, boolean given D:\wamp\www\jycheck\include\Lib\Driver\Db\DbMysql.class.php 第 109 行.

[ 2014-03-01T10:23:32+08:00 ] 127.0.0.1 /jycheck/index.php/CheckData/getCheckNumInfo
INFO: [ app_begin ] --START--
INFO: ReadHtmlCache Behavior ::run [ RunTime:0.000665s ]
INFO: [ app_begin ] --END-- [ RunTime:0.000731s ]
NOTIC: [2048] Declaration of CheckDataModel::Delete() should be compatible with Model::delete($options = ) D:\wamp\www\jycheck\jycheck\Lib\Model\CheckDataModel.class.php 第 3 行.
SQL: SHOW COLUMNS FROM `check_data` [ RunTime:0.003925s ]
ERR: 1146:Table 'jycheck.check_data' doesn't exist
 [ SQL语句 ] : SHOW COLUMNS FROM `check_data`
SQL: SELECT record_come, record_uncome FROM checkrecord WHERE record_id = '21' [ RunTime:0.000274s ]

[ 2014-03-01T10:27:11+08:00 ] 127.0.0.1 /jycheck/index.php/CheckData/getCheckNumInfo
INFO: [ app_begin ] --START--
INFO: ReadHtmlCache Behavior ::run [ RunTime:0.000553s ]
INFO: [ app_begin ] --END-- [ RunTime:0.000595s ]
NOTIC: [2048] Declaration of CheckDataModel::Delete() should be compatible with Model::delete($options = ) D:\wamp\www\jycheck\jycheck\Lib\Model\CheckDataModel.class.php 第 3 行.
SQL: SHOW COLUMNS FROM `check_data` [ RunTime:0.002866s ]
ERR: 1146:Table 'jycheck.check_data' doesn't exist
 [ SQL语句 ] : SHOW COLUMNS FROM `check_data`
SQL: SELECT record_come, record_uncome FROM checkrecord WHERE record_id = '21' [ RunTime:0.000290s ]

[ 2014-03-01T10:33:21+08:00 ] 127.0.0.1 /jycheck/index.php/CheckData/getCheckNumInfo
INFO: [ app_begin ] --START--
INFO: ReadHtmlCache Behavior ::run [ RunTime:0.000703s ]
INFO: [ app_begin ] --END-- [ RunTime:0.000768s ]
NOTIC: [2048] Declaration of CheckDataModel::Delete() should be compatible with Model::delete($options = ) D:\wamp\www\jycheck\jycheck\Lib\Model\CheckDataModel.class.php 第 3 行.
SQL: SHOW COLUMNS FROM `check_data` [ RunTime:0.002953s ]
ERR: 1146:Table 'jycheck.check_data' doesn't exist
 [ SQL语句 ] : SHOW COLUMNS FROM `check_data`
SQL: SELECT record_come, record_uncome FROM checkrecord WHERE record_id = '21' [ RunTime:0.000276s ]

[ 2014-03-01T10:46:06+08:00 ] 127.0.0.1 /jycheck/index.php/Login/CheckLogin
INFO: [ app_begin ] --START--
INFO: ReadHtmlCache Behavior ::run [ RunTime:0.000568s ]
INFO: [ app_begin ] --END-- [ RunTime:0.000676s ]
SQL: SHOW COLUMNS FROM `admin` [ RunTime:0.032680s ]
SQL: SELECT * FROM `admin` WHERE ( `name` = 'admin' ) LIMIT 1   [ RunTime:0.000467s ]
SQL: UPDATE admin SET id = '1', last_login_ip = '127.0.0.1', last_login_time ='2014-03-01 10:46:06' [ RunTime:0.035713s ]
NOTIC: [2] mysql_num_rows() expects parameter 1 to be resource, boolean given F:\wamp\www\jycheck\include\Lib\Driver\Db\DbMysql.class.php 第 109 行.

[ 2014-03-01T10:46:09+08:00 ] 127.0.0.1 /jycheck/index.php/CheckData/getCheckNumInfo
INFO: [ app_begin ] --START--
INFO: ReadHtmlCache Behavior ::run [ RunTime:0.000879s ]
INFO: [ app_begin ] --END-- [ RunTime:0.001014s ]
NOTIC: [2048] Declaration of CheckDataModel::Delete() should be compatible with Model::delete($options = Array) F:\wamp\www\jycheck\jycheck\Lib\Model\CheckDataModel.class.php 第 3 行.
SQL: SHOW COLUMNS FROM `check_data` [ RunTime:0.002049s ]
ERR: 1146:Table 'jycheck.check_data' doesn't exist
 [ SQL语句 ] : SHOW COLUMNS FROM `check_data`
SQL: SELECT record_come, record_uncome FROM checkrecord WHERE record_id = '21' [ RunTime:0.000255s ]

[ 2014-03-01T10:54:09+08:00 ] 127.0.0.1 /jycheck/index.php/CheckData/getCheckNumInfo
INFO: [ app_begin ] --START--
INFO: ReadHtmlCache Behavior ::run [ RunTime:0.000373s ]
INFO: [ app_begin ] --END-- [ RunTime:0.000439s ]
NOTIC: [2048] Declaration of CheckDataModel::Delete() should be compatible with Model::delete($options = Array) F:\wamp\www\jycheck\jycheck\Lib\Model\CheckDataModel.class.php 第 3 行.
SQL: SHOW COLUMNS FROM `check_data` [ RunTime:0.002187s ]
ERR: 1146:Table 'jycheck.check_data' doesn't exist
 [ SQL语句 ] : SHOW COLUMNS FROM `check_data`
SQL: SELECT record_come, record_uncome FROM checkrecord WHERE record_id = '21' [ RunTime:0.000401s ]

[ 2014-03-01T10:54:15+08:00 ] 127.0.0.1 /jycheck/index.php/CheckData/getCheckNumInfo
INFO: [ app_begin ] --START--
INFO: ReadHtmlCache Behavior ::run [ RunTime:0.000671s ]
INFO: [ app_begin ] --END-- [ RunTime:0.000784s ]
NOTIC: [2048] Declaration of CheckDataModel::Delete() should be compatible with Model::delete($options = Array) F:\wamp\www\jycheck\jycheck\Lib\Model\CheckDataModel.class.php 第 3 行.
SQL: SHOW COLUMNS FROM `check_data` [ RunTime:0.002291s ]
ERR: 1146:Table 'jycheck.check_data' doesn't exist
 [ SQL语句 ] : SHOW COLUMNS FROM `check_data`
SQL: SELECT record_come, record_uncome FROM checkrecord WHERE record_id = '20' [ RunTime:0.000397s ]

[ 2014-03-01T10:55:31+08:00 ] 127.0.0.1 /jycheck/index.php/CheckData/getCheckNumInfo
INFO: [ app_begin ] --START--
INFO: ReadHtmlCache Behavior ::run [ RunTime:0.000433s ]
INFO: [ app_begin ] --END-- [ RunTime:0.000517s ]
NOTIC: [2048] Declaration of CheckDataModel::Delete() should be compatible with Model::delete($options = Array) F:\wamp\www\jycheck\jycheck\Lib\Model\CheckDataModel.class.php 第 3 行.
SQL: SHOW COLUMNS FROM `check_data` [ RunTime:0.002302s ]
ERR: 1146:Table 'jycheck.check_data' doesn't exist
 [ SQL语句 ] : SHOW COLUMNS FROM `check_data`
SQL: SELECT record_come, record_uncome FROM checkrecord WHERE record_id = '21' [ RunTime:0.000300s ]

[ 2014-03-01T10:55:41+08:00 ] 127.0.0.1 /jycheck/index.php/CheckData/getCheckNumInfo
INFO: [ app_begin ] --START--
INFO: ReadHtmlCache Behavior ::run [ RunTime:0.000661s ]
INFO: [ app_begin ] --END-- [ RunTime:0.000775s ]
NOTIC: [2048] Declaration of CheckDataModel::Delete() should be compatible with Model::delete($options = Array) F:\wamp\www\jycheck\jycheck\Lib\Model\CheckDataModel.class.php 第 3 行.
SQL: SHOW COLUMNS FROM `check_data` [ RunTime:0.002110s ]
ERR: 1146:Table 'jycheck.check_data' doesn't exist
 [ SQL语句 ] : SHOW COLUMNS FROM `check_data`
SQL: SELECT record_come, record_uncome FROM checkrecord WHERE record_id = '21' [ RunTime:0.000280s ]

[ 2014-03-01T10:55:46+08:00 ] 127.0.0.1 /jycheck/index.php/CheckData/getCheckNumInfo
INFO: [ app_begin ] --START--
INFO: ReadHtmlCache Behavior ::run [ RunTime:0.000667s ]
INFO: [ app_begin ] --END-- [ RunTime:0.000788s ]
NOTIC: [2048] Declaration of CheckDataModel::Delete() should be compatible with Model::delete($options = Array) F:\wamp\www\jycheck\jycheck\Lib\Model\CheckDataModel.class.php 第 3 行.
SQL: SHOW COLUMNS FROM `check_data` [ RunTime:0.001978s ]
ERR: 1146:Table 'jycheck.check_data' doesn't exist
 [ SQL语句 ] : SHOW COLUMNS FROM `check_data`
SQL: SELECT record_come, record_uncome FROM checkrecord WHERE record_id = '20' [ RunTime:0.000295s ]

[ 2014-03-01T10:57:11+08:00 ] 127.0.0.1 /jycheck/index.php/CheckData/getCheckNumInfo
INFO: [ app_begin ] --START--
INFO: ReadHtmlCache Behavior ::run [ RunTime:0.000678s ]
INFO: [ app_begin ] --END-- [ RunTime:0.000790s ]
NOTIC: [2048] Declaration of CheckDataModel::Delete() should be compatible with Model::delete($options = Array) F:\wamp\www\jycheck\jycheck\Lib\Model\CheckDataModel.class.php 第 3 行.
SQL: SHOW COLUMNS FROM `check_data` [ RunTime:0.005194s ]
ERR: 1146:Table 'jycheck.check_data' doesn't exist
 [ SQL语句 ] : SHOW COLUMNS FROM `check_data`
SQL: SELECT record_come, record_uncome FROM checkrecord WHERE record_id = '21' [ RunTime:0.000346s ]

[ 2014-03-01T10:59:53+08:00 ] 127.0.0.1 /jycheck/index.php/CheckData/getCheckNumInfo
INFO: [ app_begin ] --START--
INFO: ReadHtmlCache Behavior ::run [ RunTime:0.001180s ]
INFO: [ app_begin ] --END-- [ RunTime:0.001434s ]
NOTIC: [2048] Declaration of CheckDataModel::Delete() should be compatible with Model::delete($options = Array) F:\wamp\www\jycheck\jycheck\Lib\Model\CheckDataModel.class.php 第 3 行.
SQL: SHOW COLUMNS FROM `check_data` [ RunTime:0.003189s ]
ERR: 1146:Table 'jycheck.check_data' doesn't exist
 [ SQL语句 ] : SHOW COLUMNS FROM `check_data`
SQL: SELECT record_come, record_uncome FROM checkrecord WHERE record_id = '21' [ RunTime:0.000324s ]

[ 2014-03-01T11:01:19+08:00 ] 127.0.0.1 /jycheck/index.php/CheckData/getCheckNumInfo
INFO: [ app_begin ] --START--
INFO: ReadHtmlCache Behavior ::run [ RunTime:0.000560s ]
INFO: [ app_begin ] --END-- [ RunTime:0.000650s ]
NOTIC: [2048] Declaration of CheckDataModel::Delete() should be compatible with Model::delete($options = Array) F:\wamp\www\jycheck\jycheck\Lib\Model\CheckDataModel.class.php 第 3 行.
SQL: SHOW COLUMNS FROM `check_data` [ RunTime:0.002286s ]
ERR: 1146:Table 'jycheck.check_data' doesn't exist
 [ SQL语句 ] : SHOW COLUMNS FROM `check_data`
SQL: SELECT record_come, record_uncome FROM checkrecord WHERE record_id = '20' [ RunTime:0.000385s ]

[ 2014-03-01T11:06:51+08:00 ] 127.0.0.1 /jycheck/index.php/CheckData/getCheckNumInfo
INFO: [ app_begin ] --START--
INFO: ReadHtmlCache Behavior ::run [ RunTime:0.000672s ]
INFO: [ app_begin ] --END-- [ RunTime:0.000788s ]
NOTIC: [2048] Declaration of CheckDataModel::Delete() should be compatible with Model::delete($options = Array) F:\wamp\www\jycheck\jycheck\Lib\Model\CheckDataModel.class.php 第 3 行.
SQL: SHOW COLUMNS FROM `check_data` [ RunTime:0.002425s ]
ERR: 1146:Table 'jycheck.check_data' doesn't exist
 [ SQL语句 ] : SHOW COLUMNS FROM `check_data`
SQL: SELECT record_come, record_uncome FROM checkrecord WHERE record_id = '21' [ RunTime:0.000280s ]

[ 2014-03-01T11:08:02+08:00 ] 127.0.0.1 /jycheck/index.php/CheckData/getCheckNumInfo
INFO: [ app_begin ] --START--
INFO: ReadHtmlCache Behavior ::run [ RunTime:0.000383s ]
INFO: [ app_begin ] --END-- [ RunTime:0.000451s ]
NOTIC: [2048] Declaration of CheckDataModel::Delete() should be compatible with Model::delete($options = Array) F:\wamp\www\jycheck\jycheck\Lib\Model\CheckDataModel.class.php 第 3 行.
SQL: SHOW COLUMNS FROM `check_data` [ RunTime:0.002124s ]
ERR: 1146:Table 'jycheck.check_data' doesn't exist
 [ SQL语句 ] : SHOW COLUMNS FROM `check_data`
SQL: SELECT record_come, record_uncome FROM checkrecord WHERE record_id = '21' [ RunTime:0.000257s ]

[ 2014-03-01T11:08:16+08:00 ] 127.0.0.1 /jycheck/index.php/CheckData/getCheckNumInfo
INFO: [ app_begin ] --START--
INFO: ReadHtmlCache Behavior ::run [ RunTime:0.000662s ]
INFO: [ app_begin ] --END-- [ RunTime:0.000781s ]
NOTIC: [2048] Declaration of CheckDataModel::Delete() should be compatible with Model::delete($options = Array) F:\wamp\www\jycheck\jycheck\Lib\Model\CheckDataModel.class.php 第 3 行.
SQL: SHOW COLUMNS FROM `check_data` [ RunTime:0.002434s ]
ERR: 1146:Table 'jycheck.check_data' doesn't exist
 [ SQL语句 ] : SHOW COLUMNS FROM `check_data`
SQL: SELECT record_come, record_uncome FROM checkrecord WHERE record_id = '20' [ RunTime:0.000614s ]

[ 2014-03-01T11:09:07+08:00 ] 127.0.0.1 /jycheck/index.php/CheckData/getCheckNumInfo
INFO: [ app_begin ] --START--
INFO: ReadHtmlCache Behavior ::run [ RunTime:0.000855s ]
INFO: [ app_begin ] --END-- [ RunTime:0.001021s ]
NOTIC: [2048] Declaration of CheckDataModel::Delete() should be compatible with Model::delete($options = Array) F:\wamp\www\jycheck\jycheck\Lib\Model\CheckDataModel.class.php 第 3 行.
SQL: SHOW COLUMNS FROM `check_data` [ RunTime:0.002445s ]
ERR: 1146:Table 'jycheck.check_data' doesn't exist
 [ SQL语句 ] : SHOW COLUMNS FROM `check_data`
SQL: SELECT record_come, record_uncome FROM checkrecord WHERE record_id = '21' [ RunTime:0.000394s ]

[ 2014-03-01T11:09:53+08:00 ] 127.0.0.1 /jycheck/index.php/CheckData/getCheckNumInfo
INFO: [ app_begin ] --START--
INFO: ReadHtmlCache Behavior ::run [ RunTime:0.000696s ]
INFO: [ app_begin ] --END-- [ RunTime:0.000819s ]
NOTIC: [2048] Declaration of CheckDataModel::Delete() should be compatible with Model::delete($options = Array) F:\wamp\www\jycheck\jycheck\Lib\Model\CheckDataModel.class.php 第 3 行.
SQL: SHOW COLUMNS FROM `check_data` [ RunTime:0.002392s ]
ERR: 1146:Table 'jycheck.check_data' doesn't exist
 [ SQL语句 ] : SHOW COLUMNS FROM `check_data`
SQL: SELECT record_come, record_uncome FROM checkrecord WHERE record_id = '21' [ RunTime:0.000399s ]

[ 2014-03-01T11:10:14+08:00 ] 127.0.0.1 /jycheck/index.php/CheckData/getCheckNumInfo
INFO: [ app_begin ] --START--
INFO: ReadHtmlCache Behavior ::run [ RunTime:0.000465s ]
INFO: [ app_begin ] --END-- [ RunTime:0.000543s ]
NOTIC: [2048] Declaration of CheckDataModel::Delete() should be compatible with Model::delete($options = Array) F:\wamp\www\jycheck\jycheck\Lib\Model\CheckDataModel.class.php 第 3 行.
SQL: SHOW COLUMNS FROM `check_data` [ RunTime:0.003414s ]
ERR: 1146:Table 'jycheck.check_data' doesn't exist
 [ SQL语句 ] : SHOW COLUMNS FROM `check_data`
SQL: SELECT record_come, record_uncome FROM checkrecord WHERE record_id = '21' [ RunTime:0.000328s ]

[ 2014-03-01T11:13:42+08:00 ] 127.0.0.1 /jycheck/index.php/CheckData/getCheckNumInfo
INFO: [ app_begin ] --START--
INFO: ReadHtmlCache Behavior ::run [ RunTime:0.000548s ]
INFO: [ app_begin ] --END-- [ RunTime:0.000626s ]
NOTIC: [2048] Declaration of CheckDataModel::Delete() should be compatible with Model::delete($options = Array) F:\wamp\www\jycheck\jycheck\Lib\Model\CheckDataModel.class.php 第 3 行.
SQL: SHOW COLUMNS FROM `check_data` [ RunTime:0.002378s ]
ERR: 1146:Table 'jycheck.check_data' doesn't exist
 [ SQL语句 ] : SHOW COLUMNS FROM `check_data`
SQL: SELECT record_come, record_uncome FROM checkrecord WHERE record_id = '21' [ RunTime:0.000372s ]

[ 2014-03-01T11:17:39+08:00 ] 127.0.0.1 /jycheck/index.php/CheckData/getCheckNumInfo
INFO: [ app_begin ] --START--
INFO: ReadHtmlCache Behavior ::run [ RunTime:0.000620s ]
INFO: [ app_begin ] --END-- [ RunTime:0.000728s ]
NOTIC: [2048] Declaration of CheckDataModel::Delete() should be compatible with Model::delete($options = Array) F:\wamp\www\jycheck\jycheck\Lib\Model\CheckDataModel.class.php 第 3 行.
SQL: SHOW COLUMNS FROM `check_data` [ RunTime:0.002412s ]
ERR: 1146:Table 'jycheck.check_data' doesn't exist
 [ SQL语句 ] : SHOW COLUMNS FROM `check_data`
SQL: SELECT record_come, record_uncome FROM checkrecord WHERE record_id = '21' [ RunTime:0.000393s ]

[ 2014-03-01T11:17:50+08:00 ] 127.0.0.1 /jycheck/index.php/CheckData/getCheckNumInfo
INFO: [ app_begin ] --START--
INFO: ReadHtmlCache Behavior ::run [ RunTime:0.000657s ]
INFO: [ app_begin ] --END-- [ RunTime:0.000771s ]
NOTIC: [2048] Declaration of CheckDataModel::Delete() should be compatible with Model::delete($options = Array) F:\wamp\www\jycheck\jycheck\Lib\Model\CheckDataModel.class.php 第 3 行.
SQL: SHOW COLUMNS FROM `check_data` [ RunTime:0.002682s ]
ERR: 1146:Table 'jycheck.check_data' doesn't exist
 [ SQL语句 ] : SHOW COLUMNS FROM `check_data`
SQL: SELECT record_come, record_uncome FROM checkrecord WHERE record_id = '20' [ RunTime:0.000375s ]

[ 2014-03-01T11:20:31+08:00 ] 127.0.0.1 /jycheck/index.php/CheckData/getCheckNumInfo
INFO: [ app_begin ] --START--
INFO: ReadHtmlCache Behavior ::run [ RunTime:0.000657s ]
INFO: [ app_begin ] --END-- [ RunTime:0.000772s ]
NOTIC: [2048] Declaration of CheckDataModel::Delete() should be compatible with Model::delete($options = Array) F:\wamp\www\jycheck\jycheck\Lib\Model\CheckDataModel.class.php 第 3 行.
SQL: SHOW COLUMNS FROM `check_data` [ RunTime:0.002865s ]
ERR: 1146:Table 'jycheck.check_data' doesn't exist
 [ SQL语句 ] : SHOW COLUMNS FROM `check_data`
SQL: SELECT record_come, record_uncome FROM checkrecord WHERE record_id = '21' [ RunTime:0.000714s ]

[ 2014-03-01T11:27:11+08:00 ] 127.0.0.1 /jycheck/index.php/CheckData/getCheckNumInfo
INFO: [ app_begin ] --START--
INFO: ReadHtmlCache Behavior ::run [ RunTime:0.000581s ]
INFO: [ app_begin ] --END-- [ RunTime:0.000682s ]
NOTIC: [2048] Declaration of CheckDataModel::Delete() should be compatible with Model::delete($options = Array) F:\wamp\www\jycheck\jycheck\Lib\Model\CheckDataModel.class.php 第 3 行.
SQL: SHOW COLUMNS FROM `check_data` [ RunTime:0.002326s ]
ERR: 1146:Table 'jycheck.check_data' doesn't exist
 [ SQL语句 ] : SHOW COLUMNS FROM `check_data`
SQL: SELECT record_come, record_uncome FROM checkrecord WHERE record_id = '21' [ RunTime:0.000280s ]

[ 2014-03-01T11:27:22+08:00 ] 127.0.0.1 /jycheck/index.php/CheckData/getCheckNumInfo
INFO: [ app_begin ] --START--
INFO: ReadHtmlCache Behavior ::run [ RunTime:0.001189s ]
INFO: [ app_begin ] --END-- [ RunTime:0.001351s ]
NOTIC: [2048] Declaration of CheckDataModel::Delete() should be compatible with Model::delete($options = Array) F:\wamp\www\jycheck\jycheck\Lib\Model\CheckDataModel.class.php 第 3 行.
SQL: SHOW COLUMNS FROM `check_data` [ RunTime:0.002824s ]
ERR: 1146:Table 'jycheck.check_data' doesn't exist
 [ SQL语句 ] : SHOW COLUMNS FROM `check_data`
SQL: SELECT record_come, record_uncome FROM checkrecord WHERE record_id = '21' [ RunTime:0.000570s ]

[ 2014-03-01T11:33:38+08:00 ] 127.0.0.1 /jycheck/index.php/CheckData/getCheckNumInfo
INFO: [ app_begin ] --START--
INFO: ReadHtmlCache Behavior ::run [ RunTime:0.000423s ]
INFO: [ app_begin ] --END-- [ RunTime:0.000487s ]
NOTIC: [2048] Declaration of CheckDataModel::Delete() should be compatible with Model::delete($options = Array) F:\wamp\www\jycheck\jycheck\Lib\Model\CheckDataModel.class.php 第 3 行.
SQL: SHOW COLUMNS FROM `check_data` [ RunTime:0.002136s ]
ERR: 1146:Table 'jycheck.check_data' doesn't exist
 [ SQL语句 ] : SHOW COLUMNS FROM `check_data`
SQL: SELECT record_come, record_uncome FROM checkrecord WHERE record_id = '21' [ RunTime:0.000390s ]

[ 2014-03-01T11:34:23+08:00 ] 127.0.0.1 /jycheck/index.php/CheckData/getCheckNumInfo
INFO: [ app_begin ] --START--
INFO: ReadHtmlCache Behavior ::run [ RunTime:0.000370s ]
INFO: [ app_begin ] --END-- [ RunTime:0.000434s ]
NOTIC: [2048] Declaration of CheckDataModel::Delete() should be compatible with Model::delete($options = Array) F:\wamp\www\jycheck\jycheck\Lib\Model\CheckDataModel.class.php 第 3 行.
SQL: SHOW COLUMNS FROM `check_data` [ RunTime:0.002204s ]
ERR: 1146:Table 'jycheck.check_data' doesn't exist
 [ SQL语句 ] : SHOW COLUMNS FROM `check_data`
SQL: SELECT record_come, record_uncome FROM checkrecord WHERE record_id = '21' [ RunTime:0.000351s ]

[ 2014-03-01T11:46:50+08:00 ] 127.0.0.1 /jycheck/index.php/CheckData/getCheckNumInfo
INFO: [ app_begin ] --START--
INFO: ReadHtmlCache Behavior ::run [ RunTime:0.000439s ]
INFO: [ app_begin ] --END-- [ RunTime:0.000507s ]
NOTIC: [2048] Declaration of CheckDataModel::Delete() should be compatible with Model::delete($options = Array) F:\wamp\www\jycheck\jycheck\Lib\Model\CheckDataModel.class.php 第 3 行.
SQL: SHOW COLUMNS FROM `check_data` [ RunTime:0.002505s ]
ERR: 1146:Table 'jycheck.check_data' doesn't exist
 [ SQL语句 ] : SHOW COLUMNS FROM `check_data`
SQL: SELECT record_come, record_uncome FROM checkrecord WHERE record_id = '21' [ RunTime:0.000520s ]

[ 2014-03-01T11:47:45+08:00 ] 127.0.0.1 /jycheck/index.php/CheckData/getCheckNumInfo
INFO: [ app_begin ] --START--
INFO: ReadHtmlCache Behavior ::run [ RunTime:0.000729s ]
INFO: [ app_begin ] --END-- [ RunTime:0.000878s ]
NOTIC: [2048] Declaration of CheckDataModel::Delete() should be compatible with Model::delete($options = Array) F:\wamp\www\jycheck\jycheck\Lib\Model\CheckDataModel.class.php 第 3 行.
SQL: SHOW COLUMNS FROM `check_data` [ RunTime:0.003098s ]
ERR: 1146:Table 'jycheck.check_data' doesn't exist
 [ SQL语句 ] : SHOW COLUMNS FROM `check_data`
SQL: SELECT record_come, record_uncome FROM checkrecord WHERE record_id = '21' [ RunTime:0.000540s ]

[ 2014-03-01T11:54:25+08:00 ] 127.0.0.1 /jycheck/index.php/CheckData/getCheckNumInfo
INFO: [ app_begin ] --START--
INFO: ReadHtmlCache Behavior ::run [ RunTime:0.000725s ]
INFO: [ app_begin ] --END-- [ RunTime:0.000833s ]
NOTIC: [2048] Declaration of CheckDataModel::Delete() should be compatible with Model::delete($options = Array) F:\wamp\www\jycheck\jycheck\Lib\Model\CheckDataModel.class.php 第 3 行.
SQL: SHOW COLUMNS FROM `check_data` [ RunTime:0.002160s ]
ERR: 1146:Table 'jycheck.check_data' doesn't exist
 [ SQL语句 ] : SHOW COLUMNS FROM `check_data`
SQL: SELECT record_come, record_uncome FROM checkrecord WHERE record_id = '21' [ RunTime:0.000267s ]

[ 2014-03-01T11:58:28+08:00 ] 127.0.0.1 /jycheck/index.php/CheckData/getCheckNumInfo
INFO: [ app_begin ] --START--
INFO: ReadHtmlCache Behavior ::run [ RunTime:0.000627s ]
INFO: [ app_begin ] --END-- [ RunTime:0.000733s ]
NOTIC: [2048] Declaration of CheckDataModel::Delete() should be compatible with Model::delete($options = Array) F:\wamp\www\jycheck\jycheck\Lib\Model\CheckDataModel.class.php 第 3 行.
SQL: SHOW COLUMNS FROM `check_data` [ RunTime:0.003670s ]
ERR: 1146:Table 'jycheck.check_data' doesn't exist
 [ SQL语句 ] : SHOW COLUMNS FROM `check_data`
SQL: SELECT record_come, record_uncome FROM checkrecord WHERE record_id = '21' [ RunTime:0.000804s ]

[ 2014-03-01T12:00:37+08:00 ] 127.0.0.1 /jycheck/index.php/CheckData/getCheckNumInfo
INFO: [ app_begin ] --START--
INFO: ReadHtmlCache Behavior ::run [ RunTime:0.000897s ]
INFO: [ app_begin ] --END-- [ RunTime:0.001102s ]
NOTIC: [2048] Declaration of CheckDataModel::Delete() should be compatible with Model::delete($options = Array) F:\wamp\www\jycheck\jycheck\Lib\Model\CheckDataModel.class.php 第 3 行.
SQL: SHOW COLUMNS FROM `check_data` [ RunTime:0.002079s ]
ERR: 1146:Table 'jycheck.check_data' doesn't exist
 [ SQL语句 ] : SHOW COLUMNS FROM `check_data`
SQL: SELECT record_come, record_uncome FROM checkrecord WHERE record_id = '19' [ RunTime:0.000260s ]

[ 2014-03-01T12:27:14+08:00 ] 127.0.0.1 /jycheck/index.php/CheckData/getCheckNumInfo
INFO: [ app_begin ] --START--
INFO: ReadHtmlCache Behavior ::run [ RunTime:0.000863s ]
INFO: [ app_begin ] --END-- [ RunTime:0.000964s ]
NOTIC: [2048] Declaration of CheckDataModel::Delete() should be compatible with Model::delete($options = Array) F:\wamp\www\jycheck\jycheck\Lib\Model\CheckDataModel.class.php 第 3 行.
SQL: SHOW COLUMNS FROM `check_data` [ RunTime:0.002181s ]
ERR: 1146:Table 'jycheck.check_data' doesn't exist
 [ SQL语句 ] : SHOW COLUMNS FROM `check_data`
SQL: SELECT record_come, record_uncome FROM checkrecord WHERE record_id = '21' [ RunTime:0.000249s ]

[ 2014-03-01T12:34:25+08:00 ] 127.0.0.1 /jycheck/index.php/CheckData/getCheckNumInfo
INFO: [ app_begin ] --START--
INFO: ReadHtmlCache Behavior ::run [ RunTime:0.000524s ]
INFO: [ app_begin ] --END-- [ RunTime:0.000610s ]
NOTIC: [2048] Declaration of CheckDataModel::Delete() should be compatible with Model::delete($options = Array) F:\wamp\www\jycheck\jycheck\Lib\Model\CheckDataModel.class.php 第 3 行.
SQL: SHOW COLUMNS FROM `check_data` [ RunTime:0.002681s ]
ERR: 1146:Table 'jycheck.check_data' doesn't exist
 [ SQL语句 ] : SHOW COLUMNS FROM `check_data`
SQL: SELECT record_come, record_uncome FROM checkrecord WHERE record_id = '21' [ RunTime:0.000394s ]

[ 2014-03-01T12:35:34+08:00 ] 127.0.0.1 /jycheck/index.php/CheckData/getCheckNumInfo
INFO: [ app_begin ] --START--
INFO: ReadHtmlCache Behavior ::run [ RunTime:0.000437s ]
INFO: [ app_begin ] --END-- [ RunTime:0.000515s ]
NOTIC: [2048] Declaration of CheckDataModel::Delete() should be compatible with Model::delete($options = Array) F:\wamp\www\jycheck\jycheck\Lib\Model\CheckDataModel.class.php 第 3 行.
SQL: SHOW COLUMNS FROM `check_data` [ RunTime:0.002375s ]
ERR: 1146:Table 'jycheck.check_data' doesn't exist
 [ SQL语句 ] : SHOW COLUMNS FROM `check_data`
SQL: SELECT record_come, record_uncome FROM checkrecord WHERE record_id = '21' [ RunTime:0.000240s ]

[ 2014-03-01T12:40:48+08:00 ] 127.0.0.1 /jycheck/index.php/CheckData/getCheckNumInfo
INFO: [ app_begin ] --START--
INFO: ReadHtmlCache Behavior ::run [ RunTime:0.000551s ]
INFO: [ app_begin ] --END-- [ RunTime:0.000636s ]
NOTIC: [2048] Declaration of CheckDataModel::Delete() should be compatible with Model::delete($options = Array) F:\wamp\www\jycheck\jycheck\Lib\Model\CheckDataModel.class.php 第 3 行.
SQL: SHOW COLUMNS FROM `check_data` [ RunTime:0.002244s ]
ERR: 1146:Table 'jycheck.check_data' doesn't exist
 [ SQL语句 ] : SHOW COLUMNS FROM `check_data`
SQL: SELECT record_come, record_uncome FROM checkrecord WHERE record_id = '21' [ RunTime:0.000400s ]

[ 2014-03-01T12:42:08+08:00 ] 127.0.0.1 /jycheck/index.php/CheckData/getCheckNumInfo
INFO: [ app_begin ] --START--
INFO: ReadHtmlCache Behavior ::run [ RunTime:0.000386s ]
INFO: [ app_begin ] --END-- [ RunTime:0.000457s ]
NOTIC: [2048] Declaration of CheckDataModel::Delete() should be compatible with Model::delete($options = Array) F:\wamp\www\jycheck\jycheck\Lib\Model\CheckDataModel.class.php 第 3 行.
SQL: SHOW COLUMNS FROM `check_data` [ RunTime:0.002516s ]
ERR: 1146:Table 'jycheck.check_data' doesn't exist
 [ SQL语句 ] : SHOW COLUMNS FROM `check_data`
SQL: SELECT record_come, record_uncome FROM checkrecord WHERE record_id = '21' [ RunTime:0.001133s ]

[ 2014-03-01T12:48:00+08:00 ] 127.0.0.1 /jycheck/index.php/CheckData/getCheckNumInfo
INFO: [ app_begin ] --START--
INFO: ReadHtmlCache Behavior ::run [ RunTime:0.000626s ]
INFO: [ app_begin ] --END-- [ RunTime:0.000721s ]
NOTIC: [2048] Declaration of CheckDataModel::Delete() should be compatible with Model::delete($options = Array) F:\wamp\www\jycheck\jycheck\Lib\Model\CheckDataModel.class.php 第 3 行.
SQL: SHOW COLUMNS FROM `check_data` [ RunTime:0.004178s ]
ERR: 1146:Table 'jycheck.check_data' doesn't exist
 [ SQL语句 ] : SHOW COLUMNS FROM `check_data`
SQL: SELECT record_come, record_uncome FROM checkrecord WHERE record_id = '21' [ RunTime:0.001159s ]

[ 2014-03-01T12:53:18+08:00 ] 127.0.0.1 /jycheck/index.php/CheckData/getCheckNumInfo
INFO: [ app_begin ] --START--
INFO: ReadHtmlCache Behavior ::run [ RunTime:0.000742s ]
INFO: [ app_begin ] --END-- [ RunTime:0.000847s ]
NOTIC: [2048] Declaration of CheckDataModel::Delete() should be compatible with Model::delete($options = Array) F:\wamp\www\jycheck\jycheck\Lib\Model\CheckDataModel.class.php 第 3 行.
SQL: SHOW COLUMNS FROM `check_data` [ RunTime:0.003801s ]
ERR: 1146:Table 'jycheck.check_data' doesn't exist
 [ SQL语句 ] : SHOW COLUMNS FROM `check_data`
SQL: SELECT record_come, record_uncome FROM checkrecord WHERE record_id = '20' [ RunTime:0.001549s ]

[ 2014-03-01T12:54:15+08:00 ] 127.0.0.1 /jycheck/index.php/CheckData/getCheckNumInfo
INFO: [ app_begin ] --START--
INFO: ReadHtmlCache Behavior ::run [ RunTime:0.000773s ]
INFO: [ app_begin ] --END-- [ RunTime:0.000894s ]
NOTIC: [2048] Declaration of CheckDataModel::Delete() should be compatible with Model::delete($options = Array) F:\wamp\www\jycheck\jycheck\Lib\Model\CheckDataModel.class.php 第 3 行.
SQL: SHOW COLUMNS FROM `check_data` [ RunTime:0.003143s ]
ERR: 1146:Table 'jycheck.check_data' doesn't exist
 [ SQL语句 ] : SHOW COLUMNS FROM `check_data`
SQL: SELECT record_come, record_uncome FROM checkrecord WHERE record_id = '20' [ RunTime:0.001270s ]

[ 2014-03-01T12:57:52+08:00 ] 127.0.0.1 /jycheck/index.php/CheckData/getCheckNumInfo
INFO: [ app_begin ] --START--
INFO: ReadHtmlCache Behavior ::run [ RunTime:0.000413s ]
INFO: [ app_begin ] --END-- [ RunTime:0.000485s ]
NOTIC: [2048] Declaration of CheckDataModel::Delete() should be compatible with Model::delete($options = Array) F:\wamp\www\jycheck\jycheck\Lib\Model\CheckDataModel.class.php 第 3 行.
SQL: SHOW COLUMNS FROM `check_data` [ RunTime:0.002365s ]
ERR: 1146:Table 'jycheck.check_data' doesn't exist
 [ SQL语句 ] : SHOW COLUMNS FROM `check_data`
SQL: SELECT record_come, record_uncome FROM checkrecord WHERE record_id = '21' [ RunTime:0.000420s ]

[ 2014-03-01T12:58:40+08:00 ] 127.0.0.1 /jycheck/index.php/CheckData/getCheckNumInfo
INFO: [ app_begin ] --START--
INFO: ReadHtmlCache Behavior ::run [ RunTime:0.000798s ]
INFO: [ app_begin ] --END-- [ RunTime:0.000940s ]
NOTIC: [2048] Declaration of CheckDataModel::Delete() should be compatible with Model::delete($options = Array) F:\wamp\www\jycheck\jycheck\Lib\Model\CheckDataModel.class.php 第 3 行.
SQL: SHOW COLUMNS FROM `check_data` [ RunTime:0.002630s ]
ERR: 1146:Table 'jycheck.check_data' doesn't exist
 [ SQL语句 ] : SHOW COLUMNS FROM `check_data`
SQL: SELECT record_come, record_uncome FROM checkrecord WHERE record_id = '21' [ RunTime:0.000413s ]

[ 2014-03-01T13:00:17+08:00 ] 127.0.0.1 /jycheck/index.php/CheckData/getCheckNumInfo
INFO: [ app_begin ] --START--
INFO: ReadHtmlCache Behavior ::run [ RunTime:0.000392s ]
INFO: [ app_begin ] --END-- [ RunTime:0.000466s ]
NOTIC: [2048] Declaration of CheckDataModel::Delete() should be compatible with Model::delete($options = Array) F:\wamp\www\jycheck\jycheck\Lib\Model\CheckDataModel.class.php 第 3 行.
SQL: SHOW COLUMNS FROM `check_data` [ RunTime:0.002709s ]
ERR: 1146:Table 'jycheck.check_data' doesn't exist
 [ SQL语句 ] : SHOW COLUMNS FROM `check_data`
SQL: SELECT record_come, record_uncome FROM checkrecord WHERE record_id = '21' [ RunTime:0.000612s ]

[ 2014-03-01T13:01:40+08:00 ] 127.0.0.1 /jycheck/index.php/CheckData/getCheckNumInfo
INFO: [ app_begin ] --START--
INFO: ReadHtmlCache Behavior ::run [ RunTime:0.000437s ]
INFO: [ app_begin ] --END-- [ RunTime:0.000515s ]
NOTIC: [2048] Declaration of CheckDataModel::Delete() should be compatible with Model::delete($options = Array) F:\wamp\www\jycheck\jycheck\Lib\Model\CheckDataModel.class.php 第 3 行.
SQL: SHOW COLUMNS FROM `check_data` [ RunTime:0.003641s ]
ERR: 1146:Table 'jycheck.check_data' doesn't exist
 [ SQL语句 ] : SHOW COLUMNS FROM `check_data`
SQL: SELECT record_come, record_uncome FROM checkrecord WHERE record_id = '21' [ RunTime:0.000581s ]

[ 2014-03-01T13:01:47+08:00 ] 127.0.0.1 /jycheck/index.php/CheckData/getCheckNumInfo
INFO: [ app_begin ] --START--
INFO: ReadHtmlCache Behavior ::run [ RunTime:0.000417s ]
INFO: [ app_begin ] --END-- [ RunTime:0.000489s ]
NOTIC: [2048] Declaration of CheckDataModel::Delete() should be compatible with Model::delete($options = Array) F:\wamp\www\jycheck\jycheck\Lib\Model\CheckDataModel.class.php 第 3 行.
SQL: SHOW COLUMNS FROM `check_data` [ RunTime:0.002492s ]
ERR: 1146:Table 'jycheck.check_data' doesn't exist
 [ SQL语句 ] : SHOW COLUMNS FROM `check_data`
SQL: SELECT record_come, record_uncome FROM checkrecord WHERE record_id = '19' [ RunTime:0.000429s ]

[ 2014-03-01T13:02:06+08:00 ] 127.0.0.1 /jycheck/index.php/CheckData/getCheckNumInfo
INFO: [ app_begin ] --START--
INFO: ReadHtmlCache Behavior ::run [ RunTime:0.000469s ]
INFO: [ app_begin ] --END-- [ RunTime:0.000545s ]
NOTIC: [2048] Declaration of CheckDataModel::Delete() should be compatible with Model::delete($options = Array) F:\wamp\www\jycheck\jycheck\Lib\Model\CheckDataModel.class.php 第 3 行.
SQL: SHOW COLUMNS FROM `check_data` [ RunTime:0.002194s ]
ERR: 1146:Table 'jycheck.check_data' doesn't exist
 [ SQL语句 ] : SHOW COLUMNS FROM `check_data`
SQL: SELECT record_come, record_uncome FROM checkrecord WHERE record_id = '20' [ RunTime:0.000370s ]

[ 2014-03-01T13:04:28+08:00 ] 127.0.0.1 /jycheck/index.php/CheckData/getCheckNumInfo
INFO: [ app_begin ] --START--
INFO: ReadHtmlCache Behavior ::run [ RunTime:0.000447s ]
INFO: [ app_begin ] --END-- [ RunTime:0.000524s ]
NOTIC: [2048] Declaration of CheckDataModel::Delete() should be compatible with Model::delete($options = Array) F:\wamp\www\jycheck\jycheck\Lib\Model\CheckDataModel.class.php 第 3 行.
SQL: SHOW COLUMNS FROM `check_data` [ RunTime:0.003011s ]
ERR: 1146:Table 'jycheck.check_data' doesn't exist
 [ SQL语句 ] : SHOW COLUMNS FROM `check_data`
SQL: SELECT record_come, record_uncome FROM checkrecord WHERE record_id = '13' [ RunTime:0.000268s ]

[ 2014-03-01T13:05:36+08:00 ] 127.0.0.1 /jycheck/index.php/CheckData/getCheckNumInfo
INFO: [ app_begin ] --START--
INFO: ReadHtmlCache Behavior ::run [ RunTime:0.000380s ]
INFO: [ app_begin ] --END-- [ RunTime:0.000447s ]
NOTIC: [2048] Declaration of CheckDataModel::Delete() should be compatible with Model::delete($options = Array) F:\wamp\www\jycheck\jycheck\Lib\Model\CheckDataModel.class.php 第 3 行.
SQL: SHOW COLUMNS FROM `check_data` [ RunTime:0.002524s ]
ERR: 1146:Table 'jycheck.check_data' doesn't exist
 [ SQL语句 ] : SHOW COLUMNS FROM `check_data`
SQL: SELECT record_come, record_uncome FROM checkrecord WHERE record_id = '20' [ RunTime:0.000382s ]

[ 2014-03-01T13:05:37+08:00 ] 127.0.0.1 /jycheck/index.php/CheckData/getCheckNumInfo
INFO: [ app_begin ] --START--
INFO: ReadHtmlCache Behavior ::run [ RunTime:0.000437s ]
INFO: [ app_begin ] --END-- [ RunTime:0.000511s ]
NOTIC: [2048] Declaration of CheckDataModel::Delete() should be compatible with Model::delete($options = Array) F:\wamp\www\jycheck\jycheck\Lib\Model\CheckDataModel.class.php 第 3 行.
SQL: SHOW COLUMNS FROM `check_data` [ RunTime:0.002218s ]
ERR: 1146:Table 'jycheck.check_data' doesn't exist
 [ SQL语句 ] : SHOW COLUMNS FROM `check_data`
SQL: SELECT record_come, record_uncome FROM checkrecord WHERE record_id = '21' [ RunTime:0.000414s ]

[ 2014-03-01T13:05:39+08:00 ] 127.0.0.1 /jycheck/index.php/CheckData/getCheckNumInfo
INFO: [ app_begin ] --START--
INFO: ReadHtmlCache Behavior ::run [ RunTime:0.000610s ]
INFO: [ app_begin ] --END-- [ RunTime:0.000740s ]
NOTIC: [2048] Declaration of CheckDataModel::Delete() should be compatible with Model::delete($options = Array) F:\wamp\www\jycheck\jycheck\Lib\Model\CheckDataModel.class.php 第 3 行.
SQL: SHOW COLUMNS FROM `check_data` [ RunTime:0.002658s ]
ERR: 1146:Table 'jycheck.check_data' doesn't exist
 [ SQL语句 ] : SHOW COLUMNS FROM `check_data`
SQL: SELECT record_come, record_uncome FROM checkrecord WHERE record_id = '21' [ RunTime:0.000252s ]

[ 2014-03-01T13:05:44+08:00 ] 127.0.0.1 /jycheck/index.php/CheckData/getCheckNumInfo
INFO: [ app_begin ] --START--
INFO: ReadHtmlCache Behavior ::run [ RunTime:0.000372s ]
INFO: [ app_begin ] --END-- [ RunTime:0.000435s ]
NOTIC: [2048] Declaration of CheckDataModel::Delete() should be compatible with Model::delete($options = Array) F:\wamp\www\jycheck\jycheck\Lib\Model\CheckDataModel.class.php 第 3 行.
SQL: SHOW COLUMNS FROM `check_data` [ RunTime:0.003016s ]
ERR: 1146:Table 'jycheck.check_data' doesn't exist
 [ SQL语句 ] : SHOW COLUMNS FROM `check_data`
SQL: SELECT record_come, record_uncome FROM checkrecord WHERE record_id = '21' [ RunTime:0.000464s ]

[ 2014-03-01T13:05:50+08:00 ] 127.0.0.1 /jycheck/index.php/CheckData/getCheckNumInfo
INFO: [ app_begin ] --START--
INFO: ReadHtmlCache Behavior ::run [ RunTime:0.000516s ]
INFO: [ app_begin ] --END-- [ RunTime:0.000620s ]
NOTIC: [2048] Declaration of CheckDataModel::Delete() should be compatible with Model::delete($options = Array) F:\wamp\www\jycheck\jycheck\Lib\Model\CheckDataModel.class.php 第 3 行.
SQL: SHOW COLUMNS FROM `check_data` [ RunTime:0.002203s ]
ERR: 1146:Table 'jycheck.check_data' doesn't exist
 [ SQL语句 ] : SHOW COLUMNS FROM `check_data`
SQL: SELECT record_come, record_uncome FROM checkrecord WHERE record_id = '20' [ RunTime:0.000375s ]

[ 2014-03-01T13:05:52+08:00 ] 127.0.0.1 /jycheck/index.php/CheckData/getCheckNumInfo
INFO: [ app_begin ] --START--
INFO: ReadHtmlCache Behavior ::run [ RunTime:0.000382s ]
INFO: [ app_begin ] --END-- [ RunTime:0.000448s ]
NOTIC: [2048] Declaration of CheckDataModel::Delete() should be compatible with Model::delete($options = Array) F:\wamp\www\jycheck\jycheck\Lib\Model\CheckDataModel.class.php 第 3 行.
SQL: SHOW COLUMNS FROM `check_data` [ RunTime:0.002154s ]
ERR: 1146:Table 'jycheck.check_data' doesn't exist
 [ SQL语句 ] : SHOW COLUMNS FROM `check_data`
SQL: SELECT record_come, record_uncome FROM checkrecord WHERE record_id = '18' [ RunTime:0.000261s ]

[ 2014-03-01T13:05:55+08:00 ] 127.0.0.1 /jycheck/index.php/CheckData/getCheckNumInfo
INFO: [ app_begin ] --START--
INFO: ReadHtmlCache Behavior ::run [ RunTime:0.000369s ]
INFO: [ app_begin ] --END-- [ RunTime:0.000432s ]
NOTIC: [2048] Declaration of CheckDataModel::Delete() should be compatible with Model::delete($options = Array) F:\wamp\www\jycheck\jycheck\Lib\Model\CheckDataModel.class.php 第 3 行.
SQL: SHOW COLUMNS FROM `check_data` [ RunTime:0.002224s ]
ERR: 1146:Table 'jycheck.check_data' doesn't exist
 [ SQL语句 ] : SHOW COLUMNS FROM `check_data`
SQL: SELECT record_come, record_uncome FROM checkrecord WHERE record_id = '13' [ RunTime:0.000433s ]

[ 2014-03-01T13:05:58+08:00 ] 127.0.0.1 /jycheck/index.php/CheckData/getCheckNumInfo
INFO: [ app_begin ] --START--
INFO: ReadHtmlCache Behavior ::run [ RunTime:0.000589s ]
INFO: [ app_begin ] --END-- [ RunTime:0.000689s ]
NOTIC: [2048] Declaration of CheckDataModel::Delete() should be compatible with Model::delete($options = Array) F:\wamp\www\jycheck\jycheck\Lib\Model\CheckDataModel.class.php 第 3 行.
SQL: SHOW COLUMNS FROM `check_data` [ RunTime:0.002151s ]
ERR: 1146:Table 'jycheck.check_data' doesn't exist
 [ SQL语句 ] : SHOW COLUMNS FROM `check_data`
SQL: SELECT record_come, record_uncome FROM checkrecord WHERE record_id = '12' [ RunTime:0.000335s ]

[ 2014-03-01T13:07:28+08:00 ] 127.0.0.1 /jycheck/index.php/CheckData/getAllUncomeStudentName
INFO: [ app_begin ] --START--
INFO: ReadHtmlCache Behavior ::run [ RunTime:0.000376s ]
INFO: [ app_begin ] --END-- [ RunTime:0.000442s ]
NOTIC: [2048] Declaration of CheckDataModel::Delete() should be compatible with Model::delete($options = Array) F:\wamp\www\jycheck\jycheck\Lib\Model\CheckDataModel.class.php 第 3 行.
SQL: SHOW COLUMNS FROM `check_data` [ RunTime:0.002529s ]
ERR: 1146:Table 'jycheck.check_data' doesn't exist
 [ SQL语句 ] : SHOW COLUMNS FROM `check_data`
SQL: SELECT record_info FROM checkrecord WHERE record_id = '18' [ RunTime:0.000466s ]
SQL: SELECT name FROM student WHERE uid = '101100005' [ RunTime:0.000305s ]
SQL: SELECT name FROM student WHERE uid = '101100035' [ RunTime:0.000191s ]
SQL: SELECT name FROM student WHERE uid = '101100036' [ RunTime:0.000300s ]
SQL: SELECT name FROM student WHERE uid = '101100038' [ RunTime:0.000293s ]
SQL: SELECT name FROM student WHERE uid = '101100039' [ RunTime:0.000293s ]
SQL: SELECT name FROM student WHERE uid = '101100045' [ RunTime:0.000327s ]
SQL: SELECT name FROM student WHERE uid = '101100049' [ RunTime:0.000319s ]
SQL: SELECT name FROM student WHERE uid = '101100002' [ RunTime:0.000287s ]
SQL: SELECT name FROM student WHERE uid = '101100021' [ RunTime:0.000255s ]
SQL: SELECT name FROM student WHERE uid = '101100037' [ RunTime:0.000285s ]
SQL: SELECT name FROM student WHERE uid = '101100018' [ RunTime:0.000402s ]
SQL: SELECT name FROM student WHERE uid = '101010224' [ RunTime:0.000386s ]

[ 2014-03-01T13:07:38+08:00 ] 127.0.0.1 /jycheck/index.php/CheckData/getCheckNumInfo
INFO: [ app_begin ] --START--
INFO: ReadHtmlCache Behavior ::run [ RunTime:0.000369s ]
INFO: [ app_begin ] --END-- [ RunTime:0.000434s ]
NOTIC: [2048] Declaration of CheckDataModel::Delete() should be compatible with Model::delete($options = Array) F:\wamp\www\jycheck\jycheck\Lib\Model\CheckDataModel.class.php 第 3 行.
SQL: SHOW COLUMNS FROM `check_data` [ RunTime:0.028991s ]
ERR: 1146:Table 'jycheck.check_data' doesn't exist
 [ SQL语句 ] : SHOW COLUMNS FROM `check_data`
SQL: SELECT record_come, record_uncome FROM checkrecord WHERE record_id = '17' [ RunTime:0.000382s ]

[ 2014-03-01T13:07:50+08:00 ] 127.0.0.1 /jycheck/index.php/CheckData/getCheckNumInfo
INFO: [ app_begin ] --START--
INFO: ReadHtmlCache Behavior ::run [ RunTime:0.000378s ]
INFO: [ app_begin ] --END-- [ RunTime:0.000444s ]
NOTIC: [2048] Declaration of CheckDataModel::Delete() should be compatible with Model::delete($options = Array) F:\wamp\www\jycheck\jycheck\Lib\Model\CheckDataModel.class.php 第 3 行.
SQL: SHOW COLUMNS FROM `check_data` [ RunTime:0.002165s ]
ERR: 1146:Table 'jycheck.check_data' doesn't exist
 [ SQL语句 ] : SHOW COLUMNS FROM `check_data`
SQL: SELECT record_come, record_uncome FROM checkrecord WHERE record_id = '18' [ RunTime:0.000263s ]

[ 2014-03-01T13:07:51+08:00 ] 127.0.0.1 /jycheck/index.php/CheckData/getAllUncomeStudentName
INFO: [ app_begin ] --START--
INFO: ReadHtmlCache Behavior ::run [ RunTime:0.000355s ]
INFO: [ app_begin ] --END-- [ RunTime:0.000417s ]
NOTIC: [2048] Declaration of CheckDataModel::Delete() should be compatible with Model::delete($options = Array) F:\wamp\www\jycheck\jycheck\Lib\Model\CheckDataModel.class.php 第 3 行.
SQL: SHOW COLUMNS FROM `check_data` [ RunTime:0.002560s ]
ERR: 1146:Table 'jycheck.check_data' doesn't exist
 [ SQL语句 ] : SHOW COLUMNS FROM `check_data`
SQL: SELECT record_info FROM checkrecord WHERE record_id = '18' [ RunTime:0.000417s ]
SQL: SELECT name FROM student WHERE uid = '101100005' [ RunTime:0.000274s ]
SQL: SELECT name FROM student WHERE uid = '101100035' [ RunTime:0.000180s ]
SQL: SELECT name FROM student WHERE uid = '101100036' [ RunTime:0.000199s ]
SQL: SELECT name FROM student WHERE uid = '101100038' [ RunTime:0.000169s ]
SQL: SELECT name FROM student WHERE uid = '101100039' [ RunTime:0.000164s ]
SQL: SELECT name FROM student WHERE uid = '101100045' [ RunTime:0.000175s ]
SQL: SELECT name FROM student WHERE uid = '101100049' [ RunTime:0.000163s ]
SQL: SELECT name FROM student WHERE uid = '101100002' [ RunTime:0.000167s ]
SQL: SELECT name FROM student WHERE uid = '101100021' [ RunTime:0.000161s ]
SQL: SELECT name FROM student WHERE uid = '101100037' [ RunTime:0.000171s ]
SQL: SELECT name FROM student WHERE uid = '101100018' [ RunTime:0.000162s ]
SQL: SELECT name FROM student WHERE uid = '101010224' [ RunTime:0.000161s ]

[ 2014-03-01T13:08:01+08:00 ] 127.0.0.1 /jycheck/index.php/CheckData/getCheckNumInfo
INFO: [ app_begin ] --START--
INFO: ReadHtmlCache Behavior ::run [ RunTime:0.000410s ]
INFO: [ app_begin ] --END-- [ RunTime:0.000474s ]
NOTIC: [2048] Declaration of CheckDataModel::Delete() should be compatible with Model::delete($options = Array) F:\wamp\www\jycheck\jycheck\Lib\Model\CheckDataModel.class.php 第 3 行.
SQL: SHOW COLUMNS FROM `check_data` [ RunTime:0.002443s ]
ERR: 1146:Table 'jycheck.check_data' doesn't exist
 [ SQL语句 ] : SHOW COLUMNS FROM `check_data`
SQL: SELECT record_come, record_uncome FROM checkrecord WHERE record_id = '18' [ RunTime:0.000359s ]

[ 2014-03-01T13:08:03+08:00 ] 127.0.0.1 /jycheck/index.php/CheckData/getAllUncomeStudentName
INFO: [ app_begin ] --START--
INFO: ReadHtmlCache Behavior ::run [ RunTime:0.000500s ]
INFO: [ app_begin ] --END-- [ RunTime:0.000587s ]
NOTIC: [2048] Declaration of CheckDataModel::Delete() should be compatible with Model::delete($options = Array) F:\wamp\www\jycheck\jycheck\Lib\Model\CheckDataModel.class.php 第 3 行.
SQL: SHOW COLUMNS FROM `check_data` [ RunTime:0.003270s ]
ERR: 1146:Table 'jycheck.check_data' doesn't exist
 [ SQL语句 ] : SHOW COLUMNS FROM `check_data`
SQL: SELECT record_info FROM checkrecord WHERE record_id = '18' [ RunTime:0.000909s ]
SQL: SELECT name FROM student WHERE uid = '101100005' [ RunTime:0.000650s ]
SQL: SELECT name FROM student WHERE uid = '101100035' [ RunTime:0.000706s ]
SQL: SELECT name FROM student WHERE uid = '101100036' [ RunTime:0.000419s ]
SQL: SELECT name FROM student WHERE uid = '101100038' [ RunTime:0.000301s ]
SQL: SELECT name FROM student WHERE uid = '101100039' [ RunTime:0.000306s ]
SQL: SELECT name FROM student WHERE uid = '101100045' [ RunTime:0.000285s ]
SQL: SELECT name FROM student WHERE uid = '101100049' [ RunTime:0.000248s ]
SQL: SELECT name FROM student WHERE uid = '101100002' [ RunTime:0.000362s ]
SQL: SELECT name FROM student WHERE uid = '101100021' [ RunTime:0.000235s ]
SQL: SELECT name FROM student WHERE uid = '101100037' [ RunTime:0.000246s ]
SQL: SELECT name FROM student WHERE uid = '101100018' [ RunTime:0.000226s ]
SQL: SELECT name FROM student WHERE uid = '101010224' [ RunTime:0.000331s ]

[ 2014-03-01T13:09:17+08:00 ] 127.0.0.1 /jycheck/index.php/Teacher/getTeachInfo
INFO: [ app_begin ] --START--
INFO: ReadHtmlCache Behavior ::run [ RunTime:0.000423s ]
INFO: [ app_begin ] --END-- [ RunTime:0.000486s ]

[ 2014-03-01T13:09:18+08:00 ] 127.0.0.1 /jycheck/index.php/Teacher/getTeachInfo
INFO: [ app_begin ] --START--
INFO: ReadHtmlCache Behavior ::run [ RunTime:0.000343s ]
INFO: [ app_begin ] --END-- [ RunTime:0.000401s ]

[ 2014-03-01T13:17:45+08:00 ] 127.0.0.1 /jycheck/index.php/ProvinceMessage/ProvinceInfoShow
ERR: 无法加载模块:ProvinceMessage

[ 2014-03-01T13:17:47+08:00 ] 127.0.0.1 /jycheck/index.php/DataMessage/UserInfoShow
ERR: 无法加载模块:DataMessage

[ 2014-03-01T13:41:09+08:00 ] 127.0.0.1 /jycheck/index.php/ProvinceMessage/ProvinceInfoShow
ERR: 无法加载模块:ProvinceMessage

[ 2014-03-01T13:47:40+08:00 ] 127.0.0.1 /jycheck/index.php/ProvinceMessage/ProvinceInfoShow
ERR: 无法加载模块:ProvinceMessage

[ 2014-03-01T13:50:17+08:00 ] 127.0.0.1 /jycheck/index.php/ProvinceMessage/ProvinceInfoShow
ERR: 无法加载模块:ProvinceMessage

[ 2014-03-01T13:56:56+08:00 ] 127.0.0.1 /jycheck/index.php/CheckData/getAllUncomeStudentName
INFO: [ app_begin ] --START--
INFO: ReadHtmlCache Behavior ::run [ RunTime:0.000580s ]
INFO: [ app_begin ] --END-- [ RunTime:0.000680s ]
NOTIC: [2048] Declaration of CheckDataModel::Delete() should be compatible with Model::delete($options = Array) F:\wamp\www\jycheck\jycheck\Lib\Model\CheckDataModel.class.php 第 3 行.
SQL: SHOW COLUMNS FROM `check_data` [ RunTime:0.002268s ]
ERR: 1146:Table 'jycheck.check_data' doesn't exist
 [ SQL语句 ] : SHOW COLUMNS FROM `check_data`
SQL: SELECT record_info FROM checkrecord WHERE record_id = '21' [ RunTime:0.000551s ]
SQL: SELECT name FROM student WHERE uid = '101100005' [ RunTime:0.000469s ]
SQL: SELECT name FROM student WHERE uid = '101100014' [ RunTime:0.000481s ]
SQL: SELECT name FROM student WHERE uid = '101100016' [ RunTime:0.000298s ]
SQL: SELECT name FROM student WHERE uid = '101100017' [ RunTime:0.000273s ]
SQL: SELECT name FROM student WHERE uid = '101100020' [ RunTime:0.000278s ]
SQL: SELECT name FROM student WHERE uid = '101100035' [ RunTime:0.000265s ]
SQL: SELECT name FROM student WHERE uid = '101100036' [ RunTime:0.000248s ]
SQL: SELECT name FROM student WHERE uid = '101100038' [ RunTime:0.000240s ]
SQL: SELECT name FROM student WHERE uid = '101100039' [ RunTime:0.000242s ]
SQL: SELECT name FROM student WHERE uid = '101100045' [ RunTime:0.000233s ]
SQL: SELECT name FROM student WHERE uid = '101100049' [ RunTime:0.000230s ]
SQL: SELECT name FROM student WHERE uid = '101100002' [ RunTime:0.000236s ]
SQL: SELECT name FROM student WHERE uid = '101100021' [ RunTime:0.000230s ]
SQL: SELECT name FROM student WHERE uid = '101100037' [ RunTime:0.000235s ]
SQL: SELECT name FROM student WHERE uid = '101100018' [ RunTime:0.000239s ]
SQL: SELECT name FROM student WHERE uid = '101010224' [ RunTime:0.000222s ]

[ 2014-03-01T13:57:28+08:00 ] 127.0.0.1 /jycheck/index.php/CheckData/getCheckNumInfo
INFO: [ app_begin ] --START--
INFO: ReadHtmlCache Behavior ::run [ RunTime:0.000563s ]
INFO: [ app_begin ] --END-- [ RunTime:0.000660s ]
NOTIC: [2048] Declaration of CheckDataModel::Delete() should be compatible with Model::delete($options = Array) F:\wamp\www\jycheck\jycheck\Lib\Model\CheckDataModel.class.php 第 3 行.
SQL: SHOW COLUMNS FROM `check_data` [ RunTime:0.003173s ]
ERR: 1146:Table 'jycheck.check_data' doesn't exist
 [ SQL语句 ] : SHOW COLUMNS FROM `check_data`
SQL: SELECT record_come, record_uncome FROM checkrecord WHERE record_id = '18' [ RunTime:0.000447s ]

[ 2014-03-01T13:57:32+08:00 ] 127.0.0.1 /jycheck/index.php/CheckData/getCheckNumInfo
INFO: [ app_begin ] --START--
INFO: ReadHtmlCache Behavior ::run [ RunTime:0.000549s ]
INFO: [ app_begin ] --END-- [ RunTime:0.000641s ]
NOTIC: [2048] Declaration of CheckDataModel::Delete() should be compatible with Model::delete($options = Array) F:\wamp\www\jycheck\jycheck\Lib\Model\CheckDataModel.class.php 第 3 行.
SQL: SHOW COLUMNS FROM `check_data` [ RunTime:0.002604s ]
ERR: 1146:Table 'jycheck.check_data' doesn't exist
 [ SQL语句 ] : SHOW COLUMNS FROM `check_data`
SQL: SELECT record_come, record_uncome FROM checkrecord WHERE record_id = '15' [ RunTime:0.000317s ]

[ 2014-03-01T13:57:39+08:00 ] 127.0.0.1 /jycheck/index.php/CheckData/getCheckNumInfo
INFO: [ app_begin ] --START--
INFO: ReadHtmlCache Behavior ::run [ RunTime:0.000648s ]
INFO: [ app_begin ] --END-- [ RunTime:0.000760s ]
NOTIC: [2048] Declaration of CheckDataModel::Delete() should be compatible with Model::delete($options = Array) F:\wamp\www\jycheck\jycheck\Lib\Model\CheckDataModel.class.php 第 3 行.
SQL: SHOW COLUMNS FROM `check_data` [ RunTime:0.002844s ]
ERR: 1146:Table 'jycheck.check_data' doesn't exist
 [ SQL语句 ] : SHOW COLUMNS FROM `check_data`
SQL: SELECT record_come, record_uncome FROM checkrecord WHERE record_id = '21' [ RunTime:0.000505s ]

[ 2014-03-01T14:34:28+08:00 ] 127.0.0.1 /jycheck/index.php/Student/allClassCheckMsg
ERR: 非法操作:allClassCheckMsg

[ 2014-03-01T14:35:48+08:00 ] 127.0.0.1 /jycheck/index.php/ProvinceMessage/ProvinceInfoShow
ERR: 无法加载模块:ProvinceMessage

[ 2014-03-01T15:56:18+08:00 ] 127.0.0.1 /jycheck/index.php/CheckData/getCheckNumInfo
INFO: [ app_begin ] --START--
INFO: ReadHtmlCache Behavior ::run [ RunTime:0.000565s ]
INFO: [ app_begin ] --END-- [ RunTime:0.000664s ]
NOTIC: [8] Undefined index: record_id F:\wamp\www\jycheck\jycheck\Lib\Action\CheckDataAction.class.php 第 68 行.
NOTIC: [2048] Declaration of CheckDataModel::Delete() should be compatible with Model::delete($options = Array) F:\wamp\www\jycheck\jycheck\Lib\Model\CheckDataModel.class.php 第 3 行.
SQL: SHOW COLUMNS FROM `check_data` [ RunTime:0.002121s ]
ERR: 1146:Table 'jycheck.check_data' doesn't exist
 [ SQL语句 ] : SHOW COLUMNS FROM `check_data`
SQL: SELECT record_come, record_uncome FROM checkrecord WHERE record_id = '' [ RunTime:0.000263s ]
NOTIC: [8] Undefined offset: 0 F:\wamp\www\jycheck\jycheck\Lib\Action\CheckDataAction.class.php 第 72 行.
NOTIC: [8] Undefined offset: 0 F:\wamp\www\jycheck\jycheck\Lib\Action\CheckDataAction.class.php 第 72 行.

[ 2014-03-01T15:56:37+08:00 ] 127.0.0.1 /jycheck/index.php/CheckData/getCheckNumInfo
INFO: [ app_begin ] --START--
INFO: ReadHtmlCache Behavior ::run [ RunTime:0.000637s ]
INFO: [ app_begin ] --END-- [ RunTime:0.000750s ]
NOTIC: [8] Undefined index: record_id F:\wamp\www\jycheck\jycheck\Lib\Action\CheckDataAction.class.php 第 68 行.
NOTIC: [2048] Declaration of CheckDataModel::Delete() should be compatible with Model::delete($options = Array) F:\wamp\www\jycheck\jycheck\Lib\Model\CheckDataModel.class.php 第 3 行.
SQL: SHOW COLUMNS FROM `check_data` [ RunTime:0.003088s ]
ERR: 1146:Table 'jycheck.check_data' doesn't exist
 [ SQL语句 ] : SHOW COLUMNS FROM `check_data`
SQL: SELECT record_come, record_uncome FROM checkrecord WHERE record_id = '' [ RunTime:0.000701s ]
NOTIC: [8] Undefined offset: 0 F:\wamp\www\jycheck\jycheck\Lib\Action\CheckDataAction.class.php 第 72 行.
NOTIC: [8] Undefined offset: 0 F:\wamp\www\jycheck\jycheck\Lib\Action\CheckDataAction.class.php 第 72 行.

[ 2014-03-01T15:57:04+08:00 ] 127.0.0.1 /jycheck/index.php/CheckData/getCheckNumInfo
INFO: [ app_begin ] --START--
INFO: ReadHtmlCache Behavior ::run [ RunTime:0.000635s ]
INFO: [ app_begin ] --END-- [ RunTime:0.000739s ]
NOTIC: [8] Undefined index: record_id F:\wamp\www\jycheck\jycheck\Lib\Action\CheckDataAction.class.php 第 68 行.
NOTIC: [2048] Declaration of CheckDataModel::Delete() should be compatible with Model::delete($options = Array) F:\wamp\www\jycheck\jycheck\Lib\Model\CheckDataModel.class.php 第 3 行.
SQL: SHOW COLUMNS FROM `check_data` [ RunTime:0.003810s ]
ERR: 1146:Table 'jycheck.check_data' doesn't exist
 [ SQL语句 ] : SHOW COLUMNS FROM `check_data`
SQL: SELECT record_come, record_uncome FROM checkrecord WHERE record_id = '' [ RunTime:0.003295s ]
NOTIC: [8] Undefined offset: 0 F:\wamp\www\jycheck\jycheck\Lib\Action\CheckDataAction.class.php 第 72 行.
NOTIC: [8] Undefined offset: 0 F:\wamp\www\jycheck\jycheck\Lib\Action\CheckDataAction.class.php 第 72 行.

[ 2014-03-01T15:57:51+08:00 ] 127.0.0.1 /jycheck/index.php/CheckData/getCheckNumInfo
INFO: [ app_begin ] --START--
INFO: ReadHtmlCache Behavior ::run [ RunTime:0.001159s ]
INFO: [ app_begin ] --END-- [ RunTime:0.001372s ]
NOTIC: [8] Undefined index: record_id F:\wamp\www\jycheck\jycheck\Lib\Action\CheckDataAction.class.php 第 68 行.
NOTIC: [2048] Declaration of CheckDataModel::Delete() should be compatible with Model::delete($options = Array) F:\wamp\www\jycheck\jycheck\Lib\Model\CheckDataModel.class.php 第 3 行.
SQL: SHOW COLUMNS FROM `check_data` [ RunTime:0.002482s ]
ERR: 1146:Table 'jycheck.check_data' doesn't exist
 [ SQL语句 ] : SHOW COLUMNS FROM `check_data`
SQL: SELECT record_come, record_uncome FROM checkrecord WHERE record_id = '' [ RunTime:0.000279s ]
NOTIC: [8] Undefined offset: 0 F:\wamp\www\jycheck\jycheck\Lib\Action\CheckDataAction.class.php 第 72 行.
NOTIC: [8] Undefined offset: 0 F:\wamp\www\jycheck\jycheck\Lib\Action\CheckDataAction.class.php 第 72 行.

[ 2014-03-01T15:58:26+08:00 ] 127.0.0.1 /jycheck/index.php/CheckData/getCheckNumInfo
INFO: [ app_begin ] --START--
INFO: ReadHtmlCache Behavior ::run [ RunTime:0.000749s ]
INFO: [ app_begin ] --END-- [ RunTime:0.000877s ]
NOTIC: [8] Undefined index: record_id F:\wamp\www\jycheck\jycheck\Lib\Action\CheckDataAction.class.php 第 68 行.
NOTIC: [2048] Declaration of CheckDataModel::Delete() should be compatible with Model::delete($options = Array) F:\wamp\www\jycheck\jycheck\Lib\Model\CheckDataModel.class.php 第 3 行.
SQL: SHOW COLUMNS FROM `check_data` [ RunTime:0.003995s ]
ERR: 1146:Table 'jycheck.check_data' doesn't exist
 [ SQL语句 ] : SHOW COLUMNS FROM `check_data`
SQL: SELECT record_come, record_uncome FROM checkrecord WHERE record_id = '' [ RunTime:0.000245s ]
NOTIC: [8] Undefined offset: 0 F:\wamp\www\jycheck\jycheck\Lib\Action\CheckDataAction.class.php 第 72 行.
NOTIC: [8] Undefined offset: 0 F:\wamp\www\jycheck\jycheck\Lib\Action\CheckDataAction.class.php 第 72 行.

[ 2014-03-01T15:58:31+08:00 ] 127.0.0.1 /jycheck/index.php/CheckData/getCheckNumInfo
INFO: [ app_begin ] --START--
INFO: ReadHtmlCache Behavior ::run [ RunTime:0.000848s ]
INFO: [ app_begin ] --END-- [ RunTime:0.001009s ]
NOTIC: [8] Undefined index: record_id F:\wamp\www\jycheck\jycheck\Lib\Action\CheckDataAction.class.php 第 68 行.
NOTIC: [2048] Declaration of CheckDataModel::Delete() should be compatible with Model::delete($options = Array) F:\wamp\www\jycheck\jycheck\Lib\Model\CheckDataModel.class.php 第 3 行.
SQL: SHOW COLUMNS FROM `check_data` [ RunTime:0.002626s ]
ERR: 1146:Table 'jycheck.check_data' doesn't exist
 [ SQL语句 ] : SHOW COLUMNS FROM `check_data`
SQL: SELECT record_come, record_uncome FROM checkrecord WHERE record_id = '' [ RunTime:0.000476s ]
NOTIC: [8] Undefined offset: 0 F:\wamp\www\jycheck\jycheck\Lib\Action\CheckDataAction.class.php 第 72 行.
NOTIC: [8] Undefined offset: 0 F:\wamp\www\jycheck\jycheck\Lib\Action\CheckDataAction.class.php 第 72 行.

[ 2014-03-01T15:59:49+08:00 ] 127.0.0.1 /jycheck/index.php/CheckData/getCheckNumInfo
INFO: [ app_begin ] --START--
INFO: ReadHtmlCache Behavior ::run [ RunTime:0.000575s ]
INFO: [ app_begin ] --END-- [ RunTime:0.000701s ]
NOTIC: [8] Undefined index: record_id F:\wamp\www\jycheck\jycheck\Lib\Action\CheckDataAction.class.php 第 68 行.
NOTIC: [2048] Declaration of CheckDataModel::Delete() should be compatible with Model::delete($options = Array) F:\wamp\www\jycheck\jycheck\Lib\Model\CheckDataModel.class.php 第 3 行.
SQL: SHOW COLUMNS FROM `check_data` [ RunTime:0.004293s ]
ERR: 1146:Table 'jycheck.check_data' doesn't exist
 [ SQL语句 ] : SHOW COLUMNS FROM `check_data`
SQL: SELECT record_come, record_uncome FROM checkrecord WHERE record_id = '' [ RunTime:0.000645s ]
NOTIC: [8] Undefined offset: 0 F:\wamp\www\jycheck\jycheck\Lib\Action\CheckDataAction.class.php 第 72 行.
NOTIC: [8] Undefined offset: 0 F:\wamp\www\jycheck\jycheck\Lib\Action\CheckDataAction.class.php 第 72 行.

[ 2014-03-01T16:00:10+08:00 ] 127.0.0.1 /jycheck/index.php/CheckData/getCheckNumInfo
INFO: [ app_begin ] --START--
INFO: ReadHtmlCache Behavior ::run [ RunTime:0.001076s ]
INFO: [ app_begin ] --END-- [ RunTime:0.001262s ]
NOTIC: [8] Undefined index: record_id F:\wamp\www\jycheck\jycheck\Lib\Action\CheckDataAction.class.php 第 68 行.
NOTIC: [2048] Declaration of CheckDataModel::Delete() should be compatible with Model::delete($options = Array) F:\wamp\www\jycheck\jycheck\Lib\Model\CheckDataModel.class.php 第 3 行.
SQL: SHOW COLUMNS FROM `check_data` [ RunTime:0.003942s ]
ERR: 1146:Table 'jycheck.check_data' doesn't exist
 [ SQL语句 ] : SHOW COLUMNS FROM `check_data`
SQL: SELECT record_come, record_uncome FROM checkrecord WHERE record_id = '' [ RunTime:0.000604s ]
NOTIC: [8] Undefined offset: 0 F:\wamp\www\jycheck\jycheck\Lib\Action\CheckDataAction.class.php 第 72 行.
NOTIC: [8] Undefined offset: 0 F:\wamp\www\jycheck\jycheck\Lib\Action\CheckDataAction.class.php 第 72 行.

[ 2014-03-01T16:02:50+08:00 ] 127.0.0.1 /jycheck/index.php/CheckData/CheckClassData
INFO: [ app_begin ] --START--
INFO: ReadHtmlCache Behavior ::run [ RunTime:0.000699s ]
INFO: [ app_begin ] --END-- [ RunTime:0.000834s ]
NOTIC: [2048] Declaration of CheckDataModel::Delete() should be compatible with Model::delete($options = Array) F:\wamp\www\jycheck\jycheck\Lib\Model\CheckDataModel.class.php 第 3 行.
SQL: SHOW COLUMNS FROM `check_data` [ RunTime:0.002635s ]
ERR: 1146:Table 'jycheck.check_data' doesn't exist
 [ SQL语句 ] : SHOW COLUMNS FROM `check_data`
SQL: SELECT record_come, record_uncome, (record_come + record_uncome) AS sum, DATE_FORMAT(record_time, '%Y-%m-%d') FROM checkrecord WHERE record_class = '电子101班' ORDER BY record_time [ RunTime:0.000377s ]

[ 2014-03-01T16:03:54+08:00 ] 127.0.0.1 /jycheck/index.php/CheckData/CheckClassData
INFO: [ app_begin ] --START--
INFO: ReadHtmlCache Behavior ::run [ RunTime:0.000628s ]
INFO: [ app_begin ] --END-- [ RunTime:0.000749s ]
NOTIC: [2048] Declaration of CheckDataModel::Delete() should be compatible with Model::delete($options = Array) F:\wamp\www\jycheck\jycheck\Lib\Model\CheckDataModel.class.php 第 3 行.
SQL: SHOW COLUMNS FROM `check_data` [ RunTime:0.002318s ]
ERR: 1146:Table 'jycheck.check_data' doesn't exist
 [ SQL语句 ] : SHOW COLUMNS FROM `check_data`
SQL: SELECT record_come, record_uncome, (record_come + record_uncome) AS sum, DATE_FORMAT(record_time, '%Y-%m-%d') AS record_time FROM checkrecord WHERE record_class = '电子101班' ORDER BY record_time [ RunTime:0.000624s ]

[ 2014-03-01T16:13:29+08:00 ] 127.0.0.1 /jycheck/index.php/CheckData/CheckClassData
INFO: [ app_begin ] --START--
INFO: ReadHtmlCache Behavior ::run [ RunTime:0.000523s ]
INFO: [ app_begin ] --END-- [ RunTime:0.000606s ]
NOTIC: [2048] Declaration of CheckDataModel::Delete() should be compatible with Model::delete($options = Array) F:\wamp\www\jycheck\jycheck\Lib\Model\CheckDataModel.class.php 第 3 行.
SQL: SHOW COLUMNS FROM `check_data` [ RunTime:0.002833s ]
ERR: 1146:Table 'jycheck.check_data' doesn't exist
 [ SQL语句 ] : SHOW COLUMNS FROM `check_data`
SQL: SELECT record_come, record_uncome, (record_come + record_uncome) AS sum, DATE_FORMAT(record_time, '%Y-%m-%d') AS record_time FROM checkrecord WHERE record_class = '电子101班' ORDER BY record_time [ RunTime:0.000378s ]

[ 2014-03-01T16:32:56+08:00 ] 127.0.0.1 /jycheck/index.php/CheckData/CheckClassData
INFO: [ app_begin ] --START--
INFO: ReadHtmlCache Behavior ::run [ RunTime:0.000908s ]
INFO: [ app_begin ] --END-- [ RunTime:0.001055s ]
NOTIC: [2048] Declaration of CheckDataModel::Delete() should be compatible with Model::delete($options = Array) F:\wamp\www\jycheck\jycheck\Lib\Model\CheckDataModel.class.php 第 3 行.
SQL: SHOW COLUMNS FROM `check_data` [ RunTime:0.002553s ]
ERR: 1146:Table 'jycheck.check_data' doesn't exist
 [ SQL语句 ] : SHOW COLUMNS FROM `check_data`
SQL: SELECT record_come, record_uncome, (record_come + record_uncome) AS sum, DATE_FORMAT(record_time, '%Y-%m-%d') AS record_time FROM checkrecord WHERE record_class = '电子101班' ORDER BY record_time [ RunTime:0.000853s ]

[ 2014-03-01T16:34:15+08:00 ] 127.0.0.1 /jycheck/index.php/CheckData/CheckClassData
INFO: [ app_begin ] --START--
INFO: ReadHtmlCache Behavior ::run [ RunTime:0.000615s ]
INFO: [ app_begin ] --END-- [ RunTime:0.000695s ]
NOTIC: [2048] Declaration of CheckDataModel::Delete() should be compatible with Model::delete($options = Array) F:\wamp\www\jycheck\jycheck\Lib\Model\CheckDataModel.class.php 第 3 行.
SQL: SHOW COLUMNS FROM `check_data` [ RunTime:0.002762s ]
ERR: 1146:Table 'jycheck.check_data' doesn't exist
 [ SQL语句 ] : SHOW COLUMNS FROM `check_data`
SQL: SELECT record_come, record_uncome, (record_come + record_uncome) AS sum, DATE_FORMAT(record_time, '%Y-%m-%d') AS record_time FROM checkrecord WHERE record_class = '电子101班' ORDER BY record_time [ RunTime:0.000580s ]

[ 2014-03-01T16:34:40+08:00 ] 127.0.0.1 /jycheck/index.php/CheckData/CheckClassData
INFO: [ app_begin ] --START--
INFO: ReadHtmlCache Behavior ::run [ RunTime:0.000975s ]
INFO: [ app_begin ] --END-- [ RunTime:0.001118s ]
NOTIC: [2048] Declaration of CheckDataModel::Delete() should be compatible with Model::delete($options = Array) F:\wamp\www\jycheck\jycheck\Lib\Model\CheckDataModel.class.php 第 3 行.
SQL: SHOW COLUMNS FROM `check_data` [ RunTime:0.002382s ]
ERR: 1146:Table 'jycheck.check_data' doesn't exist
 [ SQL语句 ] : SHOW COLUMNS FROM `check_data`
SQL: SELECT record_come, record_uncome, (record_come + record_uncome) AS sum, DATE_FORMAT(record_time, '%Y-%m-%d') AS record_time FROM checkrecord WHERE record_class = '电子101班' ORDER BY record_time [ RunTime:0.000434s ]

[ 2014-03-01T16:35:32+08:00 ] 127.0.0.1 /jycheck/index.php/CheckData/CheckClassData
INFO: [ app_begin ] --START--
INFO: ReadHtmlCache Behavior ::run [ RunTime:0.000891s ]
INFO: [ app_begin ] --END-- [ RunTime:0.001047s ]
NOTIC: [2048] Declaration of CheckDataModel::Delete() should be compatible with Model::delete($options = Array) F:\wamp\www\jycheck\jycheck\Lib\Model\CheckDataModel.class.php 第 3 行.
SQL: SHOW COLUMNS FROM `check_data` [ RunTime:0.002150s ]
ERR: 1146:Table 'jycheck.check_data' doesn't exist
 [ SQL语句 ] : SHOW COLUMNS FROM `check_data`
SQL: SELECT record_come, record_uncome, (record_come + record_uncome) AS sum, DATE_FORMAT(record_time, '%Y-%m-%d') AS record_time FROM checkrecord WHERE record_class = '电子101班' ORDER BY record_time [ RunTime:0.000324s ]

[ 2014-03-01T16:36:00+08:00 ] 127.0.0.1 /jycheck/index.php/CheckData/CheckClassData
INFO: [ app_begin ] --START--
INFO: ReadHtmlCache Behavior ::run [ RunTime:0.000908s ]
INFO: [ app_begin ] --END-- [ RunTime:0.001119s ]
NOTIC: [2048] Declaration of CheckDataModel::Delete() should be compatible with Model::delete($options = Array) F:\wamp\www\jycheck\jycheck\Lib\Model\CheckDataModel.class.php 第 3 行.
SQL: SHOW COLUMNS FROM `check_data` [ RunTime:0.002828s ]
ERR: 1146:Table 'jycheck.check_data' doesn't exist
 [ SQL语句 ] : SHOW COLUMNS FROM `check_data`
SQL: SELECT record_come, record_uncome, (record_come + record_uncome) AS sum, DATE_FORMAT(record_time, '%Y-%m-%d') AS record_time FROM checkrecord WHERE record_class = '电子101班' ORDER BY record_time [ RunTime:0.000432s ]

[ 2014-03-01T16:36:30+08:00 ] 127.0.0.1 /jycheck/index.php/CheckData/CheckClassData
INFO: [ app_begin ] --START--
INFO: ReadHtmlCache Behavior ::run [ RunTime:0.000760s ]
INFO: [ app_begin ] --END-- [ RunTime:0.000898s ]
NOTIC: [2048] Declaration of CheckDataModel::Delete() should be compatible with Model::delete($options = Array) F:\wamp\www\jycheck\jycheck\Lib\Model\CheckDataModel.class.php 第 3 行.
SQL: SHOW COLUMNS FROM `check_data` [ RunTime:0.002392s ]
ERR: 1146:Table 'jycheck.check_data' doesn't exist
 [ SQL语句 ] : SHOW COLUMNS FROM `check_data`
SQL: SELECT record_come, record_uncome, (record_come + record_uncome) AS sum, DATE_FORMAT(record_time, '%m-%d') AS record_time FROM checkrecord WHERE record_class = '电子101班' ORDER BY record_time [ RunTime:0.000922s ]

[ 2014-03-01T17:45:23+08:00 ] 127.0.0.1 /jycheck/index.php/CheckData/CheckClassData
INFO: [ app_begin ] --START--
INFO: ReadHtmlCache Behavior ::run [ RunTime:0.000820s ]
INFO: [ app_begin ] --END-- [ RunTime:0.000973s ]
NOTIC: [2048] Declaration of CheckDataModel::Delete() should be compatible with Model::delete($options = Array) F:\wamp\www\jycheck\jycheck\Lib\Model\CheckDataModel.class.php 第 3 行.
SQL: SHOW COLUMNS FROM `check_data` [ RunTime:0.003130s ]
ERR: 1146:Table 'jycheck.check_data' doesn't exist
 [ SQL语句 ] : SHOW COLUMNS FROM `check_data`
SQL: SELECT record_come, record_uncome, (record_come + record_uncome) AS sum, DATE_FORMAT(record_time, '%m-%d') AS record_time FROM checkrecord WHERE record_class = '电子101班' ORDER BY record_time [ RunTime:0.000546s ]

[ 2014-03-01T17:45:50+08:00 ] 127.0.0.1 /jycheck/index.php/CheckData/CheckClassData
INFO: [ app_begin ] --START--
INFO: ReadHtmlCache Behavior ::run [ RunTime:0.000510s ]
INFO: [ app_begin ] --END-- [ RunTime:0.000608s ]
NOTIC: [2048] Declaration of CheckDataModel::Delete() should be compatible with Model::delete($options = Array) F:\wamp\www\jycheck\jycheck\Lib\Model\CheckDataModel.class.php 第 3 行.
SQL: SHOW COLUMNS FROM `check_data` [ RunTime:0.002498s ]
ERR: 1146:Table 'jycheck.check_data' doesn't exist
 [ SQL语句 ] : SHOW COLUMNS FROM `check_data`
SQL: SELECT record_come, record_uncome, (record_come + record_uncome) AS sum, DATE_FORMAT(record_time, '%m-%d') AS record_time FROM checkrecord WHERE record_class = '电子101班' ORDER BY record_time [ RunTime:0.002076s ]

[ 2014-03-01T17:46:11+08:00 ] 127.0.0.1 /jycheck/index.php/CheckData/CheckClassData
INFO: [ app_begin ] --START--
INFO: ReadHtmlCache Behavior ::run [ RunTime:0.000879s ]
INFO: [ app_begin ] --END-- [ RunTime:0.000991s ]
NOTIC: [2048] Declaration of CheckDataModel::Delete() should be compatible with Model::delete($options = Array) F:\wamp\www\jycheck\jycheck\Lib\Model\CheckDataModel.class.php 第 3 行.
SQL: SHOW COLUMNS FROM `check_data` [ RunTime:0.003062s ]
ERR: 1146:Table 'jycheck.check_data' doesn't exist
 [ SQL语句 ] : SHOW COLUMNS FROM `check_data`
SQL: SELECT record_come, record_uncome, (record_come + record_uncome) AS sum, DATE_FORMAT(record_time, '%m-%d') AS record_time FROM checkrecord WHERE record_class = '电子101班' ORDER BY record_time [ RunTime:0.000539s ]

[ 2014-03-01T17:49:52+08:00 ] 127.0.0.1 /jycheck/index.php/CheckData/CheckClassData
INFO: [ app_begin ] --START--
INFO: ReadHtmlCache Behavior ::run [ RunTime:0.000679s ]
INFO: [ app_begin ] --END-- [ RunTime:0.000804s ]
NOTIC: [2048] Declaration of CheckDataModel::Delete() should be compatible with Model::delete($options = Array) F:\wamp\www\jycheck\jycheck\Lib\Model\CheckDataModel.class.php 第 3 行.
SQL: SHOW COLUMNS FROM `check_data` [ RunTime:0.003949s ]
ERR: 1146:Table 'jycheck.check_data' doesn't exist
 [ SQL语句 ] : SHOW COLUMNS FROM `check_data`
SQL: SELECT record_come, record_uncome, (record_come + record_uncome) AS sum, DATE_FORMAT(record_time, '%m-%d') AS record_time FROM checkrecord WHERE record_class = '电子101班' ORDER BY record_time [ RunTime:0.000502s ]

[ 2014-03-01T17:51:10+08:00 ] 127.0.0.1 /jycheck/index.php/CheckData/CheckClassData
INFO: [ app_begin ] --START--
INFO: ReadHtmlCache Behavior ::run [ RunTime:0.000594s ]
INFO: [ app_begin ] --END-- [ RunTime:0.000691s ]
NOTIC: [2048] Declaration of CheckDataModel::Delete() should be compatible with Model::delete($options = Array) F:\wamp\www\jycheck\jycheck\Lib\Model\CheckDataModel.class.php 第 3 行.
SQL: SHOW COLUMNS FROM `check_data` [ RunTime:0.002241s ]
ERR: 1146:Table 'jycheck.check_data' doesn't exist
 [ SQL语句 ] : SHOW COLUMNS FROM `check_data`
SQL: SELECT record_uncome, DATE_FORMAT(record_time, '%m-%d') AS record_time FROM checkrecord WHERE record_class = '电子101班' ORDER BY record_time [ RunTime:0.000341s ]

[ 2014-03-01T17:52:17+08:00 ] 127.0.0.1 /jycheck/index.php/CheckData/CheckClassData
INFO: [ app_begin ] --START--
INFO: ReadHtmlCache Behavior ::run [ RunTime:0.001074s ]
INFO: [ app_begin ] --END-- [ RunTime:0.001311s ]
NOTIC: [2048] Declaration of CheckDataModel::Delete() should be compatible with Model::delete($options = Array) F:\wamp\www\jycheck\jycheck\Lib\Model\CheckDataModel.class.php 第 3 行.
SQL: SHOW COLUMNS FROM `check_data` [ RunTime:0.005311s ]
ERR: 1146:Table 'jycheck.check_data' doesn't exist
 [ SQL语句 ] : SHOW COLUMNS FROM `check_data`
SQL: SELECT record_uncome, DATE_FORMAT(record_time, '%m-%d') AS record_time FROM checkrecord WHERE record_class = '电子101班' ORDER BY record_time [ RunTime:0.001011s ]

[ 2014-03-01T17:52:35+08:00 ] 127.0.0.1 /jycheck/index.php/CheckData/CheckClassData
INFO: [ app_begin ] --START--
INFO: ReadHtmlCache Behavior ::run [ RunTime:0.000686s ]
INFO: [ app_begin ] --END-- [ RunTime:0.000820s ]
NOTIC: [2048] Declaration of CheckDataModel::Delete() should be compatible with Model::delete($options = Array) F:\wamp\www\jycheck\jycheck\Lib\Model\CheckDataModel.class.php 第 3 行.
SQL: SHOW COLUMNS FROM `check_data` [ RunTime:0.002985s ]
ERR: 1146:Table 'jycheck.check_data' doesn't exist
 [ SQL语句 ] : SHOW COLUMNS FROM `check_data`
SQL: SELECT record_uncome, DATE_FORMAT(record_time, '%m-%d') AS record_time FROM checkrecord WHERE record_class = '电子101班' ORDER BY record_time [ RunTime:0.000417s ]

[ 2014-03-01T17:56:14+08:00 ] 127.0.0.1 /jycheck/index.php/CheckData/CheckClassData
INFO: [ app_begin ] --START--
INFO: ReadHtmlCache Behavior ::run [ RunTime:0.000389s ]
INFO: [ app_begin ] --END-- [ RunTime:0.005967s ]
NOTIC: [2048] Declaration of CheckDataModel::Delete() should be compatible with Model::delete($options = Array) F:\wamp\www\jycheck\jycheck\Lib\Model\CheckDataModel.class.php 第 3 行.
SQL: SHOW COLUMNS FROM `check_data` [ RunTime:0.002594s ]
ERR: 1146:Table 'jycheck.check_data' doesn't exist
 [ SQL语句 ] : SHOW COLUMNS FROM `check_data`
SQL: SELECT record_uncome, DATE_FORMAT(record_time, '%m-%d') AS record_time FROM checkrecord WHERE record_class = '电子101班' ORDER BY record_time [ RunTime:0.000532s ]

[ 2014-03-01T17:56:51+08:00 ] 127.0.0.1 /jycheck/index.php/CheckData/CheckClassData
INFO: [ app_begin ] --START--
INFO: ReadHtmlCache Behavior ::run [ RunTime:0.001502s ]
INFO: [ app_begin ] --END-- [ RunTime:0.001728s ]
NOTIC: [2048] Declaration of CheckDataModel::Delete() should be compatible with Model::delete($options = Array) F:\wamp\www\jycheck\jycheck\Lib\Model\CheckDataModel.class.php 第 3 行.
SQL: SHOW COLUMNS FROM `check_data` [ RunTime:0.002529s ]
ERR: 1146:Table 'jycheck.check_data' doesn't exist
 [ SQL语句 ] : SHOW COLUMNS FROM `check_data`
SQL: SELECT record_uncome, DATE_FORMAT(record_time, '%m-%d') AS record_time FROM checkrecord WHERE record_class = '电子101班' ORDER BY record_time [ RunTime:0.000531s ]

[ 2014-03-01T17:56:55+08:00 ] 127.0.0.1 /jycheck/index.php/CheckData/CheckClassData
INFO: [ app_begin ] --START--
INFO: ReadHtmlCache Behavior ::run [ RunTime:0.000625s ]
INFO: [ app_begin ] --END-- [ RunTime:0.000734s ]
NOTIC: [2048] Declaration of CheckDataModel::Delete() should be compatible with Model::delete($options = Array) F:\wamp\www\jycheck\jycheck\Lib\Model\CheckDataModel.class.php 第 3 行.
SQL: SHOW COLUMNS FROM `check_data` [ RunTime:0.003454s ]
ERR: 1146:Table 'jycheck.check_data' doesn't exist
 [ SQL语句 ] : SHOW COLUMNS FROM `check_data`
SQL: SELECT record_uncome, DATE_FORMAT(record_time, '%m-%d') AS record_time FROM checkrecord WHERE record_class = '电子101班' ORDER BY record_time [ RunTime:0.000572s ]

[ 2014-03-01T17:58:03+08:00 ] 127.0.0.1 /jycheck/index.php/CheckData/CheckClassData
INFO: [ app_begin ] --START--
INFO: ReadHtmlCache Behavior ::run [ RunTime:0.000595s ]
INFO: [ app_begin ] --END-- [ RunTime:0.000693s ]
NOTIC: [2048] Declaration of CheckDataModel::Delete() should be compatible with Model::delete($options = Array) F:\wamp\www\jycheck\jycheck\Lib\Model\CheckDataModel.class.php 第 3 行.
SQL: SHOW COLUMNS FROM `check_data` [ RunTime:0.002161s ]
ERR: 1146:Table 'jycheck.check_data' doesn't exist
 [ SQL语句 ] : SHOW COLUMNS FROM `check_data`
SQL: SELECT record_uncome, DATE_FORMAT(record_time, '%m-%d') AS record_time FROM checkrecord WHERE record_class = '电子101班' ORDER BY record_time [ RunTime:0.000488s ]

[ 2014-03-01T17:59:04+08:00 ] 127.0.0.1 /jycheck/index.php/CheckData/getCheckNumInfo
INFO: [ app_begin ] --START--
INFO: ReadHtmlCache Behavior ::run [ RunTime:0.000652s ]
INFO: [ app_begin ] --END-- [ RunTime:0.000769s ]
NOTIC: [2048] Declaration of CheckDataModel::Delete() should be compatible with Model::delete($options = Array) F:\wamp\www\jycheck\jycheck\Lib\Model\CheckDataModel.class.php 第 3 行.
SQL: SHOW COLUMNS FROM `check_data` [ RunTime:0.002006s ]
ERR: 1146:Table 'jycheck.check_data' doesn't exist
 [ SQL语句 ] : SHOW COLUMNS FROM `check_data`
SQL: SELECT record_come, record_uncome FROM checkrecord WHERE record_id = '19' [ RunTime:0.000276s ]

[ 2014-03-01T17:59:13+08:00 ] 127.0.0.1 /jycheck/index.php/CheckData/CheckClassData
INFO: [ app_begin ] --START--
INFO: ReadHtmlCache Behavior ::run [ RunTime:0.000776s ]
INFO: [ app_begin ] --END-- [ RunTime:0.000912s ]
NOTIC: [2048] Declaration of CheckDataModel::Delete() should be compatible with Model::delete($options = Array) F:\wamp\www\jycheck\jycheck\Lib\Model\CheckDataModel.class.php 第 3 行.
SQL: SHOW COLUMNS FROM `check_data` [ RunTime:0.002189s ]
ERR: 1146:Table 'jycheck.check_data' doesn't exist
 [ SQL语句 ] : SHOW COLUMNS FROM `check_data`
SQL: SELECT record_uncome, DATE_FORMAT(record_time, '%m-%d') AS record_time FROM checkrecord WHERE record_class = '电子101班' ORDER BY record_time [ RunTime:0.000366s ]

[ 2014-03-01T17:59:39+08:00 ] 127.0.0.1 /jycheck/index.php/CheckData/CheckClassData
INFO: [ app_begin ] --START--
INFO: ReadHtmlCache Behavior ::run [ RunTime:0.000572s ]
INFO: [ app_begin ] --END-- [ RunTime:0.000669s ]
NOTIC: [2048] Declaration of CheckDataModel::Delete() should be compatible with Model::delete($options = Array) F:\wamp\www\jycheck\jycheck\Lib\Model\CheckDataModel.class.php 第 3 行.
SQL: SHOW COLUMNS FROM `check_data` [ RunTime:0.003059s ]
ERR: 1146:Table 'jycheck.check_data' doesn't exist
 [ SQL语句 ] : SHOW COLUMNS FROM `check_data`
SQL: SELECT record_uncome, DATE_FORMAT(record_time, '%m-%d') AS record_time FROM checkrecord WHERE record_class = '电子101班' ORDER BY record_time [ RunTime:0.000591s ]

[ 2014-03-01T18:05:22+08:00 ] 127.0.0.1 /jycheck/index.php/CheckData/CheckClassData
INFO: [ app_begin ] --START--
INFO: ReadHtmlCache Behavior ::run [ RunTime:0.000972s ]
INFO: [ app_begin ] --END-- [ RunTime:0.001073s ]
NOTIC: [2048] Declaration of CheckDataModel::Delete() should be compatible with Model::delete($options = Array) F:\wamp\www\jycheck\jycheck\Lib\Model\CheckDataModel.class.php 第 3 行.
SQL: SHOW COLUMNS FROM `check_data` [ RunTime:0.002341s ]
ERR: 1146:Table 'jycheck.check_data' doesn't exist
 [ SQL语句 ] : SHOW COLUMNS FROM `check_data`
SQL: SELECT record_uncome, DATE_FORMAT(record_time, '%m-%d') AS record_time FROM checkrecord WHERE record_class = '电子101班' ORDER BY record_time [ RunTime:0.000471s ]

[ 2014-03-01T18:05:40+08:00 ] 127.0.0.1 /jycheck/index.php/DataMessage/UserInfoShow
ERR: 无法加载模块:DataMessage

[ 2014-03-01T18:14:46+08:00 ] 127.0.0.1 /jycheck/index.php/CheckData/CheckClassData
INFO: [ app_begin ] --START--
INFO: ReadHtmlCache Behavior ::run [ RunTime:0.000692s ]
INFO: [ app_begin ] --END-- [ RunTime:0.000821s ]
NOTIC: [2048] Declaration of CheckDataModel::Delete() should be compatible with Model::delete($options = Array) F:\wamp\www\jycheck\jycheck\Lib\Model\CheckDataModel.class.php 第 3 行.
SQL: SHOW COLUMNS FROM `check_data` [ RunTime:0.002934s ]
ERR: 1146:Table 'jycheck.check_data' doesn't exist
 [ SQL语句 ] : SHOW COLUMNS FROM `check_data`
SQL: SELECT record_uncome, DATE_FORMAT(record_time, '%m-%d') AS record_time FROM checkrecord WHERE record_class = '电子101班' ORDER BY record_time [ RunTime:0.001275s ]

