[ 2014-03-08T11:08:27+08:00 ] 127.0.0.1 /jycheck/index.php/Login/CheckLogin
INFO: [ app_begin ] --START--
INFO: ReadHtmlCache Behavior ::run [ RunTime:0.000561s ]
INFO: [ app_begin ] --END-- [ RunTime:0.000677s ]
SQL: SHOW COLUMNS FROM `admin` [ RunTime:0.051204s ]
SQL: SELECT * FROM `admin` WHERE ( `name` = 'admin' ) LIMIT 1   [ RunTime:0.013458s ]
SQL: UPDATE admin SET id = '1', last_login_ip = '127.0.0.1', last_login_time ='2014-03-08 11:08:27' [ RunTime:0.263025s ]
NOTIC: [2] mysql_num_rows() expects parameter 1 to be resource, boolean given F:\wamp\www\jycheck\include\Lib\Driver\Db\DbMysql.class.php 第 109 行.

[ 2014-03-08T11:14:31+08:00 ] 127.0.0.1 /jycheck/index.php/DataMessage/UserInfoShow
ERR: 无法加载模块:DataMessage

[ 2014-03-08T11:24:35+08:00 ] 127.0.0.1 /jycheck/index.php/CheckData/getCheckNumInfo
INFO: [ app_begin ] --START--
INFO: ReadHtmlCache Behavior ::run [ RunTime:0.000632s ]
INFO: [ app_begin ] --END-- [ RunTime:0.000744s ]
NOTIC: [2048] Declaration of CheckDataModel::Delete() should be compatible with Model::delete($options = Array) F:\wamp\www\jycheck\jycheck\Lib\Model\CheckDataModel.class.php 第 3 行.
SQL: SHOW COLUMNS FROM `check_data` [ RunTime:0.002163s ]
ERR: 1146:Table 'jycheck.check_data' doesn't exist
 [ SQL语句 ] : SHOW COLUMNS FROM `check_data`
SQL: SELECT record_come, record_uncome FROM checkrecord WHERE record_id = '19' [ RunTime:0.016129s ]

[ 2014-03-08T11:24:49+08:00 ] 127.0.0.1 /jycheck/index.php/DataMessage/UserInfoShow
ERR: 无法加载模块:DataMessage

[ 2014-03-08T11:25:03+08:00 ] 127.0.0.1 /jycheck/index.php/DataMessage/UserInfoShow
ERR: 无法加载模块:DataMessage

[ 2014-03-08T11:25:06+08:00 ] 127.0.0.1 /jycheck/index.php/CheckData/CheckClassData
INFO: [ app_begin ] --START--
INFO: ReadHtmlCache Behavior ::run [ RunTime:0.000620s ]
INFO: [ app_begin ] --END-- [ RunTime:0.000730s ]
NOTIC: [2048] Declaration of CheckDataModel::Delete() should be compatible with Model::delete($options = Array) F:\wamp\www\jycheck\jycheck\Lib\Model\CheckDataModel.class.php 第 3 行.
SQL: SHOW COLUMNS FROM `check_data` [ RunTime:0.003120s ]
ERR: 1146:Table 'jycheck.check_data' doesn't exist
 [ SQL语句 ] : SHOW COLUMNS FROM `check_data`
SQL: SELECT record_uncome, DATE_FORMAT(record_time, '%m-%d') AS record_time FROM checkrecord WHERE record_class = '电子101班' ORDER BY record_time [ RunTime:0.069402s ]

